[[1;34mINFO[m] Scanning for projects...
[[1;33mWARNING[m] 
[[1;33mWARNING[m] Some problems were encountered while building the effective model for com.aliyun.openservices.tablestore:Timeline:jar:2.0.0
[[1;33mWARNING[m] 'build.plugins.plugin.version' for org.apache.maven.plugins:maven-compiler-plugin is missing. @ line 12, column 21
[[1;33mWARNING[m] 
[[1;33mWARNING[m] It is highly recommended to fix these problems because they threaten the stability of your build.
[[1;33mWARNING[m] 
[[1;33mWARNING[m] For this reason, future Maven versions might no longer support building such malformed projects.
[[1;33mWARNING[m] 
[[1;34mINFO[m] 
[[1;34mINFO[m] [1m------------< [0;36mcom.aliyun.openservices.tablestore:Timeline[0;1m >-------------[m
[[1;34mINFO[m] [1mBuilding Timeline 2.0.0[m
[[1;34mINFO[m] [1m--------------------------------[ jar ]---------------------------------[m
[[1;34mINFO[m] 
[[1;34mINFO[m] [1m>>> [0;32mnondex-maven-plugin:1.1.2:nondex[m [1m(default-cli)[0;1m > [0;1mtest-compile[m @ [36mTimeline[0;1m >>>[m
Downloading from central: https://repo.maven.apache.org/maven2/com/aliyun/openservices/tablestore/4.11.2/tablestore-4.11.2.pom
Progress (1): 1.4/9.5 kBProgress (1): 2.7/9.5 kBProgress (1): 4.1/9.5 kBProgress (1): 5.5/9.5 kBProgress (1): 6.9/9.5 kBProgress (1): 8.2/9.5 kBProgress (1): 9.5 kB                        Downloaded from central: https://repo.maven.apache.org/maven2/com/aliyun/openservices/tablestore/4.11.2/tablestore-4.11.2.pom (9.5 kB at 23 kB/s)
Downloading from central: https://repo.maven.apache.org/maven2/org/apache/httpcomponents/httpasyncclient/4.0.2/httpasyncclient-4.0.2.pom
Progress (1): 1.4/5.3 kBProgress (1): 2.7/5.3 kBProgress (1): 4.1/5.3 kBProgress (1): 5.3 kB                        Downloaded from central: https://repo.maven.apache.org/maven2/org/apache/httpcomponents/httpasyncclient/4.0.2/httpasyncclient-4.0.2.pom (5.3 kB at 310 kB/s)
Downloading from central: https://repo.maven.apache.org/maven2/org/apache/httpcomponents/httpcomponents-asyncclient/4.0.2/httpcomponents-asyncclient-4.0.2.pom
Progress (1): 1.4/11 kBProgress (1): 2.7/11 kBProgress (1): 4.1/11 kBProgress (1): 5.5/11 kBProgress (1): 6.9/11 kBProgress (1): 8.2/11 kBProgress (1): 9.6/11 kBProgress (1): 11 kB                       Downloaded from central: https://repo.maven.apache.org/maven2/org/apache/httpcomponents/httpcomponents-asyncclient/4.0.2/httpcomponents-asyncclient-4.0.2.pom (11 kB at 453 kB/s)
Downloading from central: https://repo.maven.apache.org/maven2/org/apache/httpcomponents/httpcore-nio/4.3.2/httpcore-nio-4.3.2.pom
Progress (1): 1.4/4.9 kBProgress (1): 2.7/4.9 kBProgress (1): 4.1/4.9 kBProgress (1): 4.9 kB                        Downloaded from central: https://repo.maven.apache.org/maven2/org/apache/httpcomponents/httpcore-nio/4.3.2/httpcore-nio-4.3.2.pom (4.9 kB at 273 kB/s)
Downloading from central: https://repo.maven.apache.org/maven2/com/aliyun/openservices/tablestore/4.11.2/tablestore-4.11.2.jar
Downloading from central: https://repo.maven.apache.org/maven2/com/google/protobuf/protobuf-java/2.4.1/protobuf-java-2.4.1.jar
Downloading from central: https://repo.maven.apache.org/maven2/org/apache/httpcomponents/httpasyncclient/4.0.2/httpasyncclient-4.0.2.jar
Downloading from central: https://repo.maven.apache.org/maven2/org/apache/httpcomponents/httpcore-nio/4.3.2/httpcore-nio-4.3.2.jar
Progress (1): 1.4/450 kBProgress (1): 2.7/450 kBProgress (1): 4.1/450 kBProgress (1): 5.5/450 kBProgress (1): 6.9/450 kBProgress (1): 8.2/450 kBProgress (1): 9.6/450 kBProgress (1): 11/450 kB Progress (1): 12/450 kBProgress (1): 14/450 kBProgress (1): 15/450 kBProgress (1): 16/450 kBProgress (1): 18/450 kBProgress (1): 19/450 kBProgress (1): 21/450 kBProgress (1): 22/450 kBProgress (1): 23/450 kBProgress (1): 25/450 kBProgress (1): 26/450 kBProgress (2): 26/450 kB | 0/2.3 MBProgress (2): 26/450 kB | 0/2.3 MBProgress (2): 26/450 kB | 0/2.3 MBProgress (2): 26/450 kB | 0/2.3 MBProgress (2): 26/450 kB | 0/2.3 MBProgress (2): 26/450 kB | 0/2.3 MBProgress (2): 26/450 kB | 0/2.3 MBProgress (2): 26/450 kB | 0/2.3 MBProgress (2): 26/450 kB | 0/2.3 MBProgress (2): 26/450 kB | 0/2.3 MBProgress (2): 26/450 kB | 0/2.3 MBProgress (2): 26/450 kB | 0/2.3 MBProgress (2): 26/450 kB | 0/2.3 MBProgress (2): 26/450 kB | 0/2.3 MBProgress (2): 26/450 kB | 0/2.3 MBProgress (3): 26/450 kB | 0/2.3 MB | 1.4/158 kBProgress (3): 26/450 kB | 0/2.3 MB | 2.7/158 kBProgress (3): 26/450 kB | 0/2.3 MB | 4.1/158 kBProgress (3): 26/450 kB | 0/2.3 MB | 5.5/158 kBProgress (3): 26/450 kB | 0/2.3 MB | 6.9/158 kBProgress (3): 26/450 kB | 0/2.3 MB | 8.2/158 kBProgress (3): 26/450 kB | 0/2.3 MB | 9.6/158 kBProgress (3): 26/450 kB | 0/2.3 MB | 11/158 kB Progress (3): 26/450 kB | 0/2.3 MB | 12/158 kBProgress (3): 26/450 kB | 0/2.3 MB | 14/158 kBProgress (3): 26/450 kB | 0/2.3 MB | 15/158 kBProgress (3): 26/450 kB | 0/2.3 MB | 16/158 kBProgress (3): 26/450 kB | 0/2.3 MB | 16/158 kBProgress (3): 26/450 kB | 0/2.3 MB | 16/158 kBProgress (3): 27/450 kB | 0/2.3 MB | 16/158 kBProgress (3): 29/450 kB | 0/2.3 MB | 16/158 kBProgress (3): 30/450 kB | 0/2.3 MB | 16/158 kBProgress (3): 32/450 kB | 0/2.3 MB | 16/158 kBProgress (3): 33/450 kB | 0/2.3 MB | 16/158 kBProgress (3): 34/450 kB | 0/2.3 MB | 16/158 kBProgress (3): 36/450 kB | 0/2.3 MB | 16/158 kBProgress (3): 37/450 kB | 0/2.3 MB | 16/158 kBProgress (3): 37/450 kB | 0/2.3 MB | 16/158 kBProgress (3): 37/450 kB | 0/2.3 MB | 16/158 kBProgress (3): 37/450 kB | 0/2.3 MB | 16/158 kBProgress (3): 37/450 kB | 0/2.3 MB | 16/158 kBProgress (3): 37/450 kB | 0/2.3 MB | 16/158 kBProgress (3): 37/450 kB | 0/2.3 MB | 16/158 kBProgress (3): 37/450 kB | 0/2.3 MB | 16/158 kBProgress (3): 37/450 kB | 0/2.3 MB | 16/158 kBProgress (3): 37/450 kB | 0/2.3 MB | 16/158 kBProgress (3): 37/450 kB | 0/2.3 MB | 18/158 kBProgress (3): 37/450 kB | 0/2.3 MB | 19/158 kBProgress (3): 37/450 kB | 0/2.3 MB | 21/158 kBProgress (3): 37/450 kB | 0/2.3 MB | 22/158 kBProgress (3): 37/450 kB | 0/2.3 MB | 23/158 kBProgress (3): 37/450 kB | 0/2.3 MB | 25/158 kBProgress (3): 37/450 kB | 0/2.3 MB | 26/158 kBProgress (4): 37/450 kB | 0/2.3 MB | 26/158 kB | 1.4/317 kBProgress (4): 37/450 kB | 0/2.3 MB | 27/158 kB | 1.4/317 kBProgress (4): 37/450 kB | 0.1/2.3 MB | 27/158 kB | 1.4/317 kBProgress (4): 37/450 kB | 0.1/2.3 MB | 27/158 kB | 1.4/317 kBProgress (4): 37/450 kB | 0.1/2.3 MB | 27/158 kB | 1.4/317 kBProgress (4): 37/450 kB | 0.1/2.3 MB | 27/158 kB | 1.4/317 kBProgress (4): 37/450 kB | 0.1/2.3 MB | 27/158 kB | 1.4/317 kBProgress (4): 37/450 kB | 0.1/2.3 MB | 27/158 kB | 1.4/317 kBProgress (4): 37/450 kB | 0.1/2.3 MB | 27/158 kB | 1.4/317 kBProgress (4): 37/450 kB | 0.1/2.3 MB | 27/158 kB | 1.4/317 kBProgress (4): 38/450 kB | 0.1/2.3 MB | 27/158 kB | 1.4/317 kBProgress (4): 38/450 kB | 0.1/2.3 MB | 29/158 kB | 1.4/317 kBProgress (4): 38/450 kB | 0.1/2.3 MB | 29/158 kB | 2.7/317 kBProgress (4): 38/450 kB | 0.1/2.3 MB | 30/158 kB | 2.7/317 kBProgress (4): 40/450 kB | 0.1/2.3 MB | 30/158 kB | 2.7/317 kBProgress (4): 40/450 kB | 0.1/2.3 MB | 32/158 kB | 2.7/317 kBProgress (4): 40/450 kB | 0.1/2.3 MB | 32/158 kB | 4.1/317 kBProgress (4): 40/450 kB | 0.1/2.3 MB | 33/158 kB | 4.1/317 kBProgress (4): 41/450 kB | 0.1/2.3 MB | 33/158 kB | 4.1/317 kBProgress (4): 41/450 kB | 0.1/2.3 MB | 34/158 kB | 4.1/317 kBProgress (4): 41/450 kB | 0.1/2.3 MB | 34/158 kB | 5.5/317 kBProgress (4): 41/450 kB | 0.1/2.3 MB | 36/158 kB | 5.5/317 kBProgress (4): 43/450 kB | 0.1/2.3 MB | 36/158 kB | 5.5/317 kBProgress (4): 43/450 kB | 0.1/2.3 MB | 37/158 kB | 5.5/317 kBProgress (4): 43/450 kB | 0.1/2.3 MB | 37/158 kB | 6.9/317 kBProgress (4): 43/450 kB | 0.1/2.3 MB | 38/158 kB | 6.9/317 kBProgress (4): 44/450 kB | 0.1/2.3 MB | 38/158 kB | 6.9/317 kBProgress (4): 44/450 kB | 0.1/2.3 MB | 40/158 kB | 6.9/317 kBProgress (4): 44/450 kB | 0.1/2.3 MB | 41/158 kB | 6.9/317 kBProgress (4): 44/450 kB | 0.1/2.3 MB | 43/158 kB | 6.9/317 kBProgress (4): 44/450 kB | 0.1/2.3 MB | 44/158 kB | 6.9/317 kBProgress (4): 44/450 kB | 0.1/2.3 MB | 45/158 kB | 6.9/317 kBProgress (4): 44/450 kB | 0.1/2.3 MB | 47/158 kB | 6.9/317 kBProgress (4): 44/450 kB | 0.1/2.3 MB | 48/158 kB | 6.9/317 kBProgress (4): 44/450 kB | 0.1/2.3 MB | 49/158 kB | 6.9/317 kBProgress (4): 44/450 kB | 0.1/2.3 MB | 51/158 kB | 6.9/317 kBProgress (4): 44/450 kB | 0.1/2.3 MB | 52/158 kB | 6.9/317 kBProgress (4): 44/450 kB | 0.1/2.3 MB | 53/158 kB | 6.9/317 kBProgress (4): 44/450 kB | 0.1/2.3 MB | 55/158 kB | 6.9/317 kBProgress (4): 44/450 kB | 0.1/2.3 MB | 56/158 kB | 6.9/317 kBProgress (4): 44/450 kB | 0.1/2.3 MB | 56/158 kB | 6.9/317 kBProgress (4): 44/450 kB | 0.1/2.3 MB | 56/158 kB | 8.2/317 kBProgress (4): 44/450 kB | 0.1/2.3 MB | 56/158 kB | 9.6/317 kBProgress (4): 44/450 kB | 0.1/2.3 MB | 56/158 kB | 11/317 kB Progress (4): 44/450 kB | 0.1/2.3 MB | 56/158 kB | 12/317 kBProgress (4): 44/450 kB | 0.1/2.3 MB | 56/158 kB | 14/317 kBProgress (4): 44/450 kB | 0.1/2.3 MB | 56/158 kB | 15/317 kBProgress (4): 44/450 kB | 0.1/2.3 MB | 56/158 kB | 16/317 kBProgress (4): 44/450 kB | 0.1/2.3 MB | 56/158 kB | 18/317 kBProgress (4): 44/450 kB | 0.1/2.3 MB | 56/158 kB | 19/317 kBProgress (4): 44/450 kB | 0.1/2.3 MB | 56/158 kB | 21/317 kBProgress (4): 44/450 kB | 0.1/2.3 MB | 56/158 kB | 22/317 kBProgress (4): 44/450 kB | 0.1/2.3 MB | 56/158 kB | 23/317 kBProgress (4): 45/450 kB | 0.1/2.3 MB | 56/158 kB | 23/317 kBProgress (4): 47/450 kB | 0.1/2.3 MB | 56/158 kB | 23/317 kBProgress (4): 48/450 kB | 0.1/2.3 MB | 56/158 kB | 23/317 kBProgress (4): 49/450 kB | 0.1/2.3 MB | 56/158 kB | 23/317 kBProgress (4): 51/450 kB | 0.1/2.3 MB | 56/158 kB | 23/317 kBProgress (4): 52/450 kB | 0.1/2.3 MB | 56/158 kB | 23/317 kBProgress (4): 53/450 kB | 0.1/2.3 MB | 56/158 kB | 23/317 kBProgress (4): 55/450 kB | 0.1/2.3 MB | 56/158 kB | 23/317 kBProgress (4): 56/450 kB | 0.1/2.3 MB | 56/158 kB | 23/317 kBProgress (4): 58/450 kB | 0.1/2.3 MB | 56/158 kB | 23/317 kBProgress (4): 59/450 kB | 0.1/2.3 MB | 56/158 kB | 23/317 kBProgress (4): 60/450 kB | 0.1/2.3 MB | 56/158 kB | 23/317 kBProgress (4): 60/450 kB | 0.1/2.3 MB | 56/158 kB | 23/317 kBProgress (4): 60/450 kB | 0.1/2.3 MB | 56/158 kB | 23/317 kBProgress (4): 60/450 kB | 0.1/2.3 MB | 56/158 kB | 23/317 kBProgress (4): 60/450 kB | 0.1/2.3 MB | 56/158 kB | 23/317 kBProgress (4): 60/450 kB | 0.1/2.3 MB | 56/158 kB | 23/317 kBProgress (4): 60/450 kB | 0.1/2.3 MB | 56/158 kB | 23/317 kBProgress (4): 60/450 kB | 0.1/2.3 MB | 56/158 kB | 23/317 kBProgress (4): 60/450 kB | 0.1/2.3 MB | 56/158 kB | 23/317 kBProgress (4): 60/450 kB | 0.1/2.3 MB | 56/158 kB | 23/317 kBProgress (4): 60/450 kB | 0.1/2.3 MB | 56/158 kB | 23/317 kBProgress (4): 60/450 kB | 0.1/2.3 MB | 56/158 kB | 23/317 kBProgress (4): 62/450 kB | 0.1/2.3 MB | 56/158 kB | 23/317 kBProgress (4): 63/450 kB | 0.1/2.3 MB | 56/158 kB | 23/317 kBProgress (4): 64/450 kB | 0.1/2.3 MB | 56/158 kB | 23/317 kBProgress (4): 66/450 kB | 0.1/2.3 MB | 56/158 kB | 23/317 kBProgress (4): 70/450 kB | 0.1/2.3 MB | 56/158 kB | 23/317 kBProgress (4): 74/450 kB | 0.1/2.3 MB | 56/158 kB | 23/317 kBProgress (4): 78/450 kB | 0.1/2.3 MB | 56/158 kB | 23/317 kBProgress (4): 82/450 kB | 0.1/2.3 MB | 56/158 kB | 23/317 kBProgress (4): 86/450 kB | 0.1/2.3 MB | 56/158 kB | 23/317 kBProgress (4): 90/450 kB | 0.1/2.3 MB | 56/158 kB | 23/317 kBProgress (4): 94/450 kB | 0.1/2.3 MB | 56/158 kB | 23/317 kBProgress (4): 99/450 kB | 0.1/2.3 MB | 56/158 kB | 23/317 kBProgress (4): 103/450 kB | 0.1/2.3 MB | 56/158 kB | 23/317 kBProgress (4): 107/450 kB | 0.1/2.3 MB | 56/158 kB | 23/317 kBProgress (4): 111/450 kB | 0.1/2.3 MB | 56/158 kB | 23/317 kBProgress (4): 115/450 kB | 0.1/2.3 MB | 56/158 kB | 23/317 kBProgress (4): 115/450 kB | 0.1/2.3 MB | 58/158 kB | 23/317 kBProgress (4): 115/450 kB | 0.1/2.3 MB | 58/158 kB | 25/317 kBProgress (4): 115/450 kB | 0.1/2.3 MB | 58/158 kB | 26/317 kBProgress (4): 115/450 kB | 0.1/2.3 MB | 58/158 kB | 27/317 kBProgress (4): 115/450 kB | 0.1/2.3 MB | 58/158 kB | 29/317 kBProgress (4): 115/450 kB | 0.1/2.3 MB | 58/158 kB | 30/317 kBProgress (4): 115/450 kB | 0.1/2.3 MB | 58/158 kB | 32/317 kBProgress (4): 115/450 kB | 0.1/2.3 MB | 58/158 kB | 33/317 kBProgress (4): 115/450 kB | 0.1/2.3 MB | 58/158 kB | 34/317 kBProgress (4): 115/450 kB | 0.1/2.3 MB | 58/158 kB | 36/317 kBProgress (4): 115/450 kB | 0.1/2.3 MB | 58/158 kB | 37/317 kBProgress (4): 115/450 kB | 0.1/2.3 MB | 58/158 kB | 38/317 kBProgress (4): 115/450 kB | 0.1/2.3 MB | 58/158 kB | 40/317 kBProgress (4): 115/450 kB | 0.1/2.3 MB | 59/158 kB | 40/317 kBProgress (4): 115/450 kB | 0.1/2.3 MB | 60/158 kB | 40/317 kBProgress (4): 115/450 kB | 0.1/2.3 MB | 62/158 kB | 40/317 kBProgress (4): 115/450 kB | 0.1/2.3 MB | 63/158 kB | 40/317 kBProgress (4): 115/450 kB | 0.1/2.3 MB | 64/158 kB | 40/317 kBProgress (4): 115/450 kB | 0.1/2.3 MB | 66/158 kB | 40/317 kBProgress (4): 115/450 kB | 0.1/2.3 MB | 70/158 kB | 40/317 kBProgress (4): 115/450 kB | 0.1/2.3 MB | 74/158 kB | 40/317 kBProgress (4): 115/450 kB | 0.1/2.3 MB | 78/158 kB | 40/317 kBProgress (4): 115/450 kB | 0.1/2.3 MB | 82/158 kB | 40/317 kBProgress (4): 115/450 kB | 0.1/2.3 MB | 82/158 kB | 40/317 kBProgress (4): 115/450 kB | 0.1/2.3 MB | 82/158 kB | 40/317 kBProgress (4): 115/450 kB | 0.1/2.3 MB | 82/158 kB | 40/317 kBProgress (4): 115/450 kB | 0.1/2.3 MB | 82/158 kB | 40/317 kBProgress (4): 115/450 kB | 0.1/2.3 MB | 82/158 kB | 40/317 kBProgress (4): 115/450 kB | 0.2/2.3 MB | 82/158 kB | 40/317 kBProgress (4): 115/450 kB | 0.2/2.3 MB | 82/158 kB | 40/317 kBProgress (4): 115/450 kB | 0.2/2.3 MB | 82/158 kB | 40/317 kBProgress (4): 115/450 kB | 0.2/2.3 MB | 82/158 kB | 40/317 kBProgress (4): 115/450 kB | 0.2/2.3 MB | 82/158 kB | 40/317 kBProgress (4): 115/450 kB | 0.2/2.3 MB | 82/158 kB | 41/317 kBProgress (4): 115/450 kB | 0.2/2.3 MB | 82/158 kB | 43/317 kBProgress (4): 115/450 kB | 0.2/2.3 MB | 82/158 kB | 44/317 kBProgress (4): 115/450 kB | 0.2/2.3 MB | 82/158 kB | 45/317 kBProgress (4): 115/450 kB | 0.2/2.3 MB | 82/158 kB | 47/317 kBProgress (4): 115/450 kB | 0.2/2.3 MB | 82/158 kB | 48/317 kBProgress (4): 115/450 kB | 0.2/2.3 MB | 82/158 kB | 49/317 kBProgress (4): 115/450 kB | 0.2/2.3 MB | 82/158 kB | 51/317 kBProgress (4): 115/450 kB | 0.2/2.3 MB | 82/158 kB | 52/317 kBProgress (4): 115/450 kB | 0.2/2.3 MB | 82/158 kB | 53/317 kBProgress (4): 115/450 kB | 0.2/2.3 MB | 82/158 kB | 55/317 kBProgress (4): 115/450 kB | 0.2/2.3 MB | 82/158 kB | 56/317 kBProgress (4): 115/450 kB | 0.2/2.3 MB | 82/158 kB | 58/317 kBProgress (4): 115/450 kB | 0.2/2.3 MB | 82/158 kB | 59/317 kBProgress (4): 115/450 kB | 0.2/2.3 MB | 82/158 kB | 60/317 kBProgress (4): 115/450 kB | 0.2/2.3 MB | 82/158 kB | 62/317 kBProgress (4): 115/450 kB | 0.2/2.3 MB | 82/158 kB | 63/317 kBProgress (4): 115/450 kB | 0.2/2.3 MB | 82/158 kB | 64/317 kBProgress (4): 115/450 kB | 0.2/2.3 MB | 82/158 kB | 66/317 kBProgress (4): 115/450 kB | 0.2/2.3 MB | 82/158 kB | 70/317 kBProgress (4): 115/450 kB | 0.2/2.3 MB | 82/158 kB | 74/317 kBProgress (4): 115/450 kB | 0.2/2.3 MB | 82/158 kB | 78/317 kBProgress (4): 115/450 kB | 0.2/2.3 MB | 82/158 kB | 82/317 kBProgress (4): 115/450 kB | 0.2/2.3 MB | 82/158 kB | 86/317 kBProgress (4): 115/450 kB | 0.2/2.3 MB | 86/158 kB | 86/317 kBProgress (4): 115/450 kB | 0.2/2.3 MB | 90/158 kB | 86/317 kBProgress (4): 115/450 kB | 0.2/2.3 MB | 94/158 kB | 86/317 kBProgress (4): 115/450 kB | 0.2/2.3 MB | 99/158 kB | 86/317 kBProgress (4): 115/450 kB | 0.2/2.3 MB | 103/158 kB | 86/317 kBProgress (4): 115/450 kB | 0.2/2.3 MB | 103/158 kB | 86/317 kBProgress (4): 115/450 kB | 0.2/2.3 MB | 103/158 kB | 90/317 kBProgress (4): 119/450 kB | 0.2/2.3 MB | 103/158 kB | 90/317 kBProgress (4): 119/450 kB | 0.2/2.3 MB | 103/158 kB | 94/317 kBProgress (4): 119/450 kB | 0.2/2.3 MB | 103/158 kB | 94/317 kBProgress (4): 119/450 kB | 0.2/2.3 MB | 107/158 kB | 94/317 kBProgress (4): 119/450 kB | 0.2/2.3 MB | 111/158 kB | 94/317 kBProgress (4): 119/450 kB | 0.2/2.3 MB | 115/158 kB | 94/317 kBProgress (4): 119/450 kB | 0.2/2.3 MB | 119/158 kB | 94/317 kBProgress (4): 119/450 kB | 0.2/2.3 MB | 123/158 kB | 94/317 kBProgress (4): 119/450 kB | 0.2/2.3 MB | 127/158 kB | 94/317 kBProgress (4): 119/450 kB | 0.2/2.3 MB | 131/158 kB | 94/317 kBProgress (4): 119/450 kB | 0.2/2.3 MB | 135/158 kB | 94/317 kBProgress (4): 119/450 kB | 0.2/2.3 MB | 140/158 kB | 94/317 kBProgress (4): 119/450 kB | 0.2/2.3 MB | 144/158 kB | 94/317 kBProgress (4): 119/450 kB | 0.2/2.3 MB | 148/158 kB | 94/317 kBProgress (4): 119/450 kB | 0.2/2.3 MB | 152/158 kB | 94/317 kBProgress (4): 119/450 kB | 0.2/2.3 MB | 156/158 kB | 94/317 kBProgress (4): 119/450 kB | 0.2/2.3 MB | 158 kB | 94/317 kB    Progress (4): 119/450 kB | 0.2/2.3 MB | 158 kB | 99/317 kBProgress (4): 123/450 kB | 0.2/2.3 MB | 158 kB | 99/317 kBProgress (4): 127/450 kB | 0.2/2.3 MB | 158 kB | 99/317 kBProgress (4): 131/450 kB | 0.2/2.3 MB | 158 kB | 99/317 kBProgress (4): 135/450 kB | 0.2/2.3 MB | 158 kB | 99/317 kBProgress (4): 140/450 kB | 0.2/2.3 MB | 158 kB | 99/317 kBProgress (4): 144/450 kB | 0.2/2.3 MB | 158 kB | 99/317 kBProgress (4): 148/450 kB | 0.2/2.3 MB | 158 kB | 99/317 kBProgress (4): 152/450 kB | 0.2/2.3 MB | 158 kB | 99/317 kBProgress (4): 156/450 kB | 0.2/2.3 MB | 158 kB | 99/317 kBProgress (4): 160/450 kB | 0.2/2.3 MB | 158 kB | 99/317 kBProgress (4): 164/450 kB | 0.2/2.3 MB | 158 kB | 99/317 kBProgress (4): 168/450 kB | 0.2/2.3 MB | 158 kB | 99/317 kBProgress (4): 172/450 kB | 0.2/2.3 MB | 158 kB | 99/317 kBProgress (4): 176/450 kB | 0.2/2.3 MB | 158 kB | 99/317 kBProgress (4): 180/450 kB | 0.2/2.3 MB | 158 kB | 99/317 kBProgress (4): 185/450 kB | 0.2/2.3 MB | 158 kB | 99/317 kBProgress (4): 185/450 kB | 0.2/2.3 MB | 158 kB | 99/317 kBProgress (4): 185/450 kB | 0.2/2.3 MB | 158 kB | 99/317 kBProgress (4): 185/450 kB | 0.2/2.3 MB | 158 kB | 99/317 kBProgress (4): 185/450 kB | 0.2/2.3 MB | 158 kB | 99/317 kB                                                          Downloaded from central: https://repo.maven.apache.org/maven2/org/apache/httpcomponents/httpasyncclient/4.0.2/httpasyncclient-4.0.2.jar (158 kB at 968 kB/s)
Progress (3): 185/450 kB | 0.2/2.3 MB | 103/317 kBProgress (3): 185/450 kB | 0.2/2.3 MB | 107/317 kBProgress (3): 185/450 kB | 0.2/2.3 MB | 107/317 kBProgress (3): 185/450 kB | 0.2/2.3 MB | 111/317 kBProgress (3): 185/450 kB | 0.2/2.3 MB | 111/317 kBProgress (3): 185/450 kB | 0.2/2.3 MB | 115/317 kBProgress (3): 185/450 kB | 0.2/2.3 MB | 115/317 kBProgress (3): 185/450 kB | 0.2/2.3 MB | 115/317 kBProgress (3): 185/450 kB | 0.2/2.3 MB | 119/317 kBProgress (3): 185/450 kB | 0.2/2.3 MB | 123/317 kBProgress (3): 185/450 kB | 0.2/2.3 MB | 123/317 kBProgress (3): 185/450 kB | 0.2/2.3 MB | 127/317 kBProgress (3): 185/450 kB | 0.2/2.3 MB | 127/317 kBProgress (3): 185/450 kB | 0.2/2.3 MB | 131/317 kBProgress (3): 185/450 kB | 0.2/2.3 MB | 131/317 kBProgress (3): 185/450 kB | 0.2/2.3 MB | 131/317 kBProgress (3): 185/450 kB | 0.2/2.3 MB | 135/317 kBProgress (3): 185/450 kB | 0.2/2.3 MB | 140/317 kBProgress (3): 185/450 kB | 0.2/2.3 MB | 140/317 kBProgress (3): 185/450 kB | 0.2/2.3 MB | 144/317 kBProgress (3): 185/450 kB | 0.2/2.3 MB | 144/317 kBProgress (3): 185/450 kB | 0.2/2.3 MB | 148/317 kBProgress (3): 185/450 kB | 0.2/2.3 MB | 148/317 kBProgress (3): 185/450 kB | 0.2/2.3 MB | 148/317 kBProgress (3): 185/450 kB | 0.2/2.3 MB | 152/317 kBProgress (3): 185/450 kB | 0.2/2.3 MB | 156/317 kBProgress (3): 189/450 kB | 0.2/2.3 MB | 156/317 kBProgress (3): 193/450 kB | 0.2/2.3 MB | 156/317 kBProgress (3): 193/450 kB | 0.2/2.3 MB | 156/317 kBProgress (3): 197/450 kB | 0.2/2.3 MB | 156/317 kBProgress (3): 197/450 kB | 0.2/2.3 MB | 160/317 kBProgress (3): 197/450 kB | 0.2/2.3 MB | 164/317 kBProgress (3): 201/450 kB | 0.2/2.3 MB | 164/317 kBProgress (3): 201/450 kB | 0.2/2.3 MB | 168/317 kBProgress (3): 201/450 kB | 0.2/2.3 MB | 172/317 kBProgress (3): 201/450 kB | 0.2/2.3 MB | 176/317 kBProgress (3): 201/450 kB | 0.2/2.3 MB | 180/317 kBProgress (3): 201/450 kB | 0.2/2.3 MB | 185/317 kBProgress (3): 201/450 kB | 0.2/2.3 MB | 189/317 kBProgress (3): 201/450 kB | 0.2/2.3 MB | 193/317 kBProgress (3): 201/450 kB | 0.2/2.3 MB | 197/317 kBProgress (3): 201/450 kB | 0.2/2.3 MB | 201/317 kBProgress (3): 201/450 kB | 0.2/2.3 MB | 205/317 kBProgress (3): 201/450 kB | 0.2/2.3 MB | 209/317 kBProgress (3): 201/450 kB | 0.2/2.3 MB | 213/317 kBProgress (3): 201/450 kB | 0.2/2.3 MB | 217/317 kBProgress (3): 201/450 kB | 0.3/2.3 MB | 217/317 kBProgress (3): 205/450 kB | 0.3/2.3 MB | 217/317 kBProgress (3): 205/450 kB | 0.3/2.3 MB | 217/317 kBProgress (3): 209/450 kB | 0.3/2.3 MB | 217/317 kBProgress (3): 213/450 kB | 0.3/2.3 MB | 217/317 kBProgress (3): 213/450 kB | 0.3/2.3 MB | 217/317 kBProgress (3): 213/450 kB | 0.3/2.3 MB | 217/317 kBProgress (3): 217/450 kB | 0.3/2.3 MB | 217/317 kBProgress (3): 217/450 kB | 0.3/2.3 MB | 217/317 kBProgress (3): 221/450 kB | 0.3/2.3 MB | 217/317 kBProgress (3): 221/450 kB | 0.3/2.3 MB | 217/317 kBProgress (3): 226/450 kB | 0.3/2.3 MB | 217/317 kBProgress (3): 230/450 kB | 0.3/2.3 MB | 217/317 kBProgress (3): 230/450 kB | 0.3/2.3 MB | 217/317 kBProgress (3): 230/450 kB | 0.3/2.3 MB | 217/317 kBProgress (3): 234/450 kB | 0.3/2.3 MB | 217/317 kBProgress (3): 234/450 kB | 0.3/2.3 MB | 221/317 kBProgress (3): 234/450 kB | 0.3/2.3 MB | 226/317 kBProgress (3): 234/450 kB | 0.3/2.3 MB | 230/317 kBProgress (3): 234/450 kB | 0.3/2.3 MB | 234/317 kBProgress (3): 234/450 kB | 0.3/2.3 MB | 238/317 kBProgress (3): 234/450 kB | 0.3/2.3 MB | 242/317 kBProgress (3): 234/450 kB | 0.3/2.3 MB | 246/317 kBProgress (3): 234/450 kB | 0.3/2.3 MB | 250/317 kBProgress (3): 234/450 kB | 0.3/2.3 MB | 254/317 kBProgress (3): 234/450 kB | 0.3/2.3 MB | 258/317 kBProgress (3): 234/450 kB | 0.3/2.3 MB | 262/317 kBProgress (3): 234/450 kB | 0.3/2.3 MB | 267/317 kBProgress (3): 234/450 kB | 0.3/2.3 MB | 271/317 kBProgress (3): 234/450 kB | 0.3/2.3 MB | 275/317 kBProgress (3): 234/450 kB | 0.3/2.3 MB | 279/317 kBProgress (3): 234/450 kB | 0.3/2.3 MB | 283/317 kBProgress (3): 234/450 kB | 0.3/2.3 MB | 287/317 kBProgress (3): 234/450 kB | 0.3/2.3 MB | 287/317 kBProgress (3): 238/450 kB | 0.3/2.3 MB | 287/317 kBProgress (3): 238/450 kB | 0.3/2.3 MB | 287/317 kBProgress (3): 242/450 kB | 0.3/2.3 MB | 287/317 kBProgress (3): 246/450 kB | 0.3/2.3 MB | 287/317 kBProgress (3): 246/450 kB | 0.3/2.3 MB | 287/317 kBProgress (3): 246/450 kB | 0.3/2.3 MB | 287/317 kBProgress (3): 250/450 kB | 0.3/2.3 MB | 287/317 kBProgress (3): 254/450 kB | 0.3/2.3 MB | 287/317 kBProgress (3): 258/450 kB | 0.3/2.3 MB | 287/317 kBProgress (3): 262/450 kB | 0.3/2.3 MB | 287/317 kBProgress (3): 267/450 kB | 0.3/2.3 MB | 287/317 kBProgress (3): 271/450 kB | 0.3/2.3 MB | 287/317 kBProgress (3): 275/450 kB | 0.3/2.3 MB | 287/317 kBProgress (3): 279/450 kB | 0.3/2.3 MB | 287/317 kBProgress (3): 283/450 kB | 0.3/2.3 MB | 287/317 kBProgress (3): 287/450 kB | 0.3/2.3 MB | 287/317 kBProgress (3): 291/450 kB | 0.3/2.3 MB | 287/317 kBProgress (3): 291/450 kB | 0.3/2.3 MB | 287/317 kBProgress (3): 295/450 kB | 0.3/2.3 MB | 287/317 kBProgress (3): 295/450 kB | 0.3/2.3 MB | 287/317 kBProgress (3): 299/450 kB | 0.3/2.3 MB | 287/317 kBProgress (3): 299/450 kB | 0.3/2.3 MB | 287/317 kBProgress (3): 303/450 kB | 0.3/2.3 MB | 287/317 kBProgress (3): 303/450 kB | 0.3/2.3 MB | 287/317 kBProgress (3): 307/450 kB | 0.3/2.3 MB | 287/317 kBProgress (3): 307/450 kB | 0.3/2.3 MB | 287/317 kBProgress (3): 312/450 kB | 0.3/2.3 MB | 287/317 kBProgress (3): 312/450 kB | 0.3/2.3 MB | 287/317 kBProgress (3): 316/450 kB | 0.3/2.3 MB | 287/317 kBProgress (3): 320/450 kB | 0.3/2.3 MB | 287/317 kBProgress (3): 324/450 kB | 0.3/2.3 MB | 287/317 kBProgress (3): 328/450 kB | 0.3/2.3 MB | 287/317 kBProgress (3): 332/450 kB | 0.3/2.3 MB | 287/317 kBProgress (3): 336/450 kB | 0.3/2.3 MB | 287/317 kBProgress (3): 340/450 kB | 0.3/2.3 MB | 287/317 kBProgress (3): 340/450 kB | 0.3/2.3 MB | 291/317 kBProgress (3): 340/450 kB | 0.3/2.3 MB | 295/317 kBProgress (3): 340/450 kB | 0.3/2.3 MB | 299/317 kBProgress (3): 340/450 kB | 0.3/2.3 MB | 303/317 kBProgress (3): 340/450 kB | 0.3/2.3 MB | 307/317 kBProgress (3): 340/450 kB | 0.3/2.3 MB | 312/317 kBProgress (3): 340/450 kB | 0.3/2.3 MB | 316/317 kBProgress (3): 340/450 kB | 0.3/2.3 MB | 317 kB    Progress (3): 340/450 kB | 0.3/2.3 MB | 317 kBProgress (3): 340/450 kB | 0.3/2.3 MB | 317 kBProgress (3): 340/450 kB | 0.3/2.3 MB | 317 kBProgress (3): 340/450 kB | 0.3/2.3 MB | 317 kBProgress (3): 340/450 kB | 0.3/2.3 MB | 317 kBProgress (3): 340/450 kB | 0.3/2.3 MB | 317 kBProgress (3): 340/450 kB | 0.3/2.3 MB | 317 kBProgress (3): 340/450 kB | 0.4/2.3 MB | 317 kBProgress (3): 340/450 kB | 0.4/2.3 MB | 317 kBProgress (3): 340/450 kB | 0.4/2.3 MB | 317 kBProgress (3): 340/450 kB | 0.4/2.3 MB | 317 kBProgress (3): 340/450 kB | 0.4/2.3 MB | 317 kBProgress (3): 340/450 kB | 0.4/2.3 MB | 317 kBProgress (3): 340/450 kB | 0.4/2.3 MB | 317 kBProgress (3): 340/450 kB | 0.4/2.3 MB | 317 kBProgress (3): 340/450 kB | 0.4/2.3 MB | 317 kBProgress (3): 340/450 kB | 0.4/2.3 MB | 317 kBProgress (3): 340/450 kB | 0.4/2.3 MB | 317 kBProgress (3): 340/450 kB | 0.4/2.3 MB | 317 kBProgress (3): 340/450 kB | 0.4/2.3 MB | 317 kBProgress (3): 340/450 kB | 0.4/2.3 MB | 317 kBProgress (3): 340/450 kB | 0.4/2.3 MB | 317 kBProgress (3): 340/450 kB | 0.4/2.3 MB | 317 kBProgress (3): 340/450 kB | 0.4/2.3 MB | 317 kBProgress (3): 340/450 kB | 0.4/2.3 MB | 317 kBProgress (3): 340/450 kB | 0.4/2.3 MB | 317 kBProgress (3): 340/450 kB | 0.4/2.3 MB | 317 kBProgress (3): 340/450 kB | 0.4/2.3 MB | 317 kBProgress (3): 340/450 kB | 0.4/2.3 MB | 317 kBProgress (3): 340/450 kB | 0.4/2.3 MB | 317 kBProgress (3): 340/450 kB | 0.4/2.3 MB | 317 kBProgress (3): 340/450 kB | 0.5/2.3 MB | 317 kBProgress (3): 340/450 kB | 0.5/2.3 MB | 317 kB                                              Downloaded from central: https://repo.maven.apache.org/maven2/org/apache/httpcomponents/httpcore-nio/4.3.2/httpcore-nio-4.3.2.jar (317 kB at 1.4 MB/s)
Progress (2): 344/450 kB | 0.5/2.3 MBProgress (2): 348/450 kB | 0.5/2.3 MBProgress (2): 353/450 kB | 0.5/2.3 MBProgress (2): 357/450 kB | 0.5/2.3 MBProgress (2): 361/450 kB | 0.5/2.3 MBProgress (2): 365/450 kB | 0.5/2.3 MBProgress (2): 369/450 kB | 0.5/2.3 MBProgress (2): 373/450 kB | 0.5/2.3 MBProgress (2): 377/450 kB | 0.5/2.3 MBProgress (2): 381/450 kB | 0.5/2.3 MBProgress (2): 385/450 kB | 0.5/2.3 MBProgress (2): 389/450 kB | 0.5/2.3 MBProgress (2): 393/450 kB | 0.5/2.3 MBProgress (2): 398/450 kB | 0.5/2.3 MBProgress (2): 402/450 kB | 0.5/2.3 MBProgress (2): 406/450 kB | 0.5/2.3 MBProgress (2): 410/450 kB | 0.5/2.3 MBProgress (2): 410/450 kB | 0.5/2.3 MBProgress (2): 410/450 kB | 0.5/2.3 MBProgress (2): 410/450 kB | 0.5/2.3 MBProgress (2): 410/450 kB | 0.5/2.3 MBProgress (2): 410/450 kB | 0.5/2.3 MBProgress (2): 410/450 kB | 0.5/2.3 MBProgress (2): 410/450 kB | 0.5/2.3 MBProgress (2): 410/450 kB | 0.5/2.3 MBProgress (2): 410/450 kB | 0.5/2.3 MBProgress (2): 410/450 kB | 0.5/2.3 MBProgress (2): 410/450 kB | 0.5/2.3 MBProgress (2): 410/450 kB | 0.5/2.3 MBProgress (2): 410/450 kB | 0.5/2.3 MBProgress (2): 410/450 kB | 0.5/2.3 MBProgress (2): 410/450 kB | 0.5/2.3 MBProgress (2): 410/450 kB | 0.5/2.3 MBProgress (2): 410/450 kB | 0.5/2.3 MBProgress (2): 410/450 kB | 0.5/2.3 MBProgress (2): 410/450 kB | 0.5/2.3 MBProgress (2): 410/450 kB | 0.5/2.3 MBProgress (2): 410/450 kB | 0.5/2.3 MBProgress (2): 410/450 kB | 0.5/2.3 MBProgress (2): 410/450 kB | 0.5/2.3 MBProgress (2): 410/450 kB | 0.6/2.3 MBProgress (2): 410/450 kB | 0.6/2.3 MBProgress (2): 410/450 kB | 0.6/2.3 MBProgress (2): 410/450 kB | 0.6/2.3 MBProgress (2): 410/450 kB | 0.6/2.3 MBProgress (2): 410/450 kB | 0.6/2.3 MBProgress (2): 410/450 kB | 0.6/2.3 MBProgress (2): 414/450 kB | 0.6/2.3 MBProgress (2): 418/450 kB | 0.6/2.3 MBProgress (2): 422/450 kB | 0.6/2.3 MBProgress (2): 426/450 kB | 0.6/2.3 MBProgress (2): 430/450 kB | 0.6/2.3 MBProgress (2): 434/450 kB | 0.6/2.3 MBProgress (2): 439/450 kB | 0.6/2.3 MBProgress (2): 443/450 kB | 0.6/2.3 MBProgress (2): 447/450 kB | 0.6/2.3 MBProgress (2): 450 kB | 0.6/2.3 MB    Progress (2): 450 kB | 0.6/2.3 MBProgress (2): 450 kB | 0.6/2.3 MBProgress (2): 450 kB | 0.6/2.3 MBProgress (2): 450 kB | 0.6/2.3 MBProgress (2): 450 kB | 0.6/2.3 MBProgress (2): 450 kB | 0.6/2.3 MBProgress (2): 450 kB | 0.6/2.3 MBProgress (2): 450 kB | 0.6/2.3 MBProgress (2): 450 kB | 0.6/2.3 MB                                 Downloaded from central: https://repo.maven.apache.org/maven2/com/google/protobuf/protobuf-java/2.4.1/protobuf-java-2.4.1.jar (450 kB at 1.8 MB/s)
Progress (1): 0.6/2.3 MBProgress (1): 0.6/2.3 MBProgress (1): 0.6/2.3 MBProgress (1): 0.6/2.3 MBProgress (1): 0.6/2.3 MBProgress (1): 0.6/2.3 MBProgress (1): 0.6/2.3 MBProgress (1): 0.6/2.3 MBProgress (1): 0.7/2.3 MBProgress (1): 0.7/2.3 MBProgress (1): 0.7/2.3 MBProgress (1): 0.7/2.3 MBProgress (1): 0.7/2.3 MBProgress (1): 0.7/2.3 MBProgress (1): 0.7/2.3 MBProgress (1): 0.7/2.3 MBProgress (1): 0.7/2.3 MBProgress (1): 0.7/2.3 MBProgress (1): 0.7/2.3 MBProgress (1): 0.7/2.3 MBProgress (1): 0.7/2.3 MBProgress (1): 0.7/2.3 MBProgress (1): 0.7/2.3 MBProgress (1): 0.7/2.3 MBProgress (1): 0.7/2.3 MBProgress (1): 0.7/2.3 MBProgress (1): 0.7/2.3 MBProgress (1): 0.7/2.3 MBProgress (1): 0.7/2.3 MBProgress (1): 0.7/2.3 MBProgress (1): 0.7/2.3 MBProgress (1): 0.7/2.3 MBProgress (1): 0.7/2.3 MBProgress (1): 0.8/2.3 MBProgress (1): 0.8/2.3 MBProgress (1): 0.8/2.3 MBProgress (1): 0.8/2.3 MBProgress (1): 0.8/2.3 MBProgress (1): 0.8/2.3 MBProgress (1): 0.8/2.3 MBProgress (1): 0.8/2.3 MBProgress (1): 0.8/2.3 MBProgress (1): 0.8/2.3 MBProgress (1): 0.8/2.3 MBProgress (1): 0.8/2.3 MBProgress (1): 0.8/2.3 MBProgress (1): 0.8/2.3 MBProgress (1): 0.8/2.3 MBProgress (1): 0.8/2.3 MBProgress (1): 0.8/2.3 MBProgress (1): 0.8/2.3 MBProgress (1): 0.8/2.3 MBProgress (1): 0.8/2.3 MBProgress (1): 0.8/2.3 MBProgress (1): 0.8/2.3 MBProgress (1): 0.8/2.3 MBProgress (1): 0.8/2.3 MBProgress (1): 0.8/2.3 MBProgress (1): 0.9/2.3 MBProgress (1): 0.9/2.3 MBProgress (1): 0.9/2.3 MBProgress (1): 0.9/2.3 MBProgress (1): 0.9/2.3 MBProgress (1): 0.9/2.3 MBProgress (1): 0.9/2.3 MBProgress (1): 0.9/2.3 MBProgress (1): 0.9/2.3 MBProgress (1): 0.9/2.3 MBProgress (1): 0.9/2.3 MBProgress (1): 0.9/2.3 MBProgress (1): 0.9/2.3 MBProgress (1): 0.9/2.3 MBProgress (1): 0.9/2.3 MBProgress (1): 0.9/2.3 MBProgress (1): 0.9/2.3 MBProgress (1): 0.9/2.3 MBProgress (1): 0.9/2.3 MBProgress (1): 0.9/2.3 MBProgress (1): 0.9/2.3 MBProgress (1): 0.9/2.3 MBProgress (1): 0.9/2.3 MBProgress (1): 0.9/2.3 MBProgress (1): 0.9/2.3 MBProgress (1): 1.0/2.3 MBProgress (1): 1.0/2.3 MBProgress (1): 1.0/2.3 MBProgress (1): 1.0/2.3 MBProgress (1): 1.0/2.3 MBProgress (1): 1.0/2.3 MBProgress (1): 1.0/2.3 MBProgress (1): 1.0/2.3 MBProgress (1): 1.0/2.3 MBProgress (1): 1.0/2.3 MBProgress (1): 1.0/2.3 MBProgress (1): 1.0/2.3 MBProgress (1): 1.0/2.3 MBProgress (1): 1.0/2.3 MBProgress (1): 1.0/2.3 MBProgress (1): 1.0/2.3 MBProgress (1): 1.0/2.3 MBProgress (1): 1.0/2.3 MBProgress (1): 1.0/2.3 MBProgress (1): 1.0/2.3 MBProgress (1): 1.0/2.3 MBProgress (1): 1.0/2.3 MBProgress (1): 1.0/2.3 MBProgress (1): 1.0/2.3 MBProgress (1): 1.1/2.3 MBProgress (1): 1.1/2.3 MBProgress (1): 1.1/2.3 MBProgress (1): 1.1/2.3 MBProgress (1): 1.1/2.3 MBProgress (1): 1.1/2.3 MBProgress (1): 1.1/2.3 MBProgress (1): 1.1/2.3 MBProgress (1): 1.1/2.3 MBProgress (1): 1.1/2.3 MBProgress (1): 1.1/2.3 MBProgress (1): 1.1/2.3 MBProgress (1): 1.1/2.3 MBProgress (1): 1.1/2.3 MBProgress (1): 1.1/2.3 MBProgress (1): 1.1/2.3 MBProgress (1): 1.1/2.3 MBProgress (1): 1.1/2.3 MBProgress (1): 1.1/2.3 MBProgress (1): 1.1/2.3 MBProgress (1): 1.1/2.3 MBProgress (1): 1.1/2.3 MBProgress (1): 1.1/2.3 MBProgress (1): 1.1/2.3 MBProgress (1): 1.2/2.3 MBProgress (1): 1.2/2.3 MBProgress (1): 1.2/2.3 MBProgress (1): 1.2/2.3 MBProgress (1): 1.2/2.3 MBProgress (1): 1.2/2.3 MBProgress (1): 1.2/2.3 MBProgress (1): 1.2/2.3 MBProgress (1): 1.2/2.3 MBProgress (1): 1.2/2.3 MBProgress (1): 1.2/2.3 MBProgress (1): 1.2/2.3 MBProgress (1): 1.2/2.3 MBProgress (1): 1.2/2.3 MBProgress (1): 1.2/2.3 MBProgress (1): 1.2/2.3 MBProgress (1): 1.2/2.3 MBProgress (1): 1.2/2.3 MBProgress (1): 1.2/2.3 MBProgress (1): 1.2/2.3 MBProgress (1): 1.2/2.3 MBProgress (1): 1.2/2.3 MBProgress (1): 1.2/2.3 MBProgress (1): 1.2/2.3 MBProgress (1): 1.2/2.3 MBProgress (1): 1.3/2.3 MBProgress (1): 1.3/2.3 MBProgress (1): 1.3/2.3 MBProgress (1): 1.3/2.3 MBProgress (1): 1.3/2.3 MBProgress (1): 1.3/2.3 MBProgress (1): 1.3/2.3 MBProgress (1): 1.3/2.3 MBProgress (1): 1.3/2.3 MBProgress (1): 1.3/2.3 MBProgress (1): 1.3/2.3 MBProgress (1): 1.3/2.3 MBProgress (1): 1.3/2.3 MBProgress (1): 1.3/2.3 MBProgress (1): 1.3/2.3 MBProgress (1): 1.3/2.3 MBProgress (1): 1.3/2.3 MBProgress (1): 1.3/2.3 MBProgress (1): 1.3/2.3 MBProgress (1): 1.3/2.3 MBProgress (1): 1.3/2.3 MBProgress (1): 1.3/2.3 MBProgress (1): 1.3/2.3 MBProgress (1): 1.3/2.3 MBProgress (1): 1.3/2.3 MBProgress (1): 1.4/2.3 MBProgress (1): 1.4/2.3 MBProgress (1): 1.4/2.3 MBProgress (1): 1.4/2.3 MBProgress (1): 1.4/2.3 MBProgress (1): 1.4/2.3 MBProgress (1): 1.4/2.3 MBProgress (1): 1.4/2.3 MBProgress (1): 1.4/2.3 MBProgress (1): 1.4/2.3 MBProgress (1): 1.4/2.3 MBProgress (1): 1.4/2.3 MBProgress (1): 1.4/2.3 MBProgress (1): 1.4/2.3 MBProgress (1): 1.4/2.3 MBProgress (1): 1.4/2.3 MBProgress (1): 1.4/2.3 MBProgress (1): 1.4/2.3 MBProgress (1): 1.4/2.3 MBProgress (1): 1.4/2.3 MBProgress (1): 1.4/2.3 MBProgress (1): 1.4/2.3 MBProgress (1): 1.4/2.3 MBProgress (1): 1.4/2.3 MBProgress (1): 1.4/2.3 MBProgress (1): 1.5/2.3 MBProgress (1): 1.5/2.3 MBProgress (1): 1.5/2.3 MBProgress (1): 1.5/2.3 MBProgress (1): 1.5/2.3 MBProgress (1): 1.5/2.3 MBProgress (1): 1.5/2.3 MBProgress (1): 1.5/2.3 MBProgress (1): 1.5/2.3 MBProgress (1): 1.5/2.3 MBProgress (1): 1.5/2.3 MBProgress (1): 1.5/2.3 MBProgress (1): 1.5/2.3 MBProgress (1): 1.5/2.3 MBProgress (1): 1.5/2.3 MBProgress (1): 1.5/2.3 MBProgress (1): 1.5/2.3 MBProgress (1): 1.5/2.3 MBProgress (1): 1.5/2.3 MBProgress (1): 1.5/2.3 MBProgress (1): 1.5/2.3 MBProgress (1): 1.5/2.3 MBProgress (1): 1.5/2.3 MBProgress (1): 1.5/2.3 MBProgress (1): 1.6/2.3 MBProgress (1): 1.6/2.3 MBProgress (1): 1.6/2.3 MBProgress (1): 1.6/2.3 MBProgress (1): 1.6/2.3 MBProgress (1): 1.6/2.3 MBProgress (1): 1.6/2.3 MBProgress (1): 1.6/2.3 MBProgress (1): 1.6/2.3 MBProgress (1): 1.6/2.3 MBProgress (1): 1.6/2.3 MBProgress (1): 1.6/2.3 MBProgress (1): 1.6/2.3 MBProgress (1): 1.6/2.3 MBProgress (1): 1.6/2.3 MBProgress (1): 1.6/2.3 MBProgress (1): 1.6/2.3 MBProgress (1): 1.6/2.3 MBProgress (1): 1.6/2.3 MBProgress (1): 1.6/2.3 MBProgress (1): 1.6/2.3 MBProgress (1): 1.6/2.3 MBProgress (1): 1.6/2.3 MBProgress (1): 1.6/2.3 MBProgress (1): 1.6/2.3 MBProgress (1): 1.7/2.3 MBProgress (1): 1.7/2.3 MBProgress (1): 1.7/2.3 MBProgress (1): 1.7/2.3 MBProgress (1): 1.7/2.3 MBProgress (1): 1.7/2.3 MBProgress (1): 1.7/2.3 MBProgress (1): 1.7/2.3 MBProgress (1): 1.7/2.3 MBProgress (1): 1.7/2.3 MBProgress (1): 1.7/2.3 MBProgress (1): 1.7/2.3 MBProgress (1): 1.7/2.3 MBProgress (1): 1.7/2.3 MBProgress (1): 1.7/2.3 MBProgress (1): 1.7/2.3 MBProgress (1): 1.7/2.3 MBProgress (1): 1.7/2.3 MBProgress (1): 1.7/2.3 MBProgress (1): 1.7/2.3 MBProgress (1): 1.7/2.3 MBProgress (1): 1.7/2.3 MBProgress (1): 1.7/2.3 MBProgress (1): 1.7/2.3 MBProgress (1): 1.8/2.3 MBProgress (1): 1.8/2.3 MBProgress (1): 1.8/2.3 MBProgress (1): 1.8/2.3 MBProgress (1): 1.8/2.3 MBProgress (1): 1.8/2.3 MBProgress (1): 1.8/2.3 MBProgress (1): 1.8/2.3 MBProgress (1): 1.8/2.3 MBProgress (1): 1.8/2.3 MBProgress (1): 1.8/2.3 MBProgress (1): 1.8/2.3 MBProgress (1): 1.8/2.3 MBProgress (1): 1.8/2.3 MBProgress (1): 1.8/2.3 MBProgress (1): 1.8/2.3 MBProgress (1): 1.8/2.3 MBProgress (1): 1.8/2.3 MBProgress (1): 1.8/2.3 MBProgress (1): 1.8/2.3 MBProgress (1): 1.8/2.3 MBProgress (1): 1.8/2.3 MBProgress (1): 1.8/2.3 MBProgress (1): 1.8/2.3 MBProgress (1): 1.8/2.3 MBProgress (1): 1.9/2.3 MBProgress (1): 1.9/2.3 MBProgress (1): 1.9/2.3 MBProgress (1): 1.9/2.3 MBProgress (1): 1.9/2.3 MBProgress (1): 1.9/2.3 MBProgress (1): 1.9/2.3 MBProgress (1): 1.9/2.3 MBProgress (1): 1.9/2.3 MBProgress (1): 1.9/2.3 MBProgress (1): 1.9/2.3 MBProgress (1): 1.9/2.3 MBProgress (1): 1.9/2.3 MBProgress (1): 1.9/2.3 MBProgress (1): 1.9/2.3 MBProgress (1): 1.9/2.3 MBProgress (1): 1.9/2.3 MBProgress (1): 1.9/2.3 MBProgress (1): 1.9/2.3 MBProgress (1): 1.9/2.3 MBProgress (1): 1.9/2.3 MBProgress (1): 1.9/2.3 MBProgress (1): 1.9/2.3 MBProgress (1): 1.9/2.3 MBProgress (1): 1.9/2.3 MBProgress (1): 2.0/2.3 MBProgress (1): 2.0/2.3 MBProgress (1): 2.0/2.3 MBProgress (1): 2.0/2.3 MBProgress (1): 2.0/2.3 MBProgress (1): 2.0/2.3 MBProgress (1): 2.0/2.3 MBProgress (1): 2.0/2.3 MBProgress (1): 2.0/2.3 MBProgress (1): 2.0/2.3 MBProgress (1): 2.0/2.3 MBProgress (1): 2.0/2.3 MBProgress (1): 2.0/2.3 MBProgress (1): 2.0/2.3 MBProgress (1): 2.0/2.3 MBProgress (1): 2.0/2.3 MBProgress (1): 2.0/2.3 MBProgress (1): 2.0/2.3 MBProgress (1): 2.0/2.3 MBProgress (1): 2.0/2.3 MBProgress (1): 2.0/2.3 MBProgress (1): 2.0/2.3 MBProgress (1): 2.0/2.3 MBProgress (1): 2.0/2.3 MBProgress (1): 2.1/2.3 MBProgress (1): 2.1/2.3 MBProgress (1): 2.1/2.3 MBProgress (1): 2.1/2.3 MBProgress (1): 2.1/2.3 MBProgress (1): 2.1/2.3 MBProgress (1): 2.1/2.3 MBProgress (1): 2.1/2.3 MBProgress (1): 2.1/2.3 MBProgress (1): 2.1/2.3 MBProgress (1): 2.1/2.3 MBProgress (1): 2.1/2.3 MBProgress (1): 2.1/2.3 MBProgress (1): 2.1/2.3 MBProgress (1): 2.1/2.3 MBProgress (1): 2.1/2.3 MBProgress (1): 2.1/2.3 MBProgress (1): 2.1/2.3 MBProgress (1): 2.1/2.3 MBProgress (1): 2.1/2.3 MBProgress (1): 2.1/2.3 MBProgress (1): 2.1/2.3 MBProgress (1): 2.1/2.3 MBProgress (1): 2.1/2.3 MBProgress (1): 2.1/2.3 MBProgress (1): 2.2/2.3 MBProgress (1): 2.2/2.3 MBProgress (1): 2.2/2.3 MBProgress (1): 2.2/2.3 MBProgress (1): 2.2/2.3 MBProgress (1): 2.2/2.3 MBProgress (1): 2.2/2.3 MBProgress (1): 2.2/2.3 MBProgress (1): 2.2/2.3 MBProgress (1): 2.2/2.3 MBProgress (1): 2.2/2.3 MBProgress (1): 2.2/2.3 MBProgress (1): 2.2/2.3 MBProgress (1): 2.2/2.3 MBProgress (1): 2.2/2.3 MBProgress (1): 2.2/2.3 MBProgress (1): 2.2/2.3 MBProgress (1): 2.2/2.3 MBProgress (1): 2.2/2.3 MBProgress (1): 2.2/2.3 MBProgress (1): 2.2/2.3 MBProgress (1): 2.2/2.3 MBProgress (1): 2.2/2.3 MBProgress (1): 2.2/2.3 MBProgress (1): 2.3/2.3 MBProgress (1): 2.3/2.3 MBProgress (1): 2.3/2.3 MBProgress (1): 2.3/2.3 MBProgress (1): 2.3/2.3 MBProgress (1): 2.3/2.3 MBProgress (1): 2.3/2.3 MBProgress (1): 2.3/2.3 MBProgress (1): 2.3/2.3 MBProgress (1): 2.3/2.3 MBProgress (1): 2.3 MB                        Downloaded from central: https://repo.maven.apache.org/maven2/com/aliyun/openservices/tablestore/4.11.2/tablestore-4.11.2.jar (2.3 MB at 6.1 MB/s)
[[1;34mINFO[m] 
[[1;34mINFO[m] [1m--- [0;32mmaven-resources-plugin:2.6:resources[m [1m(default-resources)[m @ [36mTimeline[0;1m ---[m
[[1;33mWARNING[m] Using platform encoding (UTF-8 actually) to copy filtered resources, i.e. build is platform dependent!
[[1;34mINFO[m] skip non existing resourceDirectory /home/ch61/tablestore-timeline/src/main/resources
[[1;34mINFO[m] 
[[1;34mINFO[m] [1m--- [0;32mmaven-compiler-plugin:3.1:compile[m [1m(default-compile)[m @ [36mTimeline[0;1m ---[m
[[1;34mINFO[m] Changes detected - recompiling the module!
[[1;33mWARNING[m] File encoding has not been set, using platform encoding UTF-8, i.e. build is platform dependent!
[[1;34mINFO[m] Compiling 45 source files to /home/ch61/tablestore-timeline/target/classes
[[1;33mWARNING[m] /home/ch61/tablestore-timeline/src/main/java/com/alicloud/openservices/tablestore/timeline2/core/TimelineStoreImpl.java: /home/ch61/tablestore-timeline/src/main/java/com/alicloud/openservices/tablestore/timeline2/core/TimelineStoreImpl.java uses unchecked or unsafe operations.
[[1;33mWARNING[m] /home/ch61/tablestore-timeline/src/main/java/com/alicloud/openservices/tablestore/timeline2/core/TimelineStoreImpl.java: Recompile with -Xlint:unchecked for details.
[[1;34mINFO[m] 
[[1;34mINFO[m] [1m--- [0;32mmaven-resources-plugin:2.6:testResources[m [1m(default-testResources)[m @ [36mTimeline[0;1m ---[m
[[1;33mWARNING[m] Using platform encoding (UTF-8 actually) to copy filtered resources, i.e. build is platform dependent!
[[1;34mINFO[m] skip non existing resourceDirectory /home/ch61/tablestore-timeline/src/test/resources
[[1;34mINFO[m] 
[[1;34mINFO[m] [1m--- [0;32mmaven-compiler-plugin:3.1:testCompile[m [1m(default-testCompile)[m @ [36mTimeline[0;1m ---[m
[[1;34mINFO[m] Changes detected - recompiling the module!
[[1;33mWARNING[m] File encoding has not been set, using platform encoding UTF-8, i.e. build is platform dependent!
[[1;34mINFO[m] Compiling 41 source files to /home/ch61/tablestore-timeline/target/test-classes
[[1;34mINFO[m] 
[[1;34mINFO[m] [1m<<< [0;32mnondex-maven-plugin:1.1.2:nondex[m [1m(default-cli)[0;1m < [0;1mtest-compile[m @ [36mTimeline[0;1m <<<[m
[[1;34mINFO[m] 
[[1;34mINFO[m] 
[[1;34mINFO[m] [1m--- [0;32mnondex-maven-plugin:1.1.2:nondex[m [1m(default-cli)[m @ [36mTimeline[0;1m ---[m
INFO: The original argline is: 
INFO: Creating new argline for Surefire
CONFIG: nondexFilter=.*
nondexMode=FULL
nondexSeed=933178
nondexStart=0
nondexEnd=9223372036854775807
nondexPrintstack=false
nondexDir=/home/ch61/tablestore-timeline/.nondex
nondexJarDir=.nondex
nondexExecid=clean_VEkURTwX14dL9p1i309BAydXzfu1rcsUWDwqfa+X4R8=
nondexLogging=CONFIG
test=
Downloading from central: https://repo.maven.apache.org/maven2/org/apache/maven/surefire/maven-surefire-common/2.17/maven-surefire-common-2.17.pom
Downloaded from central: https://repo.maven.apache.org/maven2/org/apache/maven/surefire/maven-surefire-common/2.17/maven-surefire-common-2.17.pom (0 B at 0 B/s)
Downloading from central: https://repo.maven.apache.org/maven2/org/apache/maven/surefire/surefire-api/2.17/surefire-api-2.17.pom
Downloaded from central: https://repo.maven.apache.org/maven2/org/apache/maven/surefire/surefire-api/2.17/surefire-api-2.17.pom (0 B at 0 B/s)
Downloading from central: https://repo.maven.apache.org/maven2/org/apache/maven/surefire/surefire-booter/2.17/surefire-booter-2.17.pom
Downloaded from central: https://repo.maven.apache.org/maven2/org/apache/maven/surefire/surefire-booter/2.17/surefire-booter-2.17.pom (0 B at 0 B/s)
Downloading from central: https://repo.maven.apache.org/maven2/org/apache/maven/surefire/maven-surefire-common/2.17/maven-surefire-common-2.17.jar
Downloading from central: https://repo.maven.apache.org/maven2/org/apache/maven/surefire/surefire-booter/2.17/surefire-booter-2.17.jar
Downloading from central: https://repo.maven.apache.org/maven2/org/apache/maven/surefire/surefire-api/2.17/surefire-api-2.17.jar
Downloaded from central: https://repo.maven.apache.org/maven2/org/apache/maven/surefire/maven-surefire-common/2.17/maven-surefire-common-2.17.jar (0 B at 0 B/s)
Downloaded from central: https://repo.maven.apache.org/maven2/org/apache/maven/surefire/surefire-api/2.17/surefire-api-2.17.jar (0 B at 0 B/s)
Downloaded from central: https://repo.maven.apache.org/maven2/org/apache/maven/surefire/surefire-booter/2.17/surefire-booter-2.17.jar (0 B at 0 B/s)
[[1;34mINFO[m] Surefire report directory: /home/ch61/tablestore-timeline/.nondex/clean_VEkURTwX14dL9p1i309BAydXzfu1rcsUWDwqfa+X4R8=
Downloading from central: https://repo.maven.apache.org/maven2/org/apache/maven/surefire/surefire-junit4/2.17/surefire-junit4-2.17.pom
Downloaded from central: https://repo.maven.apache.org/maven2/org/apache/maven/surefire/surefire-junit4/2.17/surefire-junit4-2.17.pom (0 B at 0 B/s)
Downloading from central: https://repo.maven.apache.org/maven2/org/apache/maven/surefire/surefire-providers/2.17/surefire-providers-2.17.pom
Downloaded from central: https://repo.maven.apache.org/maven2/org/apache/maven/surefire/surefire-providers/2.17/surefire-providers-2.17.pom (0 B at 0 B/s)
Downloading from central: https://repo.maven.apache.org/maven2/org/apache/maven/surefire/surefire-junit4/2.17/surefire-junit4-2.17.jar
Downloaded from central: https://repo.maven.apache.org/maven2/org/apache/maven/surefire/surefire-junit4/2.17/surefire-junit4-2.17.jar (0 B at 0 B/s)

-------------------------------------------------------
 T E S T S
-------------------------------------------------------
Running com.alicloud.openservices.tablestore.timeline2.functionTest.TestTimelineV1
java.io.FileNotFoundException: /home/ch61/timelineConf.json (No such file or directory)
	at java.io.FileInputStream.open0(Native Method)
	at java.io.FileInputStream.open(FileInputStream.java:195)
	at java.io.FileInputStream.<init>(FileInputStream.java:138)
	at java.io.FileInputStream.<init>(FileInputStream.java:93)
	at java.io.FileReader.<init>(FileReader.java:58)
	at com.alicloud.openservices.tablestore.timeline2.common.Conf.newInstance(Conf.java:18)
	at com.alicloud.openservices.tablestore.timeline2.functionTest.TestTimelineV1.setUp(TestTimelineV1.java:49)
	at sun.reflect.NativeMethodAccessorImpl.invoke0(Native Method)
	at sun.reflect.NativeMethodAccessorImpl.invoke(NativeMethodAccessorImpl.java:62)
	at sun.reflect.DelegatingMethodAccessorImpl.invoke(DelegatingMethodAccessorImpl.java:43)
	at java.lang.reflect.Method.invoke(Method.java:498)
	at org.junit.runners.model.FrameworkMethod$1.runReflectiveCall(FrameworkMethod.java:45)
	at org.junit.internal.runners.model.ReflectiveCallable.run(ReflectiveCallable.java:15)
	at org.junit.runners.model.FrameworkMethod.invokeExplosively(FrameworkMethod.java:42)
	at org.junit.internal.runners.statements.RunBefores.evaluate(RunBefores.java:27)
	at org.junit.internal.runners.statements.RunAfters.evaluate(RunAfters.java:30)
	at org.junit.runners.ParentRunner.run(ParentRunner.java:300)
	at org.apache.maven.surefire.junit4.JUnit4Provider.execute(JUnit4Provider.java:264)
	at org.apache.maven.surefire.junit4.JUnit4Provider.executeTestSet(JUnit4Provider.java:153)
	at org.apache.maven.surefire.junit4.JUnit4Provider.invoke(JUnit4Provider.java:124)
	at org.apache.maven.surefire.booter.ForkedBooter.invokeProviderInSameClassLoader(ForkedBooter.java:200)
	at org.apache.maven.surefire.booter.ForkedBooter.runSuitesInProcess(ForkedBooter.java:153)
	at org.apache.maven.surefire.booter.ForkedBooter.main(ForkedBooter.java:103)
SLF4J: Failed to load class "org.slf4j.impl.StaticLoggerBinder".
SLF4J: Defaulting to no-operation (NOP) logger implementation
SLF4J: See http://www.slf4j.org/codes.html#StaticLoggerBinder for further details.
Tests run: 2, Failures: 0, Errors: 2, Skipped: 0, Time elapsed: 0.126 sec <<< FAILURE! - in com.alicloud.openservices.tablestore.timeline2.functionTest.TestTimelineV1
com.alicloud.openservices.tablestore.timeline2.functionTest.TestTimelineV1  Time elapsed: 0.125 sec  <<< ERROR!
com.alicloud.openservices.tablestore.core.auth.InvalidCredentialsException: Access key id should not be null or empty.
	at com.alicloud.openservices.tablestore.core.auth.DefaultCredentialProvider.checkCredentials(DefaultCredentialProvider.java:63)
	at com.alicloud.openservices.tablestore.core.auth.DefaultCredentialProvider.<init>(DefaultCredentialProvider.java:38)
	at com.alicloud.openservices.tablestore.core.auth.CredentialsProviderFactory.newDefaultCredentialProvider(CredentialsProviderFactory.java:56)
	at com.alicloud.openservices.tablestore.InternalClient.<init>(InternalClient.java:127)
	at com.alicloud.openservices.tablestore.AsyncClient.<init>(AsyncClient.java:105)
	at com.alicloud.openservices.tablestore.AsyncClient.<init>(AsyncClient.java:54)
	at com.alicloud.openservices.tablestore.timeline.store.DistributeTimelineStore.<init>(DistributeTimelineStore.java:40)
	at com.alicloud.openservices.tablestore.timeline2.functionTest.TestTimelineV1.initTimelineV1(TestTimelineV1.java:325)
	at com.alicloud.openservices.tablestore.timeline2.functionTest.TestTimelineV1.setUp(TestTimelineV1.java:58)

com.alicloud.openservices.tablestore.timeline2.functionTest.TestTimelineV1  Time elapsed: 0.126 sec  <<< ERROR!
java.lang.NullPointerException: null
	at com.alicloud.openservices.tablestore.timeline2.functionTest.TestTimelineV1.after(TestTimelineV1.java:67)

Running com.alicloud.openservices.tablestore.timeline2.functionTest.TestDropTable
Tests run: 1, Failures: 0, Errors: 1, Skipped: 0, Time elapsed: 0 sec <<< FAILURE! - in com.alicloud.openservices.tablestore.timeline2.functionTest.TestDropTable
com.alicloud.openservices.tablestore.timeline2.functionTest.TestDropTable  Time elapsed: 0 sec  <<< ERROR!
java.io.FileNotFoundException: /home/ch61/timelineConf.json (No such file or directory)
	at java.io.FileInputStream.open0(Native Method)
	at java.io.FileInputStream.open(FileInputStream.java:195)
	at java.io.FileInputStream.<init>(FileInputStream.java:138)
	at java.io.FileInputStream.<init>(FileInputStream.java:93)
	at java.io.FileReader.<init>(FileReader.java:58)
	at com.alicloud.openservices.tablestore.timeline2.common.Conf.newInstance(Conf.java:18)
	at com.alicloud.openservices.tablestore.timeline2.common.ServiceWrapper.init(ServiceWrapper.java:33)
	at com.alicloud.openservices.tablestore.timeline2.common.ServiceWrapper.<init>(ServiceWrapper.java:25)
	at com.alicloud.openservices.tablestore.timeline2.common.ServiceWrapper.newInstance(ServiceWrapper.java:29)
	at com.alicloud.openservices.tablestore.timeline2.functionTest.TestDropTable.setUp(TestDropTable.java:29)

Running com.alicloud.openservices.tablestore.timeline2.functionTest.TestExceptionOfService
Tests run: 1, Failures: 0, Errors: 1, Skipped: 0, Time elapsed: 0 sec <<< FAILURE! - in com.alicloud.openservices.tablestore.timeline2.functionTest.TestExceptionOfService
com.alicloud.openservices.tablestore.timeline2.functionTest.TestExceptionOfService  Time elapsed: 0 sec  <<< ERROR!
java.io.FileNotFoundException: /home/ch61/timelineConf.json (No such file or directory)
	at java.io.FileInputStream.open0(Native Method)
	at java.io.FileInputStream.open(FileInputStream.java:195)
	at java.io.FileInputStream.<init>(FileInputStream.java:138)
	at java.io.FileInputStream.<init>(FileInputStream.java:93)
	at java.io.FileReader.<init>(FileReader.java:58)
	at com.alicloud.openservices.tablestore.timeline2.common.Conf.newInstance(Conf.java:18)
	at com.alicloud.openservices.tablestore.timeline2.common.ServiceWrapper.init(ServiceWrapper.java:33)
	at com.alicloud.openservices.tablestore.timeline2.common.ServiceWrapper.<init>(ServiceWrapper.java:25)
	at com.alicloud.openservices.tablestore.timeline2.common.ServiceWrapper.newInstance(ServiceWrapper.java:29)
	at com.alicloud.openservices.tablestore.timeline2.functionTest.TestExceptionOfService.setUp(TestExceptionOfService.java:40)

Running com.alicloud.openservices.tablestore.timeline2.functionTest.TestSearchParameter
java.io.FileNotFoundException: /home/ch61/timelineConf.json (No such file or directory)
	at java.io.FileInputStream.open0(Native Method)
	at java.io.FileInputStream.open(FileInputStream.java:195)
	at java.io.FileInputStream.<init>(FileInputStream.java:138)
	at java.io.FileInputStream.<init>(FileInputStream.java:93)
	at java.io.FileReader.<init>(FileReader.java:58)
	at com.alicloud.openservices.tablestore.timeline2.common.Conf.newInstance(Conf.java:18)
	at com.alicloud.openservices.tablestore.timeline2.functionTest.TestSearchParameter.setUp(TestSearchParameter.java:51)
	at sun.reflect.NativeMethodAccessorImpl.invoke0(Native Method)
	at sun.reflect.NativeMethodAccessorImpl.invoke(NativeMethodAccessorImpl.java:62)
	at sun.reflect.DelegatingMethodAccessorImpl.invoke(DelegatingMethodAccessorImpl.java:43)
	at java.lang.reflect.Method.invoke(Method.java:498)
	at org.junit.runners.model.FrameworkMethod$1.runReflectiveCall(FrameworkMethod.java:45)
	at org.junit.internal.runners.model.ReflectiveCallable.run(ReflectiveCallable.java:15)
	at org.junit.runners.model.FrameworkMethod.invokeExplosively(FrameworkMethod.java:42)
	at org.junit.internal.runners.statements.RunBefores.evaluate(RunBefores.java:27)
	at org.junit.internal.runners.statements.RunAfters.evaluate(RunAfters.java:30)
	at org.junit.runners.ParentRunner.run(ParentRunner.java:300)
	at org.apache.maven.surefire.junit4.JUnit4Provider.execute(JUnit4Provider.java:264)
	at org.apache.maven.surefire.junit4.JUnit4Provider.executeTestSet(JUnit4Provider.java:153)
	at org.apache.maven.surefire.junit4.JUnit4Provider.invoke(JUnit4Provider.java:124)
	at org.apache.maven.surefire.booter.ForkedBooter.invokeProviderInSameClassLoader(ForkedBooter.java:200)
	at org.apache.maven.surefire.booter.ForkedBooter.runSuitesInProcess(ForkedBooter.java:153)
	at org.apache.maven.surefire.booter.ForkedBooter.main(ForkedBooter.java:103)
Tests run: 15, Failures: 0, Errors: 15, Skipped: 0, Time elapsed: 0.021 sec <<< FAILURE! - in com.alicloud.openservices.tablestore.timeline2.functionTest.TestSearchParameter
testMatchSearchMeta(com.alicloud.openservices.tablestore.timeline2.functionTest.TestSearchParameter)  Time elapsed: 0.001 sec  <<< ERROR!
java.lang.NullPointerException: null
	at com.alicloud.openservices.tablestore.timeline2.functionTest.TestSearchParameter.testMatchSearchMeta(TestSearchParameter.java:84)

testOrSearchMeta(com.alicloud.openservices.tablestore.timeline2.functionTest.TestSearchParameter)  Time elapsed: 0.002 sec  <<< ERROR!
java.lang.NullPointerException: null
	at com.alicloud.openservices.tablestore.timeline2.functionTest.TestSearchParameter.testOrSearchMeta(TestSearchParameter.java:196)

testMatchPhraseSearchMeta(com.alicloud.openservices.tablestore.timeline2.functionTest.TestSearchParameter)  Time elapsed: 0 sec  <<< ERROR!
java.lang.NullPointerException: null
	at com.alicloud.openservices.tablestore.timeline2.functionTest.TestSearchParameter.testMatchPhraseSearchMeta(TestSearchParameter.java:95)

testRangeSearchMeta(com.alicloud.openservices.tablestore.timeline2.functionTest.TestSearchParameter)  Time elapsed: 0 sec  <<< ERROR!
java.lang.NullPointerException: null
	at com.alicloud.openservices.tablestore.timeline2.functionTest.TestSearchParameter.testRangeSearchMeta(TestSearchParameter.java:106)

testBooleanSearchMeta(com.alicloud.openservices.tablestore.timeline2.functionTest.TestSearchParameter)  Time elapsed: 0 sec  <<< ERROR!
java.lang.NullPointerException: null
	at com.alicloud.openservices.tablestore.timeline2.functionTest.TestSearchParameter.testBooleanSearchMeta(TestSearchParameter.java:117)

testTermSearchMeta(com.alicloud.openservices.tablestore.timeline2.functionTest.TestSearchParameter)  Time elapsed: 0 sec  <<< ERROR!
java.lang.NullPointerException: null
	at com.alicloud.openservices.tablestore.timeline2.functionTest.TestSearchParameter.testTermSearchMeta(TestSearchParameter.java:128)

testTermsSearchMeta(com.alicloud.openservices.tablestore.timeline2.functionTest.TestSearchParameter)  Time elapsed: 0.001 sec  <<< ERROR!
java.lang.NullPointerException: null
	at com.alicloud.openservices.tablestore.timeline2.functionTest.TestSearchParameter.testTermsSearchMeta(TestSearchParameter.java:139)

testWildcardSearchMeta(com.alicloud.openservices.tablestore.timeline2.functionTest.TestSearchParameter)  Time elapsed: 0 sec  <<< ERROR!
java.lang.NullPointerException: null
	at com.alicloud.openservices.tablestore.timeline2.functionTest.TestSearchParameter.testWildcardSearchMeta(TestSearchParameter.java:150)

testPrefixSearchMeta(com.alicloud.openservices.tablestore.timeline2.functionTest.TestSearchParameter)  Time elapsed: 0 sec  <<< ERROR!
java.lang.NullPointerException: null
	at com.alicloud.openservices.tablestore.timeline2.functionTest.TestSearchParameter.testPrefixSearchMeta(TestSearchParameter.java:161)

testAndSearchMeta(com.alicloud.openservices.tablestore.timeline2.functionTest.TestSearchParameter)  Time elapsed: 0 sec  <<< ERROR!
java.lang.NullPointerException: null
	at com.alicloud.openservices.tablestore.timeline2.functionTest.TestSearchParameter.testAndSearchMeta(TestSearchParameter.java:178)

testNotSearchMeta(com.alicloud.openservices.tablestore.timeline2.functionTest.TestSearchParameter)  Time elapsed: 0.001 sec  <<< ERROR!
java.lang.NullPointerException: null
	at com.alicloud.openservices.tablestore.timeline2.functionTest.TestSearchParameter.testNotSearchMeta(TestSearchParameter.java:211)

testAndSearchTimeline(com.alicloud.openservices.tablestore.timeline2.functionTest.TestSearchParameter)  Time elapsed: 0 sec  <<< ERROR!
java.lang.NullPointerException: null
	at com.alicloud.openservices.tablestore.timeline2.functionTest.TestSearchParameter.testAndSearchTimeline(TestSearchParameter.java:228)

testOrSearchTimeline(com.alicloud.openservices.tablestore.timeline2.functionTest.TestSearchParameter)  Time elapsed: 0.001 sec  <<< ERROR!
java.lang.NullPointerException: null
	at com.alicloud.openservices.tablestore.timeline2.functionTest.TestSearchParameter.testOrSearchTimeline(TestSearchParameter.java:245)

testNotSearchTimeline(com.alicloud.openservices.tablestore.timeline2.functionTest.TestSearchParameter)  Time elapsed: 0 sec  <<< ERROR!
java.lang.NullPointerException: null
	at com.alicloud.openservices.tablestore.timeline2.functionTest.TestSearchParameter.testNotSearchTimeline(TestSearchParameter.java:262)

com.alicloud.openservices.tablestore.timeline2.functionTest.TestSearchParameter  Time elapsed: 0 sec  <<< ERROR!
java.lang.NullPointerException: null
	at com.alicloud.openservices.tablestore.timeline2.functionTest.TestSearchParameter.after(TestSearchParameter.java:70)

Running com.alicloud.openservices.tablestore.timeline2.functionTest.TestMetaService
Tests run: 2, Failures: 0, Errors: 2, Skipped: 0, Time elapsed: 0.01 sec <<< FAILURE! - in com.alicloud.openservices.tablestore.timeline2.functionTest.TestMetaService
com.alicloud.openservices.tablestore.timeline2.functionTest.TestMetaService  Time elapsed: 0.009 sec  <<< ERROR!
java.io.FileNotFoundException: /home/ch61/timelineConf.json (No such file or directory)
	at java.io.FileInputStream.open0(Native Method)
	at java.io.FileInputStream.open(FileInputStream.java:195)
	at java.io.FileInputStream.<init>(FileInputStream.java:138)
	at java.io.FileInputStream.<init>(FileInputStream.java:93)
	at java.io.FileReader.<init>(FileReader.java:58)
	at com.alicloud.openservices.tablestore.timeline2.common.Conf.newInstance(Conf.java:18)
	at com.alicloud.openservices.tablestore.timeline2.common.ServiceWrapper.init(ServiceWrapper.java:33)
	at com.alicloud.openservices.tablestore.timeline2.common.ServiceWrapper.<init>(ServiceWrapper.java:25)
	at com.alicloud.openservices.tablestore.timeline2.common.ServiceWrapper.newInstance(ServiceWrapper.java:29)
	at com.alicloud.openservices.tablestore.timeline2.functionTest.TestMetaService.setUp(TestMetaService.java:31)

com.alicloud.openservices.tablestore.timeline2.functionTest.TestMetaService  Time elapsed: 0.01 sec  <<< ERROR!
java.lang.NullPointerException: null
	at com.alicloud.openservices.tablestore.timeline2.functionTest.TestMetaService.after(TestMetaService.java:37)

Running com.alicloud.openservices.tablestore.timeline2.functionTest.TestServiceClose
Tests run: 2, Failures: 0, Errors: 2, Skipped: 0, Time elapsed: 0.001 sec <<< FAILURE! - in com.alicloud.openservices.tablestore.timeline2.functionTest.TestServiceClose
com.alicloud.openservices.tablestore.timeline2.functionTest.TestServiceClose  Time elapsed: 0.001 sec  <<< ERROR!
java.io.FileNotFoundException: /home/ch61/timelineConf.json (No such file or directory)
	at java.io.FileInputStream.open0(Native Method)
	at java.io.FileInputStream.open(FileInputStream.java:195)
	at java.io.FileInputStream.<init>(FileInputStream.java:138)
	at java.io.FileInputStream.<init>(FileInputStream.java:93)
	at java.io.FileReader.<init>(FileReader.java:58)
	at com.alicloud.openservices.tablestore.timeline2.common.Conf.newInstance(Conf.java:18)
	at com.alicloud.openservices.tablestore.timeline2.common.ServiceWrapper.init(ServiceWrapper.java:33)
	at com.alicloud.openservices.tablestore.timeline2.common.ServiceWrapper.<init>(ServiceWrapper.java:25)
	at com.alicloud.openservices.tablestore.timeline2.common.ServiceWrapper.newInstance(ServiceWrapper.java:29)
	at com.alicloud.openservices.tablestore.timeline2.functionTest.TestServiceClose.setUp(TestServiceClose.java:23)

com.alicloud.openservices.tablestore.timeline2.functionTest.TestServiceClose  Time elapsed: 0.001 sec  <<< ERROR!
java.lang.NullPointerException: null
	at com.alicloud.openservices.tablestore.timeline2.functionTest.TestServiceClose.after(TestServiceClose.java:51)

Running com.alicloud.openservices.tablestore.timeline2.functionTest.TestServiceFactory
Tests run: 2, Failures: 0, Errors: 2, Skipped: 0, Time elapsed: 0.001 sec <<< FAILURE! - in com.alicloud.openservices.tablestore.timeline2.functionTest.TestServiceFactory
com.alicloud.openservices.tablestore.timeline2.functionTest.TestServiceFactory  Time elapsed: 0 sec  <<< ERROR!
java.io.FileNotFoundException: /home/ch61/timelineConf.json (No such file or directory)
	at java.io.FileInputStream.open0(Native Method)
	at java.io.FileInputStream.open(FileInputStream.java:195)
	at java.io.FileInputStream.<init>(FileInputStream.java:138)
	at java.io.FileInputStream.<init>(FileInputStream.java:93)
	at java.io.FileReader.<init>(FileReader.java:58)
	at com.alicloud.openservices.tablestore.timeline2.common.Conf.newInstance(Conf.java:18)
	at com.alicloud.openservices.tablestore.timeline2.common.ServiceWrapper.init(ServiceWrapper.java:33)
	at com.alicloud.openservices.tablestore.timeline2.common.ServiceWrapper.<init>(ServiceWrapper.java:25)
	at com.alicloud.openservices.tablestore.timeline2.common.ServiceWrapper.newInstance(ServiceWrapper.java:29)
	at com.alicloud.openservices.tablestore.timeline2.functionTest.TestServiceFactory.setUp(TestServiceFactory.java:24)

com.alicloud.openservices.tablestore.timeline2.functionTest.TestServiceFactory  Time elapsed: 0.001 sec  <<< ERROR!
java.lang.NullPointerException: null
	at com.alicloud.openservices.tablestore.timeline2.functionTest.TestServiceFactory.after(TestServiceFactory.java:33)

Running com.alicloud.openservices.tablestore.timeline2.functionTest.TestExceptionDropTables
Tests run: 1, Failures: 0, Errors: 1, Skipped: 0, Time elapsed: 0.001 sec <<< FAILURE! - in com.alicloud.openservices.tablestore.timeline2.functionTest.TestExceptionDropTables
com.alicloud.openservices.tablestore.timeline2.functionTest.TestExceptionDropTables  Time elapsed: 0.001 sec  <<< ERROR!
java.io.FileNotFoundException: /home/ch61/timelineConf.json (No such file or directory)
	at java.io.FileInputStream.open0(Native Method)
	at java.io.FileInputStream.open(FileInputStream.java:195)
	at java.io.FileInputStream.<init>(FileInputStream.java:138)
	at java.io.FileInputStream.<init>(FileInputStream.java:93)
	at java.io.FileReader.<init>(FileReader.java:58)
	at com.alicloud.openservices.tablestore.timeline2.common.Conf.newInstance(Conf.java:18)
	at com.alicloud.openservices.tablestore.timeline2.common.ServiceWrapper.init(ServiceWrapper.java:33)
	at com.alicloud.openservices.tablestore.timeline2.common.ServiceWrapper.<init>(ServiceWrapper.java:25)
	at com.alicloud.openservices.tablestore.timeline2.common.ServiceWrapper.newInstance(ServiceWrapper.java:29)
	at com.alicloud.openservices.tablestore.timeline2.functionTest.TestExceptionDropTables.setUp(TestExceptionDropTables.java:26)

Running com.alicloud.openservices.tablestore.timeline2.functionTest.TestTimelineService
Tests run: 2, Failures: 0, Errors: 2, Skipped: 0, Time elapsed: 0.004 sec <<< FAILURE! - in com.alicloud.openservices.tablestore.timeline2.functionTest.TestTimelineService
com.alicloud.openservices.tablestore.timeline2.functionTest.TestTimelineService  Time elapsed: 0.004 sec  <<< ERROR!
java.io.FileNotFoundException: /home/ch61/timelineConf.json (No such file or directory)
	at java.io.FileInputStream.open0(Native Method)
	at java.io.FileInputStream.open(FileInputStream.java:195)
	at java.io.FileInputStream.<init>(FileInputStream.java:138)
	at java.io.FileInputStream.<init>(FileInputStream.java:93)
	at java.io.FileReader.<init>(FileReader.java:58)
	at com.alicloud.openservices.tablestore.timeline2.common.Conf.newInstance(Conf.java:18)
	at com.alicloud.openservices.tablestore.timeline2.common.ServiceWrapper.init(ServiceWrapper.java:33)
	at com.alicloud.openservices.tablestore.timeline2.common.ServiceWrapper.<init>(ServiceWrapper.java:25)
	at com.alicloud.openservices.tablestore.timeline2.common.ServiceWrapper.newInstance(ServiceWrapper.java:29)
	at com.alicloud.openservices.tablestore.timeline2.functionTest.TestTimelineService.setUp(TestTimelineService.java:31)

com.alicloud.openservices.tablestore.timeline2.functionTest.TestTimelineService  Time elapsed: 0.004 sec  <<< ERROR!
java.lang.NullPointerException: null
	at com.alicloud.openservices.tablestore.timeline2.functionTest.TestTimelineService.after(TestTimelineService.java:65)

Running com.alicloud.openservices.tablestore.timeline2.functionTest.TestExceptionOfServiceFactory
Tests run: 1, Failures: 0, Errors: 0, Skipped: 0, Time elapsed: 0.325 sec - in com.alicloud.openservices.tablestore.timeline2.functionTest.TestExceptionOfServiceFactory
Running com.alicloud.openservices.tablestore.timeline2.functionTest.TestTimeline
Tests run: 2, Failures: 0, Errors: 2, Skipped: 0, Time elapsed: 0.004 sec <<< FAILURE! - in com.alicloud.openservices.tablestore.timeline2.functionTest.TestTimeline
com.alicloud.openservices.tablestore.timeline2.functionTest.TestTimeline  Time elapsed: 0.004 sec  <<< ERROR!
java.io.FileNotFoundException: /home/ch61/timelineConf.json (No such file or directory)
	at java.io.FileInputStream.open0(Native Method)
	at java.io.FileInputStream.open(FileInputStream.java:195)
	at java.io.FileInputStream.<init>(FileInputStream.java:138)
	at java.io.FileInputStream.<init>(FileInputStream.java:93)
	at java.io.FileReader.<init>(FileReader.java:58)
	at com.alicloud.openservices.tablestore.timeline2.common.Conf.newInstance(Conf.java:18)
	at com.alicloud.openservices.tablestore.timeline2.common.ServiceWrapper.init(ServiceWrapper.java:33)
	at com.alicloud.openservices.tablestore.timeline2.common.ServiceWrapper.<init>(ServiceWrapper.java:25)
	at com.alicloud.openservices.tablestore.timeline2.common.ServiceWrapper.newInstance(ServiceWrapper.java:29)
	at com.alicloud.openservices.tablestore.timeline2.functionTest.TestTimeline.setUp(TestTimeline.java:29)

com.alicloud.openservices.tablestore.timeline2.functionTest.TestTimeline  Time elapsed: 0.004 sec  <<< ERROR!
java.lang.NullPointerException: null
	at com.alicloud.openservices.tablestore.timeline2.functionTest.TestTimeline.after(TestTimeline.java:54)

Running com.alicloud.openservices.tablestore.timeline2.functionTest.TestSearchQuery
java.io.FileNotFoundException: /home/ch61/timelineConf.json (No such file or directory)
	at java.io.FileInputStream.open0(Native Method)
	at java.io.FileInputStream.open(FileInputStream.java:195)
	at java.io.FileInputStream.<init>(FileInputStream.java:138)
	at java.io.FileInputStream.<init>(FileInputStream.java:93)
	at java.io.FileReader.<init>(FileReader.java:58)
	at com.alicloud.openservices.tablestore.timeline2.common.Conf.newInstance(Conf.java:18)
	at com.alicloud.openservices.tablestore.timeline2.functionTest.TestSearchQuery.setUp(TestSearchQuery.java:50)
	at sun.reflect.NativeMethodAccessorImpl.invoke0(Native Method)
	at sun.reflect.NativeMethodAccessorImpl.invoke(NativeMethodAccessorImpl.java:62)
	at sun.reflect.DelegatingMethodAccessorImpl.invoke(DelegatingMethodAccessorImpl.java:43)
	at java.lang.reflect.Method.invoke(Method.java:498)
	at org.junit.runners.model.FrameworkMethod$1.runReflectiveCall(FrameworkMethod.java:45)
	at org.junit.internal.runners.model.ReflectiveCallable.run(ReflectiveCallable.java:15)
	at org.junit.runners.model.FrameworkMethod.invokeExplosively(FrameworkMethod.java:42)
	at org.junit.internal.runners.statements.RunBefores.evaluate(RunBefores.java:27)
	at org.junit.internal.runners.statements.RunAfters.evaluate(RunAfters.java:30)
	at org.junit.runners.ParentRunner.run(ParentRunner.java:300)
	at org.apache.maven.surefire.junit4.JUnit4Provider.execute(JUnit4Provider.java:264)
	at org.apache.maven.surefire.junit4.JUnit4Provider.executeTestSet(JUnit4Provider.java:153)
	at org.apache.maven.surefire.junit4.JUnit4Provider.invoke(JUnit4Provider.java:124)
	at org.apache.maven.surefire.booter.ForkedBooter.invokeProviderInSameClassLoader(ForkedBooter.java:200)
	at org.apache.maven.surefire.booter.ForkedBooter.runSuitesInProcess(ForkedBooter.java:153)
	at org.apache.maven.surefire.booter.ForkedBooter.main(ForkedBooter.java:103)
Tests run: 15, Failures: 0, Errors: 15, Skipped: 0, Time elapsed: 0.013 sec <<< FAILURE! - in com.alicloud.openservices.tablestore.timeline2.functionTest.TestSearchQuery
testMatchSearchMeta(com.alicloud.openservices.tablestore.timeline2.functionTest.TestSearchQuery)  Time elapsed: 0 sec  <<< ERROR!
java.lang.NullPointerException: null
	at com.alicloud.openservices.tablestore.timeline2.functionTest.TestSearchQuery.testMatchSearchMeta(TestSearchQuery.java:87)

testOrSearchMeta(com.alicloud.openservices.tablestore.timeline2.functionTest.TestSearchQuery)  Time elapsed: 0 sec  <<< ERROR!
java.lang.NullPointerException: null
	at com.alicloud.openservices.tablestore.timeline2.functionTest.TestSearchQuery.testOrSearchMeta(TestSearchQuery.java:268)

testMatchPhraseSearchMeta(com.alicloud.openservices.tablestore.timeline2.functionTest.TestSearchQuery)  Time elapsed: 0 sec  <<< ERROR!
java.lang.NullPointerException: null
	at com.alicloud.openservices.tablestore.timeline2.functionTest.TestSearchQuery.testMatchPhraseSearchMeta(TestSearchQuery.java:104)

testRangeSearchMeta(com.alicloud.openservices.tablestore.timeline2.functionTest.TestSearchQuery)  Time elapsed: 0 sec  <<< ERROR!
java.lang.NullPointerException: null
	at com.alicloud.openservices.tablestore.timeline2.functionTest.TestSearchQuery.testRangeSearchMeta(TestSearchQuery.java:120)

testBooleanSearchMeta(com.alicloud.openservices.tablestore.timeline2.functionTest.TestSearchQuery)  Time elapsed: 0 sec  <<< ERROR!
java.lang.NullPointerException: null
	at com.alicloud.openservices.tablestore.timeline2.functionTest.TestSearchQuery.testBooleanSearchMeta(TestSearchQuery.java:135)

testTermSearchMeta(com.alicloud.openservices.tablestore.timeline2.functionTest.TestSearchQuery)  Time elapsed: 0 sec  <<< ERROR!
java.lang.NullPointerException: null
	at com.alicloud.openservices.tablestore.timeline2.functionTest.TestSearchQuery.testTermSearchMeta(TestSearchQuery.java:150)

testTermsSearchMeta(com.alicloud.openservices.tablestore.timeline2.functionTest.TestSearchQuery)  Time elapsed: 0 sec  <<< ERROR!
java.lang.NullPointerException: null
	at com.alicloud.openservices.tablestore.timeline2.functionTest.TestSearchQuery.testTermsSearchMeta(TestSearchQuery.java:165)

testWildcardSearchMeta(com.alicloud.openservices.tablestore.timeline2.functionTest.TestSearchQuery)  Time elapsed: 0 sec  <<< ERROR!
java.lang.NullPointerException: null
	at com.alicloud.openservices.tablestore.timeline2.functionTest.TestSearchQuery.testWildcardSearchMeta(TestSearchQuery.java:180)

testPrefixSearchMeta(com.alicloud.openservices.tablestore.timeline2.functionTest.TestSearchQuery)  Time elapsed: 0 sec  <<< ERROR!
java.lang.NullPointerException: null
	at com.alicloud.openservices.tablestore.timeline2.functionTest.TestSearchQuery.testPrefixSearchMeta(TestSearchQuery.java:195)

testAndSearchMeta(com.alicloud.openservices.tablestore.timeline2.functionTest.TestSearchQuery)  Time elapsed: 0.001 sec  <<< ERROR!
java.lang.NullPointerException: null
	at com.alicloud.openservices.tablestore.timeline2.functionTest.TestSearchQuery.testAndSearchMeta(TestSearchQuery.java:234)

testNotSearchMeta(com.alicloud.openservices.tablestore.timeline2.functionTest.TestSearchQuery)  Time elapsed: 0 sec  <<< ERROR!
java.lang.NullPointerException: null
	at com.alicloud.openservices.tablestore.timeline2.functionTest.TestSearchQuery.testNotSearchMeta(TestSearchQuery.java:299)

testAndSearchTimeline(com.alicloud.openservices.tablestore.timeline2.functionTest.TestSearchQuery)  Time elapsed: 0.004 sec  <<< ERROR!
java.lang.NullPointerException: null
	at com.alicloud.openservices.tablestore.timeline2.functionTest.TestSearchQuery.testAndSearchTimeline(TestSearchQuery.java:334)

testOrSearchTimeline(com.alicloud.openservices.tablestore.timeline2.functionTest.TestSearchQuery)  Time elapsed: 0 sec  <<< ERROR!
java.lang.NullPointerException: null
	at com.alicloud.openservices.tablestore.timeline2.functionTest.TestSearchQuery.testOrSearchTimeline(TestSearchQuery.java:368)

testNotSearchTimeline(com.alicloud.openservices.tablestore.timeline2.functionTest.TestSearchQuery)  Time elapsed: 0 sec  <<< ERROR!
java.lang.NullPointerException: null
	at com.alicloud.openservices.tablestore.timeline2.functionTest.TestSearchQuery.testNotSearchTimeline(TestSearchQuery.java:398)

com.alicloud.openservices.tablestore.timeline2.functionTest.TestSearchQuery  Time elapsed: 0.001 sec  <<< ERROR!
java.lang.NullPointerException: null
	at com.alicloud.openservices.tablestore.timeline2.functionTest.TestSearchQuery.after(TestSearchQuery.java:68)

Running com.alicloud.openservices.tablestore.timeline2.model.TestTimelineMetaSchema
Tests run: 1, Failures: 0, Errors: 0, Skipped: 0, Time elapsed: 0.001 sec - in com.alicloud.openservices.tablestore.timeline2.model.TestTimelineMetaSchema
Running com.alicloud.openservices.tablestore.timeline2.model.TestTimelineMeta
Tests run: 2, Failures: 0, Errors: 0, Skipped: 0, Time elapsed: 0.046 sec - in com.alicloud.openservices.tablestore.timeline2.model.TestTimelineMeta
Running com.alicloud.openservices.tablestore.timeline2.model.TestTimelineIdentifier
Tests run: 1, Failures: 0, Errors: 0, Skipped: 0, Time elapsed: 0.001 sec - in com.alicloud.openservices.tablestore.timeline2.model.TestTimelineIdentifier
Running com.alicloud.openservices.tablestore.timeline2.model.TestTimelineSchema
Tests run: 1, Failures: 0, Errors: 0, Skipped: 0, Time elapsed: 0 sec - in com.alicloud.openservices.tablestore.timeline2.model.TestTimelineSchema
Running com.alicloud.openservices.tablestore.timeline2.model.TestTimelineMessage
Tests run: 2, Failures: 0, Errors: 0, Skipped: 0, Time elapsed: 0.004 sec - in com.alicloud.openservices.tablestore.timeline2.model.TestTimelineMessage
Running com.alicloud.openservices.tablestore.timeline2.model.TestTimelineEntry
Tests run: 1, Failures: 0, Errors: 0, Skipped: 0, Time elapsed: 0.002 sec - in com.alicloud.openservices.tablestore.timeline2.model.TestTimelineEntry
Running com.alicloud.openservices.tablestore.timeline2.model.TestIdentifierSchema
Tests run: 1, Failures: 0, Errors: 0, Skipped: 0, Time elapsed: 0 sec - in com.alicloud.openservices.tablestore.timeline2.model.TestIdentifierSchema
Running com.alicloud.openservices.tablestore.timeline2.utils.TestUtils
Tests run: 10, Failures: 0, Errors: 0, Skipped: 0, Time elapsed: 0.005 sec - in com.alicloud.openservices.tablestore.timeline2.utils.TestUtils
Running com.alicloud.openservices.tablestore.timeline2.utils.TestTimelineException
Tests run: 1, Failures: 0, Errors: 0, Skipped: 0, Time elapsed: 0.004 sec - in com.alicloud.openservices.tablestore.timeline2.utils.TestTimelineException
Running com.alicloud.openservices.tablestore.timeline2.utils.TestPreconditions
Tests run: 4, Failures: 0, Errors: 0, Skipped: 0, Time elapsed: 0 sec - in com.alicloud.openservices.tablestore.timeline2.utils.TestPreconditions
Running com.alicloud.openservices.tablestore.timeline2.query.TestField
Tests run: 11, Failures: 0, Errors: 0, Skipped: 0, Time elapsed: 0.002 sec - in com.alicloud.openservices.tablestore.timeline2.query.TestField
Running com.alicloud.openservices.tablestore.timeline2.query.TestFieldCondition
Tests run: 1, Failures: 0, Errors: 0, Skipped: 0, Time elapsed: 0 sec - in com.alicloud.openservices.tablestore.timeline2.query.TestFieldCondition
Running com.alicloud.openservices.tablestore.timeline2.query.TestScanParameter
Tests run: 2, Failures: 0, Errors: 0, Skipped: 0, Time elapsed: 0.001 sec - in com.alicloud.openservices.tablestore.timeline2.query.TestScanParameter

Results :

Tests in error: 
  TestTimelineV1.setUp:58->initTimelineV1:325 » InvalidCredentials Access key id...
  TestTimelineV1.after:67 NullPointer
  TestDropTable.setUp:29 » FileNotFound /home/ch61/timelineConf.json (No such fi...
  TestExceptionOfService.setUp:40 » FileNotFound /home/ch61/timelineConf.json (N...
  TestSearchParameter.testMatchSearchMeta:84 NullPointer
  TestSearchParameter.testOrSearchMeta:196 NullPointer
  TestSearchParameter.testMatchPhraseSearchMeta:95 NullPointer
  TestSearchParameter.testRangeSearchMeta:106 NullPointer
  TestSearchParameter.testBooleanSearchMeta:117 NullPointer
  TestSearchParameter.testTermSearchMeta:128 NullPointer
  TestSearchParameter.testTermsSearchMeta:139 NullPointer
  TestSearchParameter.testWildcardSearchMeta:150 NullPointer
  TestSearchParameter.testPrefixSearchMeta:161 NullPointer
  TestSearchParameter.testAndSearchMeta:178 NullPointer
  TestSearchParameter.testNotSearchMeta:211 NullPointer
  TestSearchParameter.testAndSearchTimeline:228 NullPointer
  TestSearchParameter.testOrSearchTimeline:245 NullPointer
  TestSearchParameter.testNotSearchTimeline:262 NullPointer
  TestSearchParameter.after:70 NullPointer
  TestMetaService.setUp:31 » FileNotFound /home/ch61/timelineConf.json (No such ...
  TestMetaService.after:37 NullPointer
  TestServiceClose.setUp:23 » FileNotFound /home/ch61/timelineConf.json (No such...
  TestServiceClose.after:51 NullPointer
  TestServiceFactory.setUp:24 » FileNotFound /home/ch61/timelineConf.json (No su...
  TestServiceFactory.after:33 NullPointer
  TestExceptionDropTables.setUp:26 » FileNotFound /home/ch61/timelineConf.json (...
  TestTimelineService.setUp:31 » FileNotFound /home/ch61/timelineConf.json (No s...
  TestTimelineService.after:65 NullPointer
  TestTimeline.setUp:29 » FileNotFound /home/ch61/timelineConf.json (No such fil...
  TestTimeline.after:54 NullPointer
  TestSearchQuery.testMatchSearchMeta:87 NullPointer
  TestSearchQuery.testOrSearchMeta:268 NullPointer
  TestSearchQuery.testMatchPhraseSearchMeta:104 NullPointer
  TestSearchQuery.testRangeSearchMeta:120 NullPointer
  TestSearchQuery.testBooleanSearchMeta:135 NullPointer
  TestSearchQuery.testTermSearchMeta:150 NullPointer
  TestSearchQuery.testTermsSearchMeta:165 NullPointer
  TestSearchQuery.testWildcardSearchMeta:180 NullPointer
  TestSearchQuery.testPrefixSearchMeta:195 NullPointer
  TestSearchQuery.testAndSearchMeta:234 NullPointer
  TestSearchQuery.testNotSearchMeta:299 NullPointer
  TestSearchQuery.testAndSearchTimeline:334 NullPointer
  TestSearchQuery.testOrSearchTimeline:368 NullPointer
  TestSearchQuery.testNotSearchTimeline:398 NullPointer
  TestSearchQuery.after:68 NullPointer

Tests run: 84, Failures: 0, Errors: 45, Skipped: 0

INFO: Surefire failed when running tests for clean_VEkURTwX14dL9p1i309BAydXzfu1rcsUWDwqfa+X4R8=
INFO: Adding excluded groups to newly created one
INFO: Creating new argline for Surefire
CONFIG: nondexFilter=.*
nondexMode=FULL
nondexSeed=933178
nondexStart=0
nondexEnd=9223372036854775807
nondexPrintstack=false
nondexDir=/home/ch61/tablestore-timeline/.nondex
nondexJarDir=/home/ch61/tablestore-timeline/.nondex
nondexExecid=cjYTXVXdPTmtvC9I3uCXm4OZY1mnRluFjWX3bjl8o+c=
nondexLogging=CONFIG
test=
[[1;34mINFO[m] Surefire report directory: /home/ch61/tablestore-timeline/.nondex/cjYTXVXdPTmtvC9I3uCXm4OZY1mnRluFjWX3bjl8o+c=
[[1;34mINFO[m] parallel='none', perCoreThreadCount=true, threadCount=0, useUnlimitedThreads=false, threadCountSuites=0, threadCountClasses=0, threadCountMethods=0, parallelOptimized=true
Downloading from central: https://repo.maven.apache.org/maven2/org/apache/maven/surefire/surefire-junit47/2.17/surefire-junit47-2.17.pom
Downloaded from central: https://repo.maven.apache.org/maven2/org/apache/maven/surefire/surefire-junit47/2.17/surefire-junit47-2.17.pom (0 B at 0 B/s)
Downloading from central: https://repo.maven.apache.org/maven2/org/apache/maven/surefire/common-junit48/2.17/common-junit48-2.17.pom
Downloaded from central: https://repo.maven.apache.org/maven2/org/apache/maven/surefire/common-junit48/2.17/common-junit48-2.17.pom (0 B at 0 B/s)
Downloading from central: https://repo.maven.apache.org/maven2/org/apache/maven/surefire/common-junit4/2.17/common-junit4-2.17.pom
Downloaded from central: https://repo.maven.apache.org/maven2/org/apache/maven/surefire/common-junit4/2.17/common-junit4-2.17.pom (0 B at 0 B/s)
Downloading from central: https://repo.maven.apache.org/maven2/org/apache/maven/surefire/common-junit3/2.17/common-junit3-2.17.pom
Downloaded from central: https://repo.maven.apache.org/maven2/org/apache/maven/surefire/common-junit3/2.17/common-junit3-2.17.pom (0 B at 0 B/s)
Downloading from central: https://repo.maven.apache.org/maven2/org/apache/maven/surefire/common-java5/2.17/common-java5-2.17.pom
Downloaded from central: https://repo.maven.apache.org/maven2/org/apache/maven/surefire/common-java5/2.17/common-java5-2.17.pom (0 B at 0 B/s)
Downloading from central: https://repo.maven.apache.org/maven2/org/apache/maven/surefire/surefire-grouper/2.17/surefire-grouper-2.17.pom
Downloaded from central: https://repo.maven.apache.org/maven2/org/apache/maven/surefire/surefire-grouper/2.17/surefire-grouper-2.17.pom (0 B at 0 B/s)
Downloading from central: https://repo.maven.apache.org/maven2/org/apache/maven/surefire/common-junit48/2.17/common-junit48-2.17.jar
Downloading from central: https://repo.maven.apache.org/maven2/org/apache/maven/surefire/common-junit4/2.17/common-junit4-2.17.jar
Downloading from central: https://repo.maven.apache.org/maven2/org/apache/maven/surefire/surefire-junit47/2.17/surefire-junit47-2.17.jar
Downloading from central: https://repo.maven.apache.org/maven2/org/apache/maven/surefire/common-java5/2.17/common-java5-2.17.jar
Downloading from central: https://repo.maven.apache.org/maven2/org/apache/maven/surefire/common-junit3/2.17/common-junit3-2.17.jar
Downloaded from central: https://repo.maven.apache.org/maven2/org/apache/maven/surefire/common-java5/2.17/common-java5-2.17.jar (0 B at 0 B/s)
Downloading from central: https://repo.maven.apache.org/maven2/org/apache/maven/surefire/surefire-grouper/2.17/surefire-grouper-2.17.jar
Downloaded from central: https://repo.maven.apache.org/maven2/org/apache/maven/surefire/common-junit48/2.17/common-junit48-2.17.jar (0 B at 0 B/s)
Downloaded from central: https://repo.maven.apache.org/maven2/org/apache/maven/surefire/common-junit4/2.17/common-junit4-2.17.jar (0 B at 0 B/s)
Downloaded from central: https://repo.maven.apache.org/maven2/org/apache/maven/surefire/surefire-grouper/2.17/surefire-grouper-2.17.jar (0 B at 0 B/s)
Downloaded from central: https://repo.maven.apache.org/maven2/org/apache/maven/surefire/surefire-junit47/2.17/surefire-junit47-2.17.jar (0 B at 0 B/s)
Downloaded from central: https://repo.maven.apache.org/maven2/org/apache/maven/surefire/common-junit3/2.17/common-junit3-2.17.jar (0 B at 0 B/s)

-------------------------------------------------------
 T E S T S
-------------------------------------------------------
java.io.FileNotFoundException: /home/ch61/timelineConf.json (No such file or directory)
	at java.io.FileInputStream.open0(Native Method)
	at java.io.FileInputStream.open(FileInputStream.java:195)
	at java.io.FileInputStream.<init>(FileInputStream.java:138)
	at java.io.FileInputStream.<init>(FileInputStream.java:93)
	at java.io.FileReader.<init>(FileReader.java:58)
	at com.alicloud.openservices.tablestore.timeline2.common.Conf.newInstance(Conf.java:18)
	at com.alicloud.openservices.tablestore.timeline2.functionTest.TestTimelineV1.setUp(TestTimelineV1.java:49)
	at sun.reflect.NativeMethodAccessorImpl.invoke0(Native Method)
	at sun.reflect.NativeMethodAccessorImpl.invoke(NativeMethodAccessorImpl.java:62)
	at sun.reflect.DelegatingMethodAccessorImpl.invoke(DelegatingMethodAccessorImpl.java:43)
	at java.lang.reflect.Method.invoke(Method.java:498)
	at org.junit.runners.model.FrameworkMethod$1.runReflectiveCall(FrameworkMethod.java:45)
	at org.junit.internal.runners.model.ReflectiveCallable.run(ReflectiveCallable.java:15)
	at org.junit.runners.model.FrameworkMethod.invokeExplosively(FrameworkMethod.java:42)
	at org.junit.internal.runners.statements.RunBefores.evaluate(RunBefores.java:27)
	at org.junit.internal.runners.statements.RunAfters.evaluate(RunAfters.java:30)
	at org.junit.runners.ParentRunner.run(ParentRunner.java:300)
	at org.junit.runners.Suite.runChild(Suite.java:128)
	at org.junit.runners.Suite.runChild(Suite.java:24)
	at org.junit.runners.ParentRunner$3.run(ParentRunner.java:231)
	at org.junit.runners.ParentRunner$1.schedule(ParentRunner.java:60)
	at org.junit.runners.ParentRunner.runChildren(ParentRunner.java:229)
	at org.junit.runners.ParentRunner.access$000(ParentRunner.java:50)
	at org.junit.runners.ParentRunner$2.evaluate(ParentRunner.java:222)
	at org.junit.runners.ParentRunner.run(ParentRunner.java:300)
	at org.junit.runner.JUnitCore.run(JUnitCore.java:157)
	at org.junit.runner.JUnitCore.run(JUnitCore.java:136)
	at org.apache.maven.surefire.junitcore.JUnitCoreWrapper.createRequestAndRun(JUnitCoreWrapper.java:113)
	at org.apache.maven.surefire.junitcore.JUnitCoreWrapper.executeEager(JUnitCoreWrapper.java:85)
	at org.apache.maven.surefire.junitcore.JUnitCoreWrapper.execute(JUnitCoreWrapper.java:54)
	at org.apache.maven.surefire.junitcore.JUnitCoreProvider.invoke(JUnitCoreProvider.java:134)
	at org.apache.maven.surefire.booter.ForkedBooter.invokeProviderInSameClassLoader(ForkedBooter.java:200)
	at org.apache.maven.surefire.booter.ForkedBooter.runSuitesInProcess(ForkedBooter.java:153)
	at org.apache.maven.surefire.booter.ForkedBooter.main(ForkedBooter.java:103)
SLF4J: Failed to load class "org.slf4j.impl.StaticLoggerBinder".
SLF4J: Defaulting to no-operation (NOP) logger implementation
SLF4J: See http://www.slf4j.org/codes.html#StaticLoggerBinder for further details.
java.io.FileNotFoundException: /home/ch61/timelineConf.json (No such file or directory)
	at java.io.FileInputStream.open0(Native Method)
	at java.io.FileInputStream.open(FileInputStream.java:195)
	at java.io.FileInputStream.<init>(FileInputStream.java:138)
	at java.io.FileInputStream.<init>(FileInputStream.java:93)
	at java.io.FileReader.<init>(FileReader.java:58)
	at com.alicloud.openservices.tablestore.timeline2.common.Conf.newInstance(Conf.java:18)
	at com.alicloud.openservices.tablestore.timeline2.functionTest.TestSearchParameter.setUp(TestSearchParameter.java:51)
	at sun.reflect.NativeMethodAccessorImpl.invoke0(Native Method)
	at sun.reflect.NativeMethodAccessorImpl.invoke(NativeMethodAccessorImpl.java:62)
	at sun.reflect.DelegatingMethodAccessorImpl.invoke(DelegatingMethodAccessorImpl.java:43)
	at java.lang.reflect.Method.invoke(Method.java:498)
	at org.junit.runners.model.FrameworkMethod$1.runReflectiveCall(FrameworkMethod.java:45)
	at org.junit.internal.runners.model.ReflectiveCallable.run(ReflectiveCallable.java:15)
	at org.junit.runners.model.FrameworkMethod.invokeExplosively(FrameworkMethod.java:42)
	at org.junit.internal.runners.statements.RunBefores.evaluate(RunBefores.java:27)
	at org.junit.internal.runners.statements.RunAfters.evaluate(RunAfters.java:30)
	at org.junit.runners.ParentRunner.run(ParentRunner.java:300)
	at org.junit.runners.Suite.runChild(Suite.java:128)
	at org.junit.runners.Suite.runChild(Suite.java:24)
	at org.junit.runners.ParentRunner$3.run(ParentRunner.java:231)
	at org.junit.runners.ParentRunner$1.schedule(ParentRunner.java:60)
	at org.junit.runners.ParentRunner.runChildren(ParentRunner.java:229)
	at org.junit.runners.ParentRunner.access$000(ParentRunner.java:50)
	at org.junit.runners.ParentRunner$2.evaluate(ParentRunner.java:222)
	at org.junit.runners.ParentRunner.run(ParentRunner.java:300)
	at org.junit.runner.JUnitCore.run(JUnitCore.java:157)
	at org.junit.runner.JUnitCore.run(JUnitCore.java:136)
	at org.apache.maven.surefire.junitcore.JUnitCoreWrapper.createRequestAndRun(JUnitCoreWrapper.java:113)
	at org.apache.maven.surefire.junitcore.JUnitCoreWrapper.executeEager(JUnitCoreWrapper.java:85)
	at org.apache.maven.surefire.junitcore.JUnitCoreWrapper.execute(JUnitCoreWrapper.java:54)
	at org.apache.maven.surefire.junitcore.JUnitCoreProvider.invoke(JUnitCoreProvider.java:134)
	at org.apache.maven.surefire.booter.ForkedBooter.invokeProviderInSameClassLoader(ForkedBooter.java:200)
	at org.apache.maven.surefire.booter.ForkedBooter.runSuitesInProcess(ForkedBooter.java:153)
	at org.apache.maven.surefire.booter.ForkedBooter.main(ForkedBooter.java:103)
Tests run: 4, Failures: 0, Errors: 4, Skipped: 0, Time elapsed: 879,587.674 sec <<< FAILURE! - in com.alicloud.openservices.tablestore.timeline2.functionTest.TestExceptionOfService
com.alicloud.openservices.tablestore.timeline2.functionTest.TestTimelineV1  Time elapsed: 879,587.66 sec  <<< ERROR!
com.alicloud.openservices.tablestore.core.auth.InvalidCredentialsException: Access key id should not be null or empty.
	at com.alicloud.openservices.tablestore.core.auth.DefaultCredentialProvider.checkCredentials(DefaultCredentialProvider.java:63)
	at com.alicloud.openservices.tablestore.core.auth.DefaultCredentialProvider.<init>(DefaultCredentialProvider.java:38)
	at com.alicloud.openservices.tablestore.core.auth.CredentialsProviderFactory.newDefaultCredentialProvider(CredentialsProviderFactory.java:56)
	at com.alicloud.openservices.tablestore.InternalClient.<init>(InternalClient.java:127)
	at com.alicloud.openservices.tablestore.AsyncClient.<init>(AsyncClient.java:105)
	at com.alicloud.openservices.tablestore.AsyncClient.<init>(AsyncClient.java:54)
	at com.alicloud.openservices.tablestore.timeline.store.DistributeTimelineStore.<init>(DistributeTimelineStore.java:40)
	at com.alicloud.openservices.tablestore.timeline2.functionTest.TestTimelineV1.initTimelineV1(TestTimelineV1.java:325)
	at com.alicloud.openservices.tablestore.timeline2.functionTest.TestTimelineV1.setUp(TestTimelineV1.java:58)

com.alicloud.openservices.tablestore.timeline2.functionTest.TestTimelineV1  Time elapsed: 879,587.66 sec  <<< ERROR!
java.lang.NullPointerException: null
	at com.alicloud.openservices.tablestore.timeline2.functionTest.TestTimelineV1.after(TestTimelineV1.java:67)

com.alicloud.openservices.tablestore.timeline2.functionTest.TestDropTable  Time elapsed: 879,587.661 sec  <<< ERROR!
java.io.FileNotFoundException: /home/ch61/timelineConf.json (No such file or directory)
	at java.io.FileInputStream.open0(Native Method)
	at java.io.FileInputStream.open(FileInputStream.java:195)
	at java.io.FileInputStream.<init>(FileInputStream.java:138)
	at java.io.FileInputStream.<init>(FileInputStream.java:93)
	at java.io.FileReader.<init>(FileReader.java:58)
	at com.alicloud.openservices.tablestore.timeline2.common.Conf.newInstance(Conf.java:18)
	at com.alicloud.openservices.tablestore.timeline2.common.ServiceWrapper.init(ServiceWrapper.java:33)
	at com.alicloud.openservices.tablestore.timeline2.common.ServiceWrapper.<init>(ServiceWrapper.java:25)
	at com.alicloud.openservices.tablestore.timeline2.common.ServiceWrapper.newInstance(ServiceWrapper.java:29)
	at com.alicloud.openservices.tablestore.timeline2.functionTest.TestDropTable.setUp(TestDropTable.java:29)

com.alicloud.openservices.tablestore.timeline2.functionTest.TestExceptionOfService  Time elapsed: 879,587.661 sec  <<< ERROR!
java.io.FileNotFoundException: /home/ch61/timelineConf.json (No such file or directory)
	at java.io.FileInputStream.open0(Native Method)
	at java.io.FileInputStream.open(FileInputStream.java:195)
	at java.io.FileInputStream.<init>(FileInputStream.java:138)
	at java.io.FileInputStream.<init>(FileInputStream.java:93)
	at java.io.FileReader.<init>(FileReader.java:58)
	at com.alicloud.openservices.tablestore.timeline2.common.Conf.newInstance(Conf.java:18)
	at com.alicloud.openservices.tablestore.timeline2.common.ServiceWrapper.init(ServiceWrapper.java:33)
	at com.alicloud.openservices.tablestore.timeline2.common.ServiceWrapper.<init>(ServiceWrapper.java:25)
	at com.alicloud.openservices.tablestore.timeline2.common.ServiceWrapper.newInstance(ServiceWrapper.java:29)
	at com.alicloud.openservices.tablestore.timeline2.functionTest.TestExceptionOfService.setUp(TestExceptionOfService.java:40)

Running com.alicloud.openservices.tablestore.timeline2.functionTest.TestSearchParameter
Tests run: 24, Failures: 0, Errors: 24, Skipped: 0, Time elapsed: 0.028 sec <<< FAILURE! - in com.alicloud.openservices.tablestore.timeline2.functionTest.TestTimelineService
testRangeSearchMeta(com.alicloud.openservices.tablestore.timeline2.functionTest.TestSearchParameter)  Time elapsed: 0.002 sec  <<< ERROR!
java.lang.NullPointerException: null
	at com.alicloud.openservices.tablestore.timeline2.functionTest.TestSearchParameter.testRangeSearchMeta(TestSearchParameter.java:106)

testBooleanSearchMeta(com.alicloud.openservices.tablestore.timeline2.functionTest.TestSearchParameter)  Time elapsed: 0.001 sec  <<< ERROR!
java.lang.NullPointerException: null
	at com.alicloud.openservices.tablestore.timeline2.functionTest.TestSearchParameter.testBooleanSearchMeta(TestSearchParameter.java:117)

testNotSearchTimeline(com.alicloud.openservices.tablestore.timeline2.functionTest.TestSearchParameter)  Time elapsed: 0.001 sec  <<< ERROR!
java.lang.NullPointerException: null
	at com.alicloud.openservices.tablestore.timeline2.functionTest.TestSearchParameter.testNotSearchTimeline(TestSearchParameter.java:262)

testMatchSearchMeta(com.alicloud.openservices.tablestore.timeline2.functionTest.TestSearchParameter)  Time elapsed: 0.001 sec  <<< ERROR!
java.lang.NullPointerException: null
	at com.alicloud.openservices.tablestore.timeline2.functionTest.TestSearchParameter.testMatchSearchMeta(TestSearchParameter.java:84)

testOrSearchMeta(com.alicloud.openservices.tablestore.timeline2.functionTest.TestSearchParameter)  Time elapsed: 0.003 sec  <<< ERROR!
java.lang.NullPointerException: null
	at com.alicloud.openservices.tablestore.timeline2.functionTest.TestSearchParameter.testOrSearchMeta(TestSearchParameter.java:196)

testTermsSearchMeta(com.alicloud.openservices.tablestore.timeline2.functionTest.TestSearchParameter)  Time elapsed: 0.001 sec  <<< ERROR!
java.lang.NullPointerException: null
	at com.alicloud.openservices.tablestore.timeline2.functionTest.TestSearchParameter.testTermsSearchMeta(TestSearchParameter.java:139)

testPrefixSearchMeta(com.alicloud.openservices.tablestore.timeline2.functionTest.TestSearchParameter)  Time elapsed: 0.001 sec  <<< ERROR!
java.lang.NullPointerException: null
	at com.alicloud.openservices.tablestore.timeline2.functionTest.TestSearchParameter.testPrefixSearchMeta(TestSearchParameter.java:161)

testWildcardSearchMeta(com.alicloud.openservices.tablestore.timeline2.functionTest.TestSearchParameter)  Time elapsed: 0.001 sec  <<< ERROR!
java.lang.NullPointerException: null
	at com.alicloud.openservices.tablestore.timeline2.functionTest.TestSearchParameter.testWildcardSearchMeta(TestSearchParameter.java:150)

testOrSearchTimeline(com.alicloud.openservices.tablestore.timeline2.functionTest.TestSearchParameter)  Time elapsed: 0 sec  <<< ERROR!
java.lang.NullPointerException: null
	at com.alicloud.openservices.tablestore.timeline2.functionTest.TestSearchParameter.testOrSearchTimeline(TestSearchParameter.java:245)

testTermSearchMeta(com.alicloud.openservices.tablestore.timeline2.functionTest.TestSearchParameter)  Time elapsed: 0 sec  <<< ERROR!
java.lang.NullPointerException: null
	at com.alicloud.openservices.tablestore.timeline2.functionTest.TestSearchParameter.testTermSearchMeta(TestSearchParameter.java:128)

testAndSearchMeta(com.alicloud.openservices.tablestore.timeline2.functionTest.TestSearchParameter)  Time elapsed: 0 sec  <<< ERROR!
java.lang.NullPointerException: null
	at com.alicloud.openservices.tablestore.timeline2.functionTest.TestSearchParameter.testAndSearchMeta(TestSearchParameter.java:178)

testNotSearchMeta(com.alicloud.openservices.tablestore.timeline2.functionTest.TestSearchParameter)  Time elapsed: 0 sec  <<< ERROR!
java.lang.NullPointerException: null
	at com.alicloud.openservices.tablestore.timeline2.functionTest.TestSearchParameter.testNotSearchMeta(TestSearchParameter.java:211)

testAndSearchTimeline(com.alicloud.openservices.tablestore.timeline2.functionTest.TestSearchParameter)  Time elapsed: 0 sec  <<< ERROR!
java.lang.NullPointerException: null
	at com.alicloud.openservices.tablestore.timeline2.functionTest.TestSearchParameter.testAndSearchTimeline(TestSearchParameter.java:228)

testMatchPhraseSearchMeta(com.alicloud.openservices.tablestore.timeline2.functionTest.TestSearchParameter)  Time elapsed: 0 sec  <<< ERROR!
java.lang.NullPointerException: null
	at com.alicloud.openservices.tablestore.timeline2.functionTest.TestSearchParameter.testMatchPhraseSearchMeta(TestSearchParameter.java:95)

com.alicloud.openservices.tablestore.timeline2.functionTest.TestSearchParameter  Time elapsed: 0 sec  <<< ERROR!
java.lang.NullPointerException: null
	at com.alicloud.openservices.tablestore.timeline2.functionTest.TestSearchParameter.after(TestSearchParameter.java:70)

com.alicloud.openservices.tablestore.timeline2.functionTest.TestMetaService  Time elapsed: 0.001 sec  <<< ERROR!
java.io.FileNotFoundException: /home/ch61/timelineConf.json (No such file or directory)
	at java.io.FileInputStream.open0(Native Method)
	at java.io.FileInputStream.open(FileInputStream.java:195)
	at java.io.FileInputStream.<init>(FileInputStream.java:138)
	at java.io.FileInputStream.<init>(FileInputStream.java:93)
	at java.io.FileReader.<init>(FileReader.java:58)
	at com.alicloud.openservices.tablestore.timeline2.common.Conf.newInstance(Conf.java:18)
	at com.alicloud.openservices.tablestore.timeline2.common.ServiceWrapper.init(ServiceWrapper.java:33)
	at com.alicloud.openservices.tablestore.timeline2.common.ServiceWrapper.<init>(ServiceWrapper.java:25)
	at com.alicloud.openservices.tablestore.timeline2.common.ServiceWrapper.newInstance(ServiceWrapper.java:29)
	at com.alicloud.openservices.tablestore.timeline2.functionTest.TestMetaService.setUp(TestMetaService.java:31)

com.alicloud.openservices.tablestore.timeline2.functionTest.TestMetaService  Time elapsed: 0.009 sec  <<< ERROR!
java.lang.NullPointerException: null
	at com.alicloud.openservices.tablestore.timeline2.functionTest.TestMetaService.after(TestMetaService.java:37)

com.alicloud.openservices.tablestore.timeline2.functionTest.TestServiceClose  Time elapsed: 0.009 sec  <<< ERROR!
java.io.FileNotFoundException: /home/ch61/timelineConf.json (No such file or directory)
	at java.io.FileInputStream.open0(Native Method)
	at java.io.FileInputStream.open(FileInputStream.java:195)
	at java.io.FileInputStream.<init>(FileInputStream.java:138)
	at java.io.FileInputStream.<init>(FileInputStream.java:93)
	at java.io.FileReader.<init>(FileReader.java:58)
	at com.alicloud.openservices.tablestore.timeline2.common.Conf.newInstance(Conf.java:18)
	at com.alicloud.openservices.tablestore.timeline2.common.ServiceWrapper.init(ServiceWrapper.java:33)
	at com.alicloud.openservices.tablestore.timeline2.common.ServiceWrapper.<init>(ServiceWrapper.java:25)
	at com.alicloud.openservices.tablestore.timeline2.common.ServiceWrapper.newInstance(ServiceWrapper.java:29)
	at com.alicloud.openservices.tablestore.timeline2.functionTest.TestServiceClose.setUp(TestServiceClose.java:23)

com.alicloud.openservices.tablestore.timeline2.functionTest.TestServiceClose  Time elapsed: 0.01 sec  <<< ERROR!
java.lang.NullPointerException: null
	at com.alicloud.openservices.tablestore.timeline2.functionTest.TestServiceClose.after(TestServiceClose.java:51)

com.alicloud.openservices.tablestore.timeline2.functionTest.TestServiceFactory  Time elapsed: 0.01 sec  <<< ERROR!
java.io.FileNotFoundException: /home/ch61/timelineConf.json (No such file or directory)
	at java.io.FileInputStream.open0(Native Method)
	at java.io.FileInputStream.open(FileInputStream.java:195)
	at java.io.FileInputStream.<init>(FileInputStream.java:138)
	at java.io.FileInputStream.<init>(FileInputStream.java:93)
	at java.io.FileReader.<init>(FileReader.java:58)
	at com.alicloud.openservices.tablestore.timeline2.common.Conf.newInstance(Conf.java:18)
	at com.alicloud.openservices.tablestore.timeline2.common.ServiceWrapper.init(ServiceWrapper.java:33)
	at com.alicloud.openservices.tablestore.timeline2.common.ServiceWrapper.<init>(ServiceWrapper.java:25)
	at com.alicloud.openservices.tablestore.timeline2.common.ServiceWrapper.newInstance(ServiceWrapper.java:29)
	at com.alicloud.openservices.tablestore.timeline2.functionTest.TestServiceFactory.setUp(TestServiceFactory.java:24)

com.alicloud.openservices.tablestore.timeline2.functionTest.TestServiceFactory  Time elapsed: 0.01 sec  <<< ERROR!
java.lang.NullPointerException: null
	at com.alicloud.openservices.tablestore.timeline2.functionTest.TestServiceFactory.after(TestServiceFactory.java:33)

com.alicloud.openservices.tablestore.timeline2.functionTest.TestExceptionDropTables  Time elapsed: 0.011 sec  <<< ERROR!
java.io.FileNotFoundException: /home/ch61/timelineConf.json (No such file or directory)
	at java.io.FileInputStream.open0(Native Method)
	at java.io.FileInputStream.open(FileInputStream.java:195)
	at java.io.FileInputStream.<init>(FileInputStream.java:138)
	at java.io.FileInputStream.<init>(FileInputStream.java:93)
	at java.io.FileReader.<init>(FileReader.java:58)
	at com.alicloud.openservices.tablestore.timeline2.common.Conf.newInstance(Conf.java:18)
	at com.alicloud.openservices.tablestore.timeline2.common.ServiceWrapper.init(ServiceWrapper.java:33)
	at com.alicloud.openservices.tablestore.timeline2.common.ServiceWrapper.<init>(ServiceWrapper.java:25)
	at com.alicloud.openservices.tablestore.timeline2.common.ServiceWrapper.newInstance(ServiceWrapper.java:29)
	at com.alicloud.openservices.tablestore.timeline2.functionTest.TestExceptionDropTables.setUp(TestExceptionDropTables.java:26)

com.alicloud.openservices.tablestore.timeline2.functionTest.TestTimelineService  Time elapsed: 0.011 sec  <<< ERROR!
java.io.FileNotFoundException: /home/ch61/timelineConf.json (No such file or directory)
	at java.io.FileInputStream.open0(Native Method)
	at java.io.FileInputStream.open(FileInputStream.java:195)
	at java.io.FileInputStream.<init>(FileInputStream.java:138)
	at java.io.FileInputStream.<init>(FileInputStream.java:93)
	at java.io.FileReader.<init>(FileReader.java:58)
	at com.alicloud.openservices.tablestore.timeline2.common.Conf.newInstance(Conf.java:18)
	at com.alicloud.openservices.tablestore.timeline2.common.ServiceWrapper.init(ServiceWrapper.java:33)
	at com.alicloud.openservices.tablestore.timeline2.common.ServiceWrapper.<init>(ServiceWrapper.java:25)
	at com.alicloud.openservices.tablestore.timeline2.common.ServiceWrapper.newInstance(ServiceWrapper.java:29)
	at com.alicloud.openservices.tablestore.timeline2.functionTest.TestTimelineService.setUp(TestTimelineService.java:31)

com.alicloud.openservices.tablestore.timeline2.functionTest.TestTimelineService  Time elapsed: 0.011 sec  <<< ERROR!
java.lang.NullPointerException: null
	at com.alicloud.openservices.tablestore.timeline2.functionTest.TestTimelineService.after(TestTimelineService.java:65)

Running com.alicloud.openservices.tablestore.timeline2.functionTest.TestExceptionOfServiceFactory
java.io.FileNotFoundException: /home/ch61/timelineConf.json (No such file or directory)
	at java.io.FileInputStream.open0(Native Method)
	at java.io.FileInputStream.open(FileInputStream.java:195)
	at java.io.FileInputStream.<init>(FileInputStream.java:138)
	at java.io.FileInputStream.<init>(FileInputStream.java:93)
	at java.io.FileReader.<init>(FileReader.java:58)
	at com.alicloud.openservices.tablestore.timeline2.common.Conf.newInstance(Conf.java:18)
	at com.alicloud.openservices.tablestore.timeline2.functionTest.TestSearchQuery.setUp(TestSearchQuery.java:50)
	at sun.reflect.NativeMethodAccessorImpl.invoke0(Native Method)
	at sun.reflect.NativeMethodAccessorImpl.invoke(NativeMethodAccessorImpl.java:62)
	at sun.reflect.DelegatingMethodAccessorImpl.invoke(DelegatingMethodAccessorImpl.java:43)
	at java.lang.reflect.Method.invoke(Method.java:498)
	at org.junit.runners.model.FrameworkMethod$1.runReflectiveCall(FrameworkMethod.java:45)
	at org.junit.internal.runners.model.ReflectiveCallable.run(ReflectiveCallable.java:15)
	at org.junit.runners.model.FrameworkMethod.invokeExplosively(FrameworkMethod.java:42)
	at org.junit.internal.runners.statements.RunBefores.evaluate(RunBefores.java:27)
	at org.junit.internal.runners.statements.RunAfters.evaluate(RunAfters.java:30)
	at org.junit.runners.ParentRunner.run(ParentRunner.java:300)
	at org.junit.runners.Suite.runChild(Suite.java:128)
	at org.junit.runners.Suite.runChild(Suite.java:24)
	at org.junit.runners.ParentRunner$3.run(ParentRunner.java:231)
	at org.junit.runners.ParentRunner$1.schedule(ParentRunner.java:60)
	at org.junit.runners.ParentRunner.runChildren(ParentRunner.java:229)
	at org.junit.runners.ParentRunner.access$000(ParentRunner.java:50)
	at org.junit.runners.ParentRunner$2.evaluate(ParentRunner.java:222)
	at org.junit.runners.ParentRunner.run(ParentRunner.java:300)
	at org.junit.runner.JUnitCore.run(JUnitCore.java:157)
	at org.junit.runner.JUnitCore.run(JUnitCore.java:136)
	at org.apache.maven.surefire.junitcore.JUnitCoreWrapper.createRequestAndRun(JUnitCoreWrapper.java:113)
	at org.apache.maven.surefire.junitcore.JUnitCoreWrapper.executeEager(JUnitCoreWrapper.java:85)
	at org.apache.maven.surefire.junitcore.JUnitCoreWrapper.execute(JUnitCoreWrapper.java:54)
	at org.apache.maven.surefire.junitcore.JUnitCoreProvider.invoke(JUnitCoreProvider.java:134)
	at org.apache.maven.surefire.booter.ForkedBooter.invokeProviderInSameClassLoader(ForkedBooter.java:200)
	at org.apache.maven.surefire.booter.ForkedBooter.runSuitesInProcess(ForkedBooter.java:153)
	at org.apache.maven.surefire.booter.ForkedBooter.main(ForkedBooter.java:103)
Tests run: 3, Failures: 0, Errors: 2, Skipped: 0, Time elapsed: 1.492 sec <<< FAILURE! - in com.alicloud.openservices.tablestore.timeline2.functionTest.TestTimeline
com.alicloud.openservices.tablestore.timeline2.functionTest.TestTimeline  Time elapsed: 1.487 sec  <<< ERROR!
java.io.FileNotFoundException: /home/ch61/timelineConf.json (No such file or directory)
	at java.io.FileInputStream.open0(Native Method)
	at java.io.FileInputStream.open(FileInputStream.java:195)
	at java.io.FileInputStream.<init>(FileInputStream.java:138)
	at java.io.FileInputStream.<init>(FileInputStream.java:93)
	at java.io.FileReader.<init>(FileReader.java:58)
	at com.alicloud.openservices.tablestore.timeline2.common.Conf.newInstance(Conf.java:18)
	at com.alicloud.openservices.tablestore.timeline2.common.ServiceWrapper.init(ServiceWrapper.java:33)
	at com.alicloud.openservices.tablestore.timeline2.common.ServiceWrapper.<init>(ServiceWrapper.java:25)
	at com.alicloud.openservices.tablestore.timeline2.common.ServiceWrapper.newInstance(ServiceWrapper.java:29)
	at com.alicloud.openservices.tablestore.timeline2.functionTest.TestTimeline.setUp(TestTimeline.java:29)

com.alicloud.openservices.tablestore.timeline2.functionTest.TestTimeline  Time elapsed: 1.487 sec  <<< ERROR!
java.lang.NullPointerException: null
	at com.alicloud.openservices.tablestore.timeline2.functionTest.TestTimeline.after(TestTimeline.java:54)

Running com.alicloud.openservices.tablestore.timeline2.functionTest.TestSearchQuery
Tests run: 15, Failures: 0, Errors: 15, Skipped: 0, Time elapsed: 0.028 sec <<< FAILURE! - in com.alicloud.openservices.tablestore.timeline2.functionTest.TestSearchQuery
testRangeSearchMeta(com.alicloud.openservices.tablestore.timeline2.functionTest.TestSearchQuery)  Time elapsed: 0.005 sec  <<< ERROR!
java.lang.NullPointerException: null
	at com.alicloud.openservices.tablestore.timeline2.functionTest.TestSearchQuery.testRangeSearchMeta(TestSearchQuery.java:120)

testPrefixSearchMeta(com.alicloud.openservices.tablestore.timeline2.functionTest.TestSearchQuery)  Time elapsed: 0.007 sec  <<< ERROR!
java.lang.NullPointerException: null
	at com.alicloud.openservices.tablestore.timeline2.functionTest.TestSearchQuery.testPrefixSearchMeta(TestSearchQuery.java:195)

testNotSearchMeta(com.alicloud.openservices.tablestore.timeline2.functionTest.TestSearchQuery)  Time elapsed: 0.001 sec  <<< ERROR!
java.lang.NullPointerException: null
	at com.alicloud.openservices.tablestore.timeline2.functionTest.TestSearchQuery.testNotSearchMeta(TestSearchQuery.java:299)

testNotSearchTimeline(com.alicloud.openservices.tablestore.timeline2.functionTest.TestSearchQuery)  Time elapsed: 0 sec  <<< ERROR!
java.lang.NullPointerException: null
	at com.alicloud.openservices.tablestore.timeline2.functionTest.TestSearchQuery.testNotSearchTimeline(TestSearchQuery.java:398)

testAndSearchTimeline(com.alicloud.openservices.tablestore.timeline2.functionTest.TestSearchQuery)  Time elapsed: 0 sec  <<< ERROR!
java.lang.NullPointerException: null
	at com.alicloud.openservices.tablestore.timeline2.functionTest.TestSearchQuery.testAndSearchTimeline(TestSearchQuery.java:334)

testTermSearchMeta(com.alicloud.openservices.tablestore.timeline2.functionTest.TestSearchQuery)  Time elapsed: 0 sec  <<< ERROR!
java.lang.NullPointerException: null
	at com.alicloud.openservices.tablestore.timeline2.functionTest.TestSearchQuery.testTermSearchMeta(TestSearchQuery.java:150)

testAndSearchMeta(com.alicloud.openservices.tablestore.timeline2.functionTest.TestSearchQuery)  Time elapsed: 0 sec  <<< ERROR!
java.lang.NullPointerException: null
	at com.alicloud.openservices.tablestore.timeline2.functionTest.TestSearchQuery.testAndSearchMeta(TestSearchQuery.java:234)

testTermsSearchMeta(com.alicloud.openservices.tablestore.timeline2.functionTest.TestSearchQuery)  Time elapsed: 0.001 sec  <<< ERROR!
java.lang.NullPointerException: null
	at com.alicloud.openservices.tablestore.timeline2.functionTest.TestSearchQuery.testTermsSearchMeta(TestSearchQuery.java:165)

testWildcardSearchMeta(com.alicloud.openservices.tablestore.timeline2.functionTest.TestSearchQuery)  Time elapsed: 0 sec  <<< ERROR!
java.lang.NullPointerException: null
	at com.alicloud.openservices.tablestore.timeline2.functionTest.TestSearchQuery.testWildcardSearchMeta(TestSearchQuery.java:180)

testBooleanSearchMeta(com.alicloud.openservices.tablestore.timeline2.functionTest.TestSearchQuery)  Time elapsed: 0 sec  <<< ERROR!
java.lang.NullPointerException: null
	at com.alicloud.openservices.tablestore.timeline2.functionTest.TestSearchQuery.testBooleanSearchMeta(TestSearchQuery.java:135)

testMatchSearchMeta(com.alicloud.openservices.tablestore.timeline2.functionTest.TestSearchQuery)  Time elapsed: 0 sec  <<< ERROR!
java.lang.NullPointerException: null
	at com.alicloud.openservices.tablestore.timeline2.functionTest.TestSearchQuery.testMatchSearchMeta(TestSearchQuery.java:87)

testOrSearchMeta(com.alicloud.openservices.tablestore.timeline2.functionTest.TestSearchQuery)  Time elapsed: 0 sec  <<< ERROR!
java.lang.NullPointerException: null
	at com.alicloud.openservices.tablestore.timeline2.functionTest.TestSearchQuery.testOrSearchMeta(TestSearchQuery.java:268)

testMatchPhraseSearchMeta(com.alicloud.openservices.tablestore.timeline2.functionTest.TestSearchQuery)  Time elapsed: 0 sec  <<< ERROR!
java.lang.NullPointerException: null
	at com.alicloud.openservices.tablestore.timeline2.functionTest.TestSearchQuery.testMatchPhraseSearchMeta(TestSearchQuery.java:104)

testOrSearchTimeline(com.alicloud.openservices.tablestore.timeline2.functionTest.TestSearchQuery)  Time elapsed: 0.001 sec  <<< ERROR!
java.lang.NullPointerException: null
	at com.alicloud.openservices.tablestore.timeline2.functionTest.TestSearchQuery.testOrSearchTimeline(TestSearchQuery.java:368)

com.alicloud.openservices.tablestore.timeline2.functionTest.TestSearchQuery  Time elapsed: 0.001 sec  <<< ERROR!
java.lang.NullPointerException: null
	at com.alicloud.openservices.tablestore.timeline2.functionTest.TestSearchQuery.after(TestSearchQuery.java:68)

Running com.alicloud.openservices.tablestore.timeline2.model.TestTimelineMetaSchema
Tests run: 1, Failures: 0, Errors: 0, Skipped: 0, Time elapsed: 0.002 sec - in com.alicloud.openservices.tablestore.timeline2.model.TestTimelineMetaSchema
Running com.alicloud.openservices.tablestore.timeline2.model.TestTimelineMeta
Tests run: 2, Failures: 0, Errors: 0, Skipped: 0, Time elapsed: 0.041 sec - in com.alicloud.openservices.tablestore.timeline2.model.TestTimelineMeta
Running com.alicloud.openservices.tablestore.timeline2.model.TestTimelineIdentifier
Tests run: 1, Failures: 0, Errors: 0, Skipped: 0, Time elapsed: 0.001 sec - in com.alicloud.openservices.tablestore.timeline2.model.TestTimelineIdentifier
Running com.alicloud.openservices.tablestore.timeline2.model.TestTimelineSchema
Tests run: 1, Failures: 0, Errors: 0, Skipped: 0, Time elapsed: 0.005 sec - in com.alicloud.openservices.tablestore.timeline2.model.TestTimelineSchema
Running com.alicloud.openservices.tablestore.timeline2.model.TestTimelineMessage
Tests run: 2, Failures: 0, Errors: 0, Skipped: 0, Time elapsed: 0 sec - in com.alicloud.openservices.tablestore.timeline2.model.TestTimelineMessage
Running com.alicloud.openservices.tablestore.timeline2.model.TestTimelineEntry
Tests run: 1, Failures: 0, Errors: 0, Skipped: 0, Time elapsed: 0 sec - in com.alicloud.openservices.tablestore.timeline2.model.TestTimelineEntry
Running com.alicloud.openservices.tablestore.timeline2.model.TestIdentifierSchema
Tests run: 1, Failures: 0, Errors: 0, Skipped: 0, Time elapsed: 0 sec - in com.alicloud.openservices.tablestore.timeline2.model.TestIdentifierSchema
Running com.alicloud.openservices.tablestore.timeline2.utils.TestUtils
Tests run: 10, Failures: 0, Errors: 0, Skipped: 0, Time elapsed: 0.003 sec - in com.alicloud.openservices.tablestore.timeline2.utils.TestUtils
Running com.alicloud.openservices.tablestore.timeline2.utils.TestTimelineException
Tests run: 1, Failures: 0, Errors: 0, Skipped: 0, Time elapsed: 0 sec - in com.alicloud.openservices.tablestore.timeline2.utils.TestTimelineException
Running com.alicloud.openservices.tablestore.timeline2.utils.TestPreconditions
Tests run: 4, Failures: 0, Errors: 0, Skipped: 0, Time elapsed: 0 sec - in com.alicloud.openservices.tablestore.timeline2.utils.TestPreconditions
Running com.alicloud.openservices.tablestore.timeline2.query.TestField
Tests run: 11, Failures: 0, Errors: 0, Skipped: 0, Time elapsed: 0.002 sec - in com.alicloud.openservices.tablestore.timeline2.query.TestField
Running com.alicloud.openservices.tablestore.timeline2.query.TestFieldCondition
Tests run: 1, Failures: 0, Errors: 0, Skipped: 0, Time elapsed: 0 sec - in com.alicloud.openservices.tablestore.timeline2.query.TestFieldCondition
Running com.alicloud.openservices.tablestore.timeline2.query.TestScanParameter
Tests run: 2, Failures: 0, Errors: 0, Skipped: 0, Time elapsed: 0.002 sec - in com.alicloud.openservices.tablestore.timeline2.query.TestScanParameter

Results :

Tests in error: 
  TestTimelineV1.setUp:58->initTimelineV1:325 » InvalidCredentials Access key id...
  TestTimelineV1.after:67 NullPointer
  TestDropTable.setUp:29 » FileNotFound /home/ch61/timelineConf.json (No such fi...
  TestExceptionOfService.setUp:40 » FileNotFound /home/ch61/timelineConf.json (N...
  TestSearchParameter.testRangeSearchMeta:106 NullPointer
  TestSearchParameter.testBooleanSearchMeta:117 NullPointer
  TestSearchParameter.testNotSearchTimeline:262 NullPointer
  TestSearchParameter.testMatchSearchMeta:84 NullPointer
  TestSearchParameter.testOrSearchMeta:196 NullPointer
  TestSearchParameter.testTermsSearchMeta:139 NullPointer
  TestSearchParameter.testPrefixSearchMeta:161 NullPointer
  TestSearchParameter.testWildcardSearchMeta:150 NullPointer
  TestSearchParameter.testOrSearchTimeline:245 NullPointer
  TestSearchParameter.testTermSearchMeta:128 NullPointer
  TestSearchParameter.testAndSearchMeta:178 NullPointer
  TestSearchParameter.testNotSearchMeta:211 NullPointer
  TestSearchParameter.testAndSearchTimeline:228 NullPointer
  TestSearchParameter.testMatchPhraseSearchMeta:95 NullPointer
  TestSearchParameter.after:70 NullPointer
  TestMetaService.setUp:31 » FileNotFound /home/ch61/timelineConf.json (No such ...
  TestMetaService.after:37 NullPointer
  TestServiceClose.setUp:23 » FileNotFound /home/ch61/timelineConf.json (No such...
  TestServiceClose.after:51 NullPointer
  TestServiceFactory.setUp:24 » FileNotFound /home/ch61/timelineConf.json (No su...
  TestServiceFactory.after:33 NullPointer
  TestExceptionDropTables.setUp:26 » FileNotFound /home/ch61/timelineConf.json (...
  TestTimelineService.setUp:31 » FileNotFound /home/ch61/timelineConf.json (No s...
  TestTimelineService.after:65 NullPointer
  TestTimeline.setUp:29 » FileNotFound /home/ch61/timelineConf.json (No such fil...
  TestTimeline.after:54 NullPointer
  TestSearchQuery.testRangeSearchMeta:120 NullPointer
  TestSearchQuery.testPrefixSearchMeta:195 NullPointer
  TestSearchQuery.testNotSearchMeta:299 NullPointer
  TestSearchQuery.testNotSearchTimeline:398 NullPointer
  TestSearchQuery.testAndSearchTimeline:334 NullPointer
  TestSearchQuery.testTermSearchMeta:150 NullPointer
  TestSearchQuery.testAndSearchMeta:234 NullPointer
  TestSearchQuery.testTermsSearchMeta:165 NullPointer
  TestSearchQuery.testWildcardSearchMeta:180 NullPointer
  TestSearchQuery.testBooleanSearchMeta:135 NullPointer
  TestSearchQuery.testMatchSearchMeta:87 NullPointer
  TestSearchQuery.testOrSearchMeta:268 NullPointer
  TestSearchQuery.testMatchPhraseSearchMeta:104 NullPointer
  TestSearchQuery.testOrSearchTimeline:368 NullPointer
  TestSearchQuery.after:68 NullPointer

Tests run: 84, Failures: 0, Errors: 45, Skipped: 0

INFO: Surefire failed when running tests for cjYTXVXdPTmtvC9I3uCXm4OZY1mnRluFjWX3bjl8o+c=
INFO: Adding excluded groups to newly created one
INFO: Creating new argline for Surefire
CONFIG: nondexFilter=.*
nondexMode=FULL
nondexSeed=974622
nondexStart=0
nondexEnd=9223372036854775807
nondexPrintstack=false
nondexDir=/home/ch61/tablestore-timeline/.nondex
nondexJarDir=/home/ch61/tablestore-timeline/.nondex
nondexExecid=9eeHsZ2qqeqM5G8ChtqugVxJQiA2dsgsAX1COgHSA=
nondexLogging=CONFIG
test=
[[1;34mINFO[m] Surefire report directory: /home/ch61/tablestore-timeline/.nondex/9eeHsZ2qqeqM5G8ChtqugVxJQiA2dsgsAX1COgHSA=
[[1;34mINFO[m] parallel='none', perCoreThreadCount=true, threadCount=0, useUnlimitedThreads=false, threadCountSuites=0, threadCountClasses=0, threadCountMethods=0, parallelOptimized=true

-------------------------------------------------------
 T E S T S
-------------------------------------------------------
java.io.FileNotFoundException: /home/ch61/timelineConf.json (No such file or directory)
	at java.io.FileInputStream.open0(Native Method)
	at java.io.FileInputStream.open(FileInputStream.java:195)
	at java.io.FileInputStream.<init>(FileInputStream.java:138)
	at java.io.FileInputStream.<init>(FileInputStream.java:93)
	at java.io.FileReader.<init>(FileReader.java:58)
	at com.alicloud.openservices.tablestore.timeline2.common.Conf.newInstance(Conf.java:18)
	at com.alicloud.openservices.tablestore.timeline2.functionTest.TestTimelineV1.setUp(TestTimelineV1.java:49)
	at sun.reflect.NativeMethodAccessorImpl.invoke0(Native Method)
	at sun.reflect.NativeMethodAccessorImpl.invoke(NativeMethodAccessorImpl.java:62)
	at sun.reflect.DelegatingMethodAccessorImpl.invoke(DelegatingMethodAccessorImpl.java:43)
	at java.lang.reflect.Method.invoke(Method.java:498)
	at org.junit.runners.model.FrameworkMethod$1.runReflectiveCall(FrameworkMethod.java:45)
	at org.junit.internal.runners.model.ReflectiveCallable.run(ReflectiveCallable.java:15)
	at org.junit.runners.model.FrameworkMethod.invokeExplosively(FrameworkMethod.java:42)
	at org.junit.internal.runners.statements.RunBefores.evaluate(RunBefores.java:27)
	at org.junit.internal.runners.statements.RunAfters.evaluate(RunAfters.java:30)
	at org.junit.runners.ParentRunner.run(ParentRunner.java:300)
	at org.junit.runners.Suite.runChild(Suite.java:128)
	at org.junit.runners.Suite.runChild(Suite.java:24)
	at org.junit.runners.ParentRunner$3.run(ParentRunner.java:231)
	at org.junit.runners.ParentRunner$1.schedule(ParentRunner.java:60)
	at org.junit.runners.ParentRunner.runChildren(ParentRunner.java:229)
	at org.junit.runners.ParentRunner.access$000(ParentRunner.java:50)
	at org.junit.runners.ParentRunner$2.evaluate(ParentRunner.java:222)
	at org.junit.runners.ParentRunner.run(ParentRunner.java:300)
	at org.junit.runner.JUnitCore.run(JUnitCore.java:157)
	at org.junit.runner.JUnitCore.run(JUnitCore.java:136)
	at org.apache.maven.surefire.junitcore.JUnitCoreWrapper.createRequestAndRun(JUnitCoreWrapper.java:113)
	at org.apache.maven.surefire.junitcore.JUnitCoreWrapper.executeEager(JUnitCoreWrapper.java:85)
	at org.apache.maven.surefire.junitcore.JUnitCoreWrapper.execute(JUnitCoreWrapper.java:54)
	at org.apache.maven.surefire.junitcore.JUnitCoreProvider.invoke(JUnitCoreProvider.java:134)
	at org.apache.maven.surefire.booter.ForkedBooter.invokeProviderInSameClassLoader(ForkedBooter.java:200)
	at org.apache.maven.surefire.booter.ForkedBooter.runSuitesInProcess(ForkedBooter.java:153)
	at org.apache.maven.surefire.booter.ForkedBooter.main(ForkedBooter.java:103)
SLF4J: Failed to load class "org.slf4j.impl.StaticLoggerBinder".
SLF4J: Defaulting to no-operation (NOP) logger implementation
SLF4J: See http://www.slf4j.org/codes.html#StaticLoggerBinder for further details.
java.io.FileNotFoundException: /home/ch61/timelineConf.json (No such file or directory)
	at java.io.FileInputStream.open0(Native Method)
	at java.io.FileInputStream.open(FileInputStream.java:195)
	at java.io.FileInputStream.<init>(FileInputStream.java:138)
	at java.io.FileInputStream.<init>(FileInputStream.java:93)
	at java.io.FileReader.<init>(FileReader.java:58)
	at com.alicloud.openservices.tablestore.timeline2.common.Conf.newInstance(Conf.java:18)
	at com.alicloud.openservices.tablestore.timeline2.functionTest.TestSearchParameter.setUp(TestSearchParameter.java:51)
	at sun.reflect.NativeMethodAccessorImpl.invoke0(Native Method)
	at sun.reflect.NativeMethodAccessorImpl.invoke(NativeMethodAccessorImpl.java:62)
	at sun.reflect.DelegatingMethodAccessorImpl.invoke(DelegatingMethodAccessorImpl.java:43)
	at java.lang.reflect.Method.invoke(Method.java:498)
	at org.junit.runners.model.FrameworkMethod$1.runReflectiveCall(FrameworkMethod.java:45)
	at org.junit.internal.runners.model.ReflectiveCallable.run(ReflectiveCallable.java:15)
	at org.junit.runners.model.FrameworkMethod.invokeExplosively(FrameworkMethod.java:42)
	at org.junit.internal.runners.statements.RunBefores.evaluate(RunBefores.java:27)
	at org.junit.internal.runners.statements.RunAfters.evaluate(RunAfters.java:30)
	at org.junit.runners.ParentRunner.run(ParentRunner.java:300)
	at org.junit.runners.Suite.runChild(Suite.java:128)
	at org.junit.runners.Suite.runChild(Suite.java:24)
	at org.junit.runners.ParentRunner$3.run(ParentRunner.java:231)
	at org.junit.runners.ParentRunner$1.schedule(ParentRunner.java:60)
	at org.junit.runners.ParentRunner.runChildren(ParentRunner.java:229)
	at org.junit.runners.ParentRunner.access$000(ParentRunner.java:50)
	at org.junit.runners.ParentRunner$2.evaluate(ParentRunner.java:222)
	at org.junit.runners.ParentRunner.run(ParentRunner.java:300)
	at org.junit.runner.JUnitCore.run(JUnitCore.java:157)
	at org.junit.runner.JUnitCore.run(JUnitCore.java:136)
	at org.apache.maven.surefire.junitcore.JUnitCoreWrapper.createRequestAndRun(JUnitCoreWrapper.java:113)
	at org.apache.maven.surefire.junitcore.JUnitCoreWrapper.executeEager(JUnitCoreWrapper.java:85)
	at org.apache.maven.surefire.junitcore.JUnitCoreWrapper.execute(JUnitCoreWrapper.java:54)
	at org.apache.maven.surefire.junitcore.JUnitCoreProvider.invoke(JUnitCoreProvider.java:134)
	at org.apache.maven.surefire.booter.ForkedBooter.invokeProviderInSameClassLoader(ForkedBooter.java:200)
	at org.apache.maven.surefire.booter.ForkedBooter.runSuitesInProcess(ForkedBooter.java:153)
	at org.apache.maven.surefire.booter.ForkedBooter.main(ForkedBooter.java:103)
Tests run: 4, Failures: 0, Errors: 4, Skipped: 0, Time elapsed: 879,590.034 sec <<< FAILURE! - in com.alicloud.openservices.tablestore.timeline2.functionTest.TestExceptionOfService
com.alicloud.openservices.tablestore.timeline2.functionTest.TestTimelineV1  Time elapsed: 879,590.021 sec  <<< ERROR!
com.alicloud.openservices.tablestore.core.auth.InvalidCredentialsException: Access key id should not be null or empty.
	at com.alicloud.openservices.tablestore.core.auth.DefaultCredentialProvider.checkCredentials(DefaultCredentialProvider.java:63)
	at com.alicloud.openservices.tablestore.core.auth.DefaultCredentialProvider.<init>(DefaultCredentialProvider.java:38)
	at com.alicloud.openservices.tablestore.core.auth.CredentialsProviderFactory.newDefaultCredentialProvider(CredentialsProviderFactory.java:56)
	at com.alicloud.openservices.tablestore.InternalClient.<init>(InternalClient.java:127)
	at com.alicloud.openservices.tablestore.AsyncClient.<init>(AsyncClient.java:105)
	at com.alicloud.openservices.tablestore.AsyncClient.<init>(AsyncClient.java:54)
	at com.alicloud.openservices.tablestore.timeline.store.DistributeTimelineStore.<init>(DistributeTimelineStore.java:40)
	at com.alicloud.openservices.tablestore.timeline2.functionTest.TestTimelineV1.initTimelineV1(TestTimelineV1.java:325)
	at com.alicloud.openservices.tablestore.timeline2.functionTest.TestTimelineV1.setUp(TestTimelineV1.java:58)

com.alicloud.openservices.tablestore.timeline2.functionTest.TestTimelineV1  Time elapsed: 879,590.022 sec  <<< ERROR!
java.lang.NullPointerException: null
	at com.alicloud.openservices.tablestore.timeline2.functionTest.TestTimelineV1.after(TestTimelineV1.java:67)

com.alicloud.openservices.tablestore.timeline2.functionTest.TestDropTable  Time elapsed: 879,590.023 sec  <<< ERROR!
java.io.FileNotFoundException: /home/ch61/timelineConf.json (No such file or directory)
	at java.io.FileInputStream.open0(Native Method)
	at java.io.FileInputStream.open(FileInputStream.java:195)
	at java.io.FileInputStream.<init>(FileInputStream.java:138)
	at java.io.FileInputStream.<init>(FileInputStream.java:93)
	at java.io.FileReader.<init>(FileReader.java:58)
	at com.alicloud.openservices.tablestore.timeline2.common.Conf.newInstance(Conf.java:18)
	at com.alicloud.openservices.tablestore.timeline2.common.ServiceWrapper.init(ServiceWrapper.java:33)
	at com.alicloud.openservices.tablestore.timeline2.common.ServiceWrapper.<init>(ServiceWrapper.java:25)
	at com.alicloud.openservices.tablestore.timeline2.common.ServiceWrapper.newInstance(ServiceWrapper.java:29)
	at com.alicloud.openservices.tablestore.timeline2.functionTest.TestDropTable.setUp(TestDropTable.java:29)

com.alicloud.openservices.tablestore.timeline2.functionTest.TestExceptionOfService  Time elapsed: 879,590.023 sec  <<< ERROR!
java.io.FileNotFoundException: /home/ch61/timelineConf.json (No such file or directory)
	at java.io.FileInputStream.open0(Native Method)
	at java.io.FileInputStream.open(FileInputStream.java:195)
	at java.io.FileInputStream.<init>(FileInputStream.java:138)
	at java.io.FileInputStream.<init>(FileInputStream.java:93)
	at java.io.FileReader.<init>(FileReader.java:58)
	at com.alicloud.openservices.tablestore.timeline2.common.Conf.newInstance(Conf.java:18)
	at com.alicloud.openservices.tablestore.timeline2.common.ServiceWrapper.init(ServiceWrapper.java:33)
	at com.alicloud.openservices.tablestore.timeline2.common.ServiceWrapper.<init>(ServiceWrapper.java:25)
	at com.alicloud.openservices.tablestore.timeline2.common.ServiceWrapper.newInstance(ServiceWrapper.java:29)
	at com.alicloud.openservices.tablestore.timeline2.functionTest.TestExceptionOfService.setUp(TestExceptionOfService.java:40)

Running com.alicloud.openservices.tablestore.timeline2.functionTest.TestSearchParameter
Tests run: 24, Failures: 0, Errors: 24, Skipped: 0, Time elapsed: 0.024 sec <<< FAILURE! - in com.alicloud.openservices.tablestore.timeline2.functionTest.TestTimelineService
testTermSearchMeta(com.alicloud.openservices.tablestore.timeline2.functionTest.TestSearchParameter)  Time elapsed: 0 sec  <<< ERROR!
java.lang.NullPointerException: null
	at com.alicloud.openservices.tablestore.timeline2.functionTest.TestSearchParameter.testTermSearchMeta(TestSearchParameter.java:128)

testWildcardSearchMeta(com.alicloud.openservices.tablestore.timeline2.functionTest.TestSearchParameter)  Time elapsed: 0.001 sec  <<< ERROR!
java.lang.NullPointerException: null
	at com.alicloud.openservices.tablestore.timeline2.functionTest.TestSearchParameter.testWildcardSearchMeta(TestSearchParameter.java:150)

testMatchSearchMeta(com.alicloud.openservices.tablestore.timeline2.functionTest.TestSearchParameter)  Time elapsed: 0.001 sec  <<< ERROR!
java.lang.NullPointerException: null
	at com.alicloud.openservices.tablestore.timeline2.functionTest.TestSearchParameter.testMatchSearchMeta(TestSearchParameter.java:84)

testPrefixSearchMeta(com.alicloud.openservices.tablestore.timeline2.functionTest.TestSearchParameter)  Time elapsed: 0 sec  <<< ERROR!
java.lang.NullPointerException: null
	at com.alicloud.openservices.tablestore.timeline2.functionTest.TestSearchParameter.testPrefixSearchMeta(TestSearchParameter.java:161)

testBooleanSearchMeta(com.alicloud.openservices.tablestore.timeline2.functionTest.TestSearchParameter)  Time elapsed: 0 sec  <<< ERROR!
java.lang.NullPointerException: null
	at com.alicloud.openservices.tablestore.timeline2.functionTest.TestSearchParameter.testBooleanSearchMeta(TestSearchParameter.java:117)

testNotSearchMeta(com.alicloud.openservices.tablestore.timeline2.functionTest.TestSearchParameter)  Time elapsed: 0 sec  <<< ERROR!
java.lang.NullPointerException: null
	at com.alicloud.openservices.tablestore.timeline2.functionTest.TestSearchParameter.testNotSearchMeta(TestSearchParameter.java:211)

testAndSearchTimeline(com.alicloud.openservices.tablestore.timeline2.functionTest.TestSearchParameter)  Time elapsed: 0.001 sec  <<< ERROR!
java.lang.NullPointerException: null
	at com.alicloud.openservices.tablestore.timeline2.functionTest.TestSearchParameter.testAndSearchTimeline(TestSearchParameter.java:228)

testRangeSearchMeta(com.alicloud.openservices.tablestore.timeline2.functionTest.TestSearchParameter)  Time elapsed: 0 sec  <<< ERROR!
java.lang.NullPointerException: null
	at com.alicloud.openservices.tablestore.timeline2.functionTest.TestSearchParameter.testRangeSearchMeta(TestSearchParameter.java:106)

testOrSearchMeta(com.alicloud.openservices.tablestore.timeline2.functionTest.TestSearchParameter)  Time elapsed: 0 sec  <<< ERROR!
java.lang.NullPointerException: null
	at com.alicloud.openservices.tablestore.timeline2.functionTest.TestSearchParameter.testOrSearchMeta(TestSearchParameter.java:196)

testNotSearchTimeline(com.alicloud.openservices.tablestore.timeline2.functionTest.TestSearchParameter)  Time elapsed: 0 sec  <<< ERROR!
java.lang.NullPointerException: null
	at com.alicloud.openservices.tablestore.timeline2.functionTest.TestSearchParameter.testNotSearchTimeline(TestSearchParameter.java:262)

testAndSearchMeta(com.alicloud.openservices.tablestore.timeline2.functionTest.TestSearchParameter)  Time elapsed: 0 sec  <<< ERROR!
java.lang.NullPointerException: null
	at com.alicloud.openservices.tablestore.timeline2.functionTest.TestSearchParameter.testAndSearchMeta(TestSearchParameter.java:178)

testTermsSearchMeta(com.alicloud.openservices.tablestore.timeline2.functionTest.TestSearchParameter)  Time elapsed: 0 sec  <<< ERROR!
java.lang.NullPointerException: null
	at com.alicloud.openservices.tablestore.timeline2.functionTest.TestSearchParameter.testTermsSearchMeta(TestSearchParameter.java:139)

testOrSearchTimeline(com.alicloud.openservices.tablestore.timeline2.functionTest.TestSearchParameter)  Time elapsed: 0 sec  <<< ERROR!
java.lang.NullPointerException: null
	at com.alicloud.openservices.tablestore.timeline2.functionTest.TestSearchParameter.testOrSearchTimeline(TestSearchParameter.java:245)

testMatchPhraseSearchMeta(com.alicloud.openservices.tablestore.timeline2.functionTest.TestSearchParameter)  Time elapsed: 0.001 sec  <<< ERROR!
java.lang.NullPointerException: null
	at com.alicloud.openservices.tablestore.timeline2.functionTest.TestSearchParameter.testMatchPhraseSearchMeta(TestSearchParameter.java:95)

com.alicloud.openservices.tablestore.timeline2.functionTest.TestSearchParameter  Time elapsed: 0.001 sec  <<< ERROR!
java.lang.NullPointerException: null
	at com.alicloud.openservices.tablestore.timeline2.functionTest.TestSearchParameter.after(TestSearchParameter.java:70)

com.alicloud.openservices.tablestore.timeline2.functionTest.TestMetaService  Time elapsed: 0.004 sec  <<< ERROR!
java.io.FileNotFoundException: /home/ch61/timelineConf.json (No such file or directory)
	at java.io.FileInputStream.open0(Native Method)
	at java.io.FileInputStream.open(FileInputStream.java:195)
	at java.io.FileInputStream.<init>(FileInputStream.java:138)
	at java.io.FileInputStream.<init>(FileInputStream.java:93)
	at java.io.FileReader.<init>(FileReader.java:58)
	at com.alicloud.openservices.tablestore.timeline2.common.Conf.newInstance(Conf.java:18)
	at com.alicloud.openservices.tablestore.timeline2.common.ServiceWrapper.init(ServiceWrapper.java:33)
	at com.alicloud.openservices.tablestore.timeline2.common.ServiceWrapper.<init>(ServiceWrapper.java:25)
	at com.alicloud.openservices.tablestore.timeline2.common.ServiceWrapper.newInstance(ServiceWrapper.java:29)
	at com.alicloud.openservices.tablestore.timeline2.functionTest.TestMetaService.setUp(TestMetaService.java:31)

com.alicloud.openservices.tablestore.timeline2.functionTest.TestMetaService  Time elapsed: 0.007 sec  <<< ERROR!
java.lang.NullPointerException: null
	at com.alicloud.openservices.tablestore.timeline2.functionTest.TestMetaService.after(TestMetaService.java:37)

com.alicloud.openservices.tablestore.timeline2.functionTest.TestServiceClose  Time elapsed: 0.011 sec  <<< ERROR!
java.io.FileNotFoundException: /home/ch61/timelineConf.json (No such file or directory)
	at java.io.FileInputStream.open0(Native Method)
	at java.io.FileInputStream.open(FileInputStream.java:195)
	at java.io.FileInputStream.<init>(FileInputStream.java:138)
	at java.io.FileInputStream.<init>(FileInputStream.java:93)
	at java.io.FileReader.<init>(FileReader.java:58)
	at com.alicloud.openservices.tablestore.timeline2.common.Conf.newInstance(Conf.java:18)
	at com.alicloud.openservices.tablestore.timeline2.common.ServiceWrapper.init(ServiceWrapper.java:33)
	at com.alicloud.openservices.tablestore.timeline2.common.ServiceWrapper.<init>(ServiceWrapper.java:25)
	at com.alicloud.openservices.tablestore.timeline2.common.ServiceWrapper.newInstance(ServiceWrapper.java:29)
	at com.alicloud.openservices.tablestore.timeline2.functionTest.TestServiceClose.setUp(TestServiceClose.java:23)

com.alicloud.openservices.tablestore.timeline2.functionTest.TestServiceClose  Time elapsed: 0.011 sec  <<< ERROR!
java.lang.NullPointerException: null
	at com.alicloud.openservices.tablestore.timeline2.functionTest.TestServiceClose.after(TestServiceClose.java:51)

com.alicloud.openservices.tablestore.timeline2.functionTest.TestServiceFactory  Time elapsed: 0.011 sec  <<< ERROR!
java.io.FileNotFoundException: /home/ch61/timelineConf.json (No such file or directory)
	at java.io.FileInputStream.open0(Native Method)
	at java.io.FileInputStream.open(FileInputStream.java:195)
	at java.io.FileInputStream.<init>(FileInputStream.java:138)
	at java.io.FileInputStream.<init>(FileInputStream.java:93)
	at java.io.FileReader.<init>(FileReader.java:58)
	at com.alicloud.openservices.tablestore.timeline2.common.Conf.newInstance(Conf.java:18)
	at com.alicloud.openservices.tablestore.timeline2.common.ServiceWrapper.init(ServiceWrapper.java:33)
	at com.alicloud.openservices.tablestore.timeline2.common.ServiceWrapper.<init>(ServiceWrapper.java:25)
	at com.alicloud.openservices.tablestore.timeline2.common.ServiceWrapper.newInstance(ServiceWrapper.java:29)
	at com.alicloud.openservices.tablestore.timeline2.functionTest.TestServiceFactory.setUp(TestServiceFactory.java:24)

com.alicloud.openservices.tablestore.timeline2.functionTest.TestServiceFactory  Time elapsed: 0.011 sec  <<< ERROR!
java.lang.NullPointerException: null
	at com.alicloud.openservices.tablestore.timeline2.functionTest.TestServiceFactory.after(TestServiceFactory.java:33)

com.alicloud.openservices.tablestore.timeline2.functionTest.TestExceptionDropTables  Time elapsed: 0.012 sec  <<< ERROR!
java.io.FileNotFoundException: /home/ch61/timelineConf.json (No such file or directory)
	at java.io.FileInputStream.open0(Native Method)
	at java.io.FileInputStream.open(FileInputStream.java:195)
	at java.io.FileInputStream.<init>(FileInputStream.java:138)
	at java.io.FileInputStream.<init>(FileInputStream.java:93)
	at java.io.FileReader.<init>(FileReader.java:58)
	at com.alicloud.openservices.tablestore.timeline2.common.Conf.newInstance(Conf.java:18)
	at com.alicloud.openservices.tablestore.timeline2.common.ServiceWrapper.init(ServiceWrapper.java:33)
	at com.alicloud.openservices.tablestore.timeline2.common.ServiceWrapper.<init>(ServiceWrapper.java:25)
	at com.alicloud.openservices.tablestore.timeline2.common.ServiceWrapper.newInstance(ServiceWrapper.java:29)
	at com.alicloud.openservices.tablestore.timeline2.functionTest.TestExceptionDropTables.setUp(TestExceptionDropTables.java:26)

com.alicloud.openservices.tablestore.timeline2.functionTest.TestTimelineService  Time elapsed: 0.012 sec  <<< ERROR!
java.io.FileNotFoundException: /home/ch61/timelineConf.json (No such file or directory)
	at java.io.FileInputStream.open0(Native Method)
	at java.io.FileInputStream.open(FileInputStream.java:195)
	at java.io.FileInputStream.<init>(FileInputStream.java:138)
	at java.io.FileInputStream.<init>(FileInputStream.java:93)
	at java.io.FileReader.<init>(FileReader.java:58)
	at com.alicloud.openservices.tablestore.timeline2.common.Conf.newInstance(Conf.java:18)
	at com.alicloud.openservices.tablestore.timeline2.common.ServiceWrapper.init(ServiceWrapper.java:33)
	at com.alicloud.openservices.tablestore.timeline2.common.ServiceWrapper.<init>(ServiceWrapper.java:25)
	at com.alicloud.openservices.tablestore.timeline2.common.ServiceWrapper.newInstance(ServiceWrapper.java:29)
	at com.alicloud.openservices.tablestore.timeline2.functionTest.TestTimelineService.setUp(TestTimelineService.java:31)

com.alicloud.openservices.tablestore.timeline2.functionTest.TestTimelineService  Time elapsed: 0.012 sec  <<< ERROR!
java.lang.NullPointerException: null
	at com.alicloud.openservices.tablestore.timeline2.functionTest.TestTimelineService.after(TestTimelineService.java:65)

Running com.alicloud.openservices.tablestore.timeline2.functionTest.TestExceptionOfServiceFactory
java.io.FileNotFoundException: /home/ch61/timelineConf.json (No such file or directory)
	at java.io.FileInputStream.open0(Native Method)
	at java.io.FileInputStream.open(FileInputStream.java:195)
	at java.io.FileInputStream.<init>(FileInputStream.java:138)
	at java.io.FileInputStream.<init>(FileInputStream.java:93)
	at java.io.FileReader.<init>(FileReader.java:58)
	at com.alicloud.openservices.tablestore.timeline2.common.Conf.newInstance(Conf.java:18)
	at com.alicloud.openservices.tablestore.timeline2.functionTest.TestSearchQuery.setUp(TestSearchQuery.java:50)
	at sun.reflect.NativeMethodAccessorImpl.invoke0(Native Method)
	at sun.reflect.NativeMethodAccessorImpl.invoke(NativeMethodAccessorImpl.java:62)
	at sun.reflect.DelegatingMethodAccessorImpl.invoke(DelegatingMethodAccessorImpl.java:43)
	at java.lang.reflect.Method.invoke(Method.java:498)
	at org.junit.runners.model.FrameworkMethod$1.runReflectiveCall(FrameworkMethod.java:45)
	at org.junit.internal.runners.model.ReflectiveCallable.run(ReflectiveCallable.java:15)
	at org.junit.runners.model.FrameworkMethod.invokeExplosively(FrameworkMethod.java:42)
	at org.junit.internal.runners.statements.RunBefores.evaluate(RunBefores.java:27)
	at org.junit.internal.runners.statements.RunAfters.evaluate(RunAfters.java:30)
	at org.junit.runners.ParentRunner.run(ParentRunner.java:300)
	at org.junit.runners.Suite.runChild(Suite.java:128)
	at org.junit.runners.Suite.runChild(Suite.java:24)
	at org.junit.runners.ParentRunner$3.run(ParentRunner.java:231)
	at org.junit.runners.ParentRunner$1.schedule(ParentRunner.java:60)
	at org.junit.runners.ParentRunner.runChildren(ParentRunner.java:229)
	at org.junit.runners.ParentRunner.access$000(ParentRunner.java:50)
	at org.junit.runners.ParentRunner$2.evaluate(ParentRunner.java:222)
	at org.junit.runners.ParentRunner.run(ParentRunner.java:300)
	at org.junit.runner.JUnitCore.run(JUnitCore.java:157)
	at org.junit.runner.JUnitCore.run(JUnitCore.java:136)
	at org.apache.maven.surefire.junitcore.JUnitCoreWrapper.createRequestAndRun(JUnitCoreWrapper.java:113)
	at org.apache.maven.surefire.junitcore.JUnitCoreWrapper.executeEager(JUnitCoreWrapper.java:85)
	at org.apache.maven.surefire.junitcore.JUnitCoreWrapper.execute(JUnitCoreWrapper.java:54)
	at org.apache.maven.surefire.junitcore.JUnitCoreProvider.invoke(JUnitCoreProvider.java:134)
	at org.apache.maven.surefire.booter.ForkedBooter.invokeProviderInSameClassLoader(ForkedBooter.java:200)
	at org.apache.maven.surefire.booter.ForkedBooter.runSuitesInProcess(ForkedBooter.java:153)
	at org.apache.maven.surefire.booter.ForkedBooter.main(ForkedBooter.java:103)
Tests run: 3, Failures: 0, Errors: 2, Skipped: 0, Time elapsed: 1.48 sec <<< FAILURE! - in com.alicloud.openservices.tablestore.timeline2.functionTest.TestTimeline
com.alicloud.openservices.tablestore.timeline2.functionTest.TestTimeline  Time elapsed: 1.472 sec  <<< ERROR!
java.io.FileNotFoundException: /home/ch61/timelineConf.json (No such file or directory)
	at java.io.FileInputStream.open0(Native Method)
	at java.io.FileInputStream.open(FileInputStream.java:195)
	at java.io.FileInputStream.<init>(FileInputStream.java:138)
	at java.io.FileInputStream.<init>(FileInputStream.java:93)
	at java.io.FileReader.<init>(FileReader.java:58)
	at com.alicloud.openservices.tablestore.timeline2.common.Conf.newInstance(Conf.java:18)
	at com.alicloud.openservices.tablestore.timeline2.common.ServiceWrapper.init(ServiceWrapper.java:33)
	at com.alicloud.openservices.tablestore.timeline2.common.ServiceWrapper.<init>(ServiceWrapper.java:25)
	at com.alicloud.openservices.tablestore.timeline2.common.ServiceWrapper.newInstance(ServiceWrapper.java:29)
	at com.alicloud.openservices.tablestore.timeline2.functionTest.TestTimeline.setUp(TestTimeline.java:29)

com.alicloud.openservices.tablestore.timeline2.functionTest.TestTimeline  Time elapsed: 1.472 sec  <<< ERROR!
java.lang.NullPointerException: null
	at com.alicloud.openservices.tablestore.timeline2.functionTest.TestTimeline.after(TestTimeline.java:54)

Running com.alicloud.openservices.tablestore.timeline2.functionTest.TestSearchQuery
Tests run: 15, Failures: 0, Errors: 15, Skipped: 0, Time elapsed: 0.001 sec <<< FAILURE! - in com.alicloud.openservices.tablestore.timeline2.functionTest.TestSearchQuery
testOrSearchMeta(com.alicloud.openservices.tablestore.timeline2.functionTest.TestSearchQuery)  Time elapsed: 0 sec  <<< ERROR!
java.lang.NullPointerException: null
	at com.alicloud.openservices.tablestore.timeline2.functionTest.TestSearchQuery.testOrSearchMeta(TestSearchQuery.java:268)

testMatchSearchMeta(com.alicloud.openservices.tablestore.timeline2.functionTest.TestSearchQuery)  Time elapsed: 0 sec  <<< ERROR!
java.lang.NullPointerException: null
	at com.alicloud.openservices.tablestore.timeline2.functionTest.TestSearchQuery.testMatchSearchMeta(TestSearchQuery.java:87)

testWildcardSearchMeta(com.alicloud.openservices.tablestore.timeline2.functionTest.TestSearchQuery)  Time elapsed: 0 sec  <<< ERROR!
java.lang.NullPointerException: null
	at com.alicloud.openservices.tablestore.timeline2.functionTest.TestSearchQuery.testWildcardSearchMeta(TestSearchQuery.java:180)

testTermSearchMeta(com.alicloud.openservices.tablestore.timeline2.functionTest.TestSearchQuery)  Time elapsed: 0 sec  <<< ERROR!
java.lang.NullPointerException: null
	at com.alicloud.openservices.tablestore.timeline2.functionTest.TestSearchQuery.testTermSearchMeta(TestSearchQuery.java:150)

testRangeSearchMeta(com.alicloud.openservices.tablestore.timeline2.functionTest.TestSearchQuery)  Time elapsed: 0 sec  <<< ERROR!
java.lang.NullPointerException: null
	at com.alicloud.openservices.tablestore.timeline2.functionTest.TestSearchQuery.testRangeSearchMeta(TestSearchQuery.java:120)

testNotSearchMeta(com.alicloud.openservices.tablestore.timeline2.functionTest.TestSearchQuery)  Time elapsed: 0 sec  <<< ERROR!
java.lang.NullPointerException: null
	at com.alicloud.openservices.tablestore.timeline2.functionTest.TestSearchQuery.testNotSearchMeta(TestSearchQuery.java:299)

testPrefixSearchMeta(com.alicloud.openservices.tablestore.timeline2.functionTest.TestSearchQuery)  Time elapsed: 0 sec  <<< ERROR!
java.lang.NullPointerException: null
	at com.alicloud.openservices.tablestore.timeline2.functionTest.TestSearchQuery.testPrefixSearchMeta(TestSearchQuery.java:195)

testAndSearchMeta(com.alicloud.openservices.tablestore.timeline2.functionTest.TestSearchQuery)  Time elapsed: 0 sec  <<< ERROR!
java.lang.NullPointerException: null
	at com.alicloud.openservices.tablestore.timeline2.functionTest.TestSearchQuery.testAndSearchMeta(TestSearchQuery.java:234)

testTermsSearchMeta(com.alicloud.openservices.tablestore.timeline2.functionTest.TestSearchQuery)  Time elapsed: 0 sec  <<< ERROR!
java.lang.NullPointerException: null
	at com.alicloud.openservices.tablestore.timeline2.functionTest.TestSearchQuery.testTermsSearchMeta(TestSearchQuery.java:165)

testNotSearchTimeline(com.alicloud.openservices.tablestore.timeline2.functionTest.TestSearchQuery)  Time elapsed: 0 sec  <<< ERROR!
java.lang.NullPointerException: null
	at com.alicloud.openservices.tablestore.timeline2.functionTest.TestSearchQuery.testNotSearchTimeline(TestSearchQuery.java:398)

testMatchPhraseSearchMeta(com.alicloud.openservices.tablestore.timeline2.functionTest.TestSearchQuery)  Time elapsed: 0 sec  <<< ERROR!
java.lang.NullPointerException: null
	at com.alicloud.openservices.tablestore.timeline2.functionTest.TestSearchQuery.testMatchPhraseSearchMeta(TestSearchQuery.java:104)

testBooleanSearchMeta(com.alicloud.openservices.tablestore.timeline2.functionTest.TestSearchQuery)  Time elapsed: 0 sec  <<< ERROR!
java.lang.NullPointerException: null
	at com.alicloud.openservices.tablestore.timeline2.functionTest.TestSearchQuery.testBooleanSearchMeta(TestSearchQuery.java:135)

testAndSearchTimeline(com.alicloud.openservices.tablestore.timeline2.functionTest.TestSearchQuery)  Time elapsed: 0 sec  <<< ERROR!
java.lang.NullPointerException: null
	at com.alicloud.openservices.tablestore.timeline2.functionTest.TestSearchQuery.testAndSearchTimeline(TestSearchQuery.java:334)

testOrSearchTimeline(com.alicloud.openservices.tablestore.timeline2.functionTest.TestSearchQuery)  Time elapsed: 0 sec  <<< ERROR!
java.lang.NullPointerException: null
	at com.alicloud.openservices.tablestore.timeline2.functionTest.TestSearchQuery.testOrSearchTimeline(TestSearchQuery.java:368)

com.alicloud.openservices.tablestore.timeline2.functionTest.TestSearchQuery  Time elapsed: 0 sec  <<< ERROR!
java.lang.NullPointerException: null
	at com.alicloud.openservices.tablestore.timeline2.functionTest.TestSearchQuery.after(TestSearchQuery.java:68)

Running com.alicloud.openservices.tablestore.timeline2.model.TestTimelineMetaSchema
Tests run: 1, Failures: 0, Errors: 0, Skipped: 0, Time elapsed: 0.003 sec - in com.alicloud.openservices.tablestore.timeline2.model.TestTimelineMetaSchema
Running com.alicloud.openservices.tablestore.timeline2.model.TestTimelineMeta
Tests run: 2, Failures: 0, Errors: 0, Skipped: 0, Time elapsed: 0.049 sec - in com.alicloud.openservices.tablestore.timeline2.model.TestTimelineMeta
Running com.alicloud.openservices.tablestore.timeline2.model.TestTimelineIdentifier
Tests run: 1, Failures: 0, Errors: 0, Skipped: 0, Time elapsed: 0.002 sec - in com.alicloud.openservices.tablestore.timeline2.model.TestTimelineIdentifier
Running com.alicloud.openservices.tablestore.timeline2.model.TestTimelineSchema
Tests run: 1, Failures: 0, Errors: 0, Skipped: 0, Time elapsed: 0 sec - in com.alicloud.openservices.tablestore.timeline2.model.TestTimelineSchema
Running com.alicloud.openservices.tablestore.timeline2.model.TestTimelineMessage
Tests run: 2, Failures: 0, Errors: 0, Skipped: 0, Time elapsed: 0.001 sec - in com.alicloud.openservices.tablestore.timeline2.model.TestTimelineMessage
Running com.alicloud.openservices.tablestore.timeline2.model.TestTimelineEntry
Tests run: 1, Failures: 0, Errors: 0, Skipped: 0, Time elapsed: 0.003 sec - in com.alicloud.openservices.tablestore.timeline2.model.TestTimelineEntry
Running com.alicloud.openservices.tablestore.timeline2.model.TestIdentifierSchema
Tests run: 1, Failures: 0, Errors: 0, Skipped: 0, Time elapsed: 0 sec - in com.alicloud.openservices.tablestore.timeline2.model.TestIdentifierSchema
Running com.alicloud.openservices.tablestore.timeline2.utils.TestUtils
Tests run: 10, Failures: 0, Errors: 0, Skipped: 0, Time elapsed: 0.005 sec - in com.alicloud.openservices.tablestore.timeline2.utils.TestUtils
Running com.alicloud.openservices.tablestore.timeline2.utils.TestTimelineException
Tests run: 1, Failures: 0, Errors: 0, Skipped: 0, Time elapsed: 0 sec - in com.alicloud.openservices.tablestore.timeline2.utils.TestTimelineException
Running com.alicloud.openservices.tablestore.timeline2.utils.TestPreconditions
Tests run: 4, Failures: 0, Errors: 0, Skipped: 0, Time elapsed: 0.004 sec - in com.alicloud.openservices.tablestore.timeline2.utils.TestPreconditions
Running com.alicloud.openservices.tablestore.timeline2.query.TestField
Tests run: 11, Failures: 0, Errors: 0, Skipped: 0, Time elapsed: 0.002 sec - in com.alicloud.openservices.tablestore.timeline2.query.TestField
Running com.alicloud.openservices.tablestore.timeline2.query.TestFieldCondition
Tests run: 1, Failures: 0, Errors: 0, Skipped: 0, Time elapsed: 0 sec - in com.alicloud.openservices.tablestore.timeline2.query.TestFieldCondition
Running com.alicloud.openservices.tablestore.timeline2.query.TestScanParameter
Tests run: 2, Failures: 0, Errors: 0, Skipped: 0, Time elapsed: 0.001 sec - in com.alicloud.openservices.tablestore.timeline2.query.TestScanParameter

Results :

Tests in error: 
  TestTimelineV1.setUp:58->initTimelineV1:325 » InvalidCredentials Access key id...
  TestTimelineV1.after:67 NullPointer
  TestDropTable.setUp:29 » FileNotFound /home/ch61/timelineConf.json (No such fi...
  TestExceptionOfService.setUp:40 » FileNotFound /home/ch61/timelineConf.json (N...
  TestSearchParameter.testTermSearchMeta:128 NullPointer
  TestSearchParameter.testWildcardSearchMeta:150 NullPointer
  TestSearchParameter.testMatchSearchMeta:84 NullPointer
  TestSearchParameter.testPrefixSearchMeta:161 NullPointer
  TestSearchParameter.testBooleanSearchMeta:117 NullPointer
  TestSearchParameter.testNotSearchMeta:211 NullPointer
  TestSearchParameter.testAndSearchTimeline:228 NullPointer
  TestSearchParameter.testRangeSearchMeta:106 NullPointer
  TestSearchParameter.testOrSearchMeta:196 NullPointer
  TestSearchParameter.testNotSearchTimeline:262 NullPointer
  TestSearchParameter.testAndSearchMeta:178 NullPointer
  TestSearchParameter.testTermsSearchMeta:139 NullPointer
  TestSearchParameter.testOrSearchTimeline:245 NullPointer
  TestSearchParameter.testMatchPhraseSearchMeta:95 NullPointer
  TestSearchParameter.after:70 NullPointer
  TestMetaService.setUp:31 » FileNotFound /home/ch61/timelineConf.json (No such ...
  TestMetaService.after:37 NullPointer
  TestServiceClose.setUp:23 » FileNotFound /home/ch61/timelineConf.json (No such...
  TestServiceClose.after:51 NullPointer
  TestServiceFactory.setUp:24 » FileNotFound /home/ch61/timelineConf.json (No su...
  TestServiceFactory.after:33 NullPointer
  TestExceptionDropTables.setUp:26 » FileNotFound /home/ch61/timelineConf.json (...
  TestTimelineService.setUp:31 » FileNotFound /home/ch61/timelineConf.json (No s...
  TestTimelineService.after:65 NullPointer
  TestTimeline.setUp:29 » FileNotFound /home/ch61/timelineConf.json (No such fil...
  TestTimeline.after:54 NullPointer
  TestSearchQuery.testOrSearchMeta:268 NullPointer
  TestSearchQuery.testMatchSearchMeta:87 NullPointer
  TestSearchQuery.testWildcardSearchMeta:180 NullPointer
  TestSearchQuery.testTermSearchMeta:150 NullPointer
  TestSearchQuery.testRangeSearchMeta:120 NullPointer
  TestSearchQuery.testNotSearchMeta:299 NullPointer
  TestSearchQuery.testPrefixSearchMeta:195 NullPointer
  TestSearchQuery.testAndSearchMeta:234 NullPointer
  TestSearchQuery.testTermsSearchMeta:165 NullPointer
  TestSearchQuery.testNotSearchTimeline:398 NullPointer
  TestSearchQuery.testMatchPhraseSearchMeta:104 NullPointer
  TestSearchQuery.testBooleanSearchMeta:135 NullPointer
  TestSearchQuery.testAndSearchTimeline:334 NullPointer
  TestSearchQuery.testOrSearchTimeline:368 NullPointer
  TestSearchQuery.after:68 NullPointer

Tests run: 84, Failures: 0, Errors: 45, Skipped: 0

INFO: Surefire failed when running tests for 9eeHsZ2qqeqM5G8ChtqugVxJQiA2dsgsAX1COgHSA=
INFO: Adding excluded groups to newly created one
INFO: Creating new argline for Surefire
CONFIG: nondexFilter=.*
nondexMode=FULL
nondexSeed=1016066
nondexStart=0
nondexEnd=9223372036854775807
nondexPrintstack=false
nondexDir=/home/ch61/tablestore-timeline/.nondex
nondexJarDir=/home/ch61/tablestore-timeline/.nondex
nondexExecid=JqggoleEi+ZH+s7CMJh4quogsNyBJgNeK7jBquVzJg=
nondexLogging=CONFIG
test=
[[1;34mINFO[m] Surefire report directory: /home/ch61/tablestore-timeline/.nondex/JqggoleEi+ZH+s7CMJh4quogsNyBJgNeK7jBquVzJg=
[[1;34mINFO[m] parallel='none', perCoreThreadCount=true, threadCount=0, useUnlimitedThreads=false, threadCountSuites=0, threadCountClasses=0, threadCountMethods=0, parallelOptimized=true

-------------------------------------------------------
 T E S T S
-------------------------------------------------------
java.io.FileNotFoundException: /home/ch61/timelineConf.json (No such file or directory)
	at java.io.FileInputStream.open0(Native Method)
	at java.io.FileInputStream.open(FileInputStream.java:195)
	at java.io.FileInputStream.<init>(FileInputStream.java:138)
	at java.io.FileInputStream.<init>(FileInputStream.java:93)
	at java.io.FileReader.<init>(FileReader.java:58)
	at com.alicloud.openservices.tablestore.timeline2.common.Conf.newInstance(Conf.java:18)
	at com.alicloud.openservices.tablestore.timeline2.functionTest.TestTimelineV1.setUp(TestTimelineV1.java:49)
	at sun.reflect.NativeMethodAccessorImpl.invoke0(Native Method)
	at sun.reflect.NativeMethodAccessorImpl.invoke(NativeMethodAccessorImpl.java:62)
	at sun.reflect.DelegatingMethodAccessorImpl.invoke(DelegatingMethodAccessorImpl.java:43)
	at java.lang.reflect.Method.invoke(Method.java:498)
	at org.junit.runners.model.FrameworkMethod$1.runReflectiveCall(FrameworkMethod.java:45)
	at org.junit.internal.runners.model.ReflectiveCallable.run(ReflectiveCallable.java:15)
	at org.junit.runners.model.FrameworkMethod.invokeExplosively(FrameworkMethod.java:42)
	at org.junit.internal.runners.statements.RunBefores.evaluate(RunBefores.java:27)
	at org.junit.internal.runners.statements.RunAfters.evaluate(RunAfters.java:30)
	at org.junit.runners.ParentRunner.run(ParentRunner.java:300)
	at org.junit.runners.Suite.runChild(Suite.java:128)
	at org.junit.runners.Suite.runChild(Suite.java:24)
	at org.junit.runners.ParentRunner$3.run(ParentRunner.java:231)
	at org.junit.runners.ParentRunner$1.schedule(ParentRunner.java:60)
	at org.junit.runners.ParentRunner.runChildren(ParentRunner.java:229)
	at org.junit.runners.ParentRunner.access$000(ParentRunner.java:50)
	at org.junit.runners.ParentRunner$2.evaluate(ParentRunner.java:222)
	at org.junit.runners.ParentRunner.run(ParentRunner.java:300)
	at org.junit.runner.JUnitCore.run(JUnitCore.java:157)
	at org.junit.runner.JUnitCore.run(JUnitCore.java:136)
	at org.apache.maven.surefire.junitcore.JUnitCoreWrapper.createRequestAndRun(JUnitCoreWrapper.java:113)
	at org.apache.maven.surefire.junitcore.JUnitCoreWrapper.executeEager(JUnitCoreWrapper.java:85)
	at org.apache.maven.surefire.junitcore.JUnitCoreWrapper.execute(JUnitCoreWrapper.java:54)
	at org.apache.maven.surefire.junitcore.JUnitCoreProvider.invoke(JUnitCoreProvider.java:134)
	at org.apache.maven.surefire.booter.ForkedBooter.invokeProviderInSameClassLoader(ForkedBooter.java:200)
	at org.apache.maven.surefire.booter.ForkedBooter.runSuitesInProcess(ForkedBooter.java:153)
	at org.apache.maven.surefire.booter.ForkedBooter.main(ForkedBooter.java:103)
SLF4J: Failed to load class "org.slf4j.impl.StaticLoggerBinder".
SLF4J: Defaulting to no-operation (NOP) logger implementation
SLF4J: See http://www.slf4j.org/codes.html#StaticLoggerBinder for further details.
java.io.FileNotFoundException: /home/ch61/timelineConf.json (No such file or directory)
	at java.io.FileInputStream.open0(Native Method)
	at java.io.FileInputStream.open(FileInputStream.java:195)
	at java.io.FileInputStream.<init>(FileInputStream.java:138)
	at java.io.FileInputStream.<init>(FileInputStream.java:93)
	at java.io.FileReader.<init>(FileReader.java:58)
	at com.alicloud.openservices.tablestore.timeline2.common.Conf.newInstance(Conf.java:18)
	at com.alicloud.openservices.tablestore.timeline2.functionTest.TestSearchParameter.setUp(TestSearchParameter.java:51)
	at sun.reflect.NativeMethodAccessorImpl.invoke0(Native Method)
	at sun.reflect.NativeMethodAccessorImpl.invoke(NativeMethodAccessorImpl.java:62)
	at sun.reflect.DelegatingMethodAccessorImpl.invoke(DelegatingMethodAccessorImpl.java:43)
	at java.lang.reflect.Method.invoke(Method.java:498)
	at org.junit.runners.model.FrameworkMethod$1.runReflectiveCall(FrameworkMethod.java:45)
	at org.junit.internal.runners.model.ReflectiveCallable.run(ReflectiveCallable.java:15)
	at org.junit.runners.model.FrameworkMethod.invokeExplosively(FrameworkMethod.java:42)
	at org.junit.internal.runners.statements.RunBefores.evaluate(RunBefores.java:27)
	at org.junit.internal.runners.statements.RunAfters.evaluate(RunAfters.java:30)
	at org.junit.runners.ParentRunner.run(ParentRunner.java:300)
	at org.junit.runners.Suite.runChild(Suite.java:128)
	at org.junit.runners.Suite.runChild(Suite.java:24)
	at org.junit.runners.ParentRunner$3.run(ParentRunner.java:231)
	at org.junit.runners.ParentRunner$1.schedule(ParentRunner.java:60)
	at org.junit.runners.ParentRunner.runChildren(ParentRunner.java:229)
	at org.junit.runners.ParentRunner.access$000(ParentRunner.java:50)
	at org.junit.runners.ParentRunner$2.evaluate(ParentRunner.java:222)
	at org.junit.runners.ParentRunner.run(ParentRunner.java:300)
	at org.junit.runner.JUnitCore.run(JUnitCore.java:157)
	at org.junit.runner.JUnitCore.run(JUnitCore.java:136)
	at org.apache.maven.surefire.junitcore.JUnitCoreWrapper.createRequestAndRun(JUnitCoreWrapper.java:113)
	at org.apache.maven.surefire.junitcore.JUnitCoreWrapper.executeEager(JUnitCoreWrapper.java:85)
	at org.apache.maven.surefire.junitcore.JUnitCoreWrapper.execute(JUnitCoreWrapper.java:54)
	at org.apache.maven.surefire.junitcore.JUnitCoreProvider.invoke(JUnitCoreProvider.java:134)
	at org.apache.maven.surefire.booter.ForkedBooter.invokeProviderInSameClassLoader(ForkedBooter.java:200)
	at org.apache.maven.surefire.booter.ForkedBooter.runSuitesInProcess(ForkedBooter.java:153)
	at org.apache.maven.surefire.booter.ForkedBooter.main(ForkedBooter.java:103)
Tests run: 4, Failures: 0, Errors: 4, Skipped: 0, Time elapsed: 879,592.351 sec <<< FAILURE! - in com.alicloud.openservices.tablestore.timeline2.functionTest.TestExceptionOfService
com.alicloud.openservices.tablestore.timeline2.functionTest.TestTimelineV1  Time elapsed: 879,592.342 sec  <<< ERROR!
com.alicloud.openservices.tablestore.core.auth.InvalidCredentialsException: Access key id should not be null or empty.
	at com.alicloud.openservices.tablestore.core.auth.DefaultCredentialProvider.checkCredentials(DefaultCredentialProvider.java:63)
	at com.alicloud.openservices.tablestore.core.auth.DefaultCredentialProvider.<init>(DefaultCredentialProvider.java:38)
	at com.alicloud.openservices.tablestore.core.auth.CredentialsProviderFactory.newDefaultCredentialProvider(CredentialsProviderFactory.java:56)
	at com.alicloud.openservices.tablestore.InternalClient.<init>(InternalClient.java:127)
	at com.alicloud.openservices.tablestore.AsyncClient.<init>(AsyncClient.java:105)
	at com.alicloud.openservices.tablestore.AsyncClient.<init>(AsyncClient.java:54)
	at com.alicloud.openservices.tablestore.timeline.store.DistributeTimelineStore.<init>(DistributeTimelineStore.java:40)
	at com.alicloud.openservices.tablestore.timeline2.functionTest.TestTimelineV1.initTimelineV1(TestTimelineV1.java:325)
	at com.alicloud.openservices.tablestore.timeline2.functionTest.TestTimelineV1.setUp(TestTimelineV1.java:58)

com.alicloud.openservices.tablestore.timeline2.functionTest.TestTimelineV1  Time elapsed: 879,592.342 sec  <<< ERROR!
java.lang.NullPointerException: null
	at com.alicloud.openservices.tablestore.timeline2.functionTest.TestTimelineV1.after(TestTimelineV1.java:67)

com.alicloud.openservices.tablestore.timeline2.functionTest.TestDropTable  Time elapsed: 879,592.342 sec  <<< ERROR!
java.io.FileNotFoundException: /home/ch61/timelineConf.json (No such file or directory)
	at java.io.FileInputStream.open0(Native Method)
	at java.io.FileInputStream.open(FileInputStream.java:195)
	at java.io.FileInputStream.<init>(FileInputStream.java:138)
	at java.io.FileInputStream.<init>(FileInputStream.java:93)
	at java.io.FileReader.<init>(FileReader.java:58)
	at com.alicloud.openservices.tablestore.timeline2.common.Conf.newInstance(Conf.java:18)
	at com.alicloud.openservices.tablestore.timeline2.common.ServiceWrapper.init(ServiceWrapper.java:33)
	at com.alicloud.openservices.tablestore.timeline2.common.ServiceWrapper.<init>(ServiceWrapper.java:25)
	at com.alicloud.openservices.tablestore.timeline2.common.ServiceWrapper.newInstance(ServiceWrapper.java:29)
	at com.alicloud.openservices.tablestore.timeline2.functionTest.TestDropTable.setUp(TestDropTable.java:29)

com.alicloud.openservices.tablestore.timeline2.functionTest.TestExceptionOfService  Time elapsed: 879,592.343 sec  <<< ERROR!
java.io.FileNotFoundException: /home/ch61/timelineConf.json (No such file or directory)
	at java.io.FileInputStream.open0(Native Method)
	at java.io.FileInputStream.open(FileInputStream.java:195)
	at java.io.FileInputStream.<init>(FileInputStream.java:138)
	at java.io.FileInputStream.<init>(FileInputStream.java:93)
	at java.io.FileReader.<init>(FileReader.java:58)
	at com.alicloud.openservices.tablestore.timeline2.common.Conf.newInstance(Conf.java:18)
	at com.alicloud.openservices.tablestore.timeline2.common.ServiceWrapper.init(ServiceWrapper.java:33)
	at com.alicloud.openservices.tablestore.timeline2.common.ServiceWrapper.<init>(ServiceWrapper.java:25)
	at com.alicloud.openservices.tablestore.timeline2.common.ServiceWrapper.newInstance(ServiceWrapper.java:29)
	at com.alicloud.openservices.tablestore.timeline2.functionTest.TestExceptionOfService.setUp(TestExceptionOfService.java:40)

Running com.alicloud.openservices.tablestore.timeline2.functionTest.TestSearchParameter
Tests run: 24, Failures: 0, Errors: 24, Skipped: 0, Time elapsed: 0.024 sec <<< FAILURE! - in com.alicloud.openservices.tablestore.timeline2.functionTest.TestTimelineService
testTermsSearchMeta(com.alicloud.openservices.tablestore.timeline2.functionTest.TestSearchParameter)  Time elapsed: 0 sec  <<< ERROR!
java.lang.NullPointerException: null
	at com.alicloud.openservices.tablestore.timeline2.functionTest.TestSearchParameter.testTermsSearchMeta(TestSearchParameter.java:139)

testMatchPhraseSearchMeta(com.alicloud.openservices.tablestore.timeline2.functionTest.TestSearchParameter)  Time elapsed: 0.002 sec  <<< ERROR!
java.lang.NullPointerException: null
	at com.alicloud.openservices.tablestore.timeline2.functionTest.TestSearchParameter.testMatchPhraseSearchMeta(TestSearchParameter.java:95)

testRangeSearchMeta(com.alicloud.openservices.tablestore.timeline2.functionTest.TestSearchParameter)  Time elapsed: 0 sec  <<< ERROR!
java.lang.NullPointerException: null
	at com.alicloud.openservices.tablestore.timeline2.functionTest.TestSearchParameter.testRangeSearchMeta(TestSearchParameter.java:106)

testAndSearchTimeline(com.alicloud.openservices.tablestore.timeline2.functionTest.TestSearchParameter)  Time elapsed: 0.002 sec  <<< ERROR!
java.lang.NullPointerException: null
	at com.alicloud.openservices.tablestore.timeline2.functionTest.TestSearchParameter.testAndSearchTimeline(TestSearchParameter.java:228)

testOrSearchTimeline(com.alicloud.openservices.tablestore.timeline2.functionTest.TestSearchParameter)  Time elapsed: 0 sec  <<< ERROR!
java.lang.NullPointerException: null
	at com.alicloud.openservices.tablestore.timeline2.functionTest.TestSearchParameter.testOrSearchTimeline(TestSearchParameter.java:245)

testWildcardSearchMeta(com.alicloud.openservices.tablestore.timeline2.functionTest.TestSearchParameter)  Time elapsed: 0.001 sec  <<< ERROR!
java.lang.NullPointerException: null
	at com.alicloud.openservices.tablestore.timeline2.functionTest.TestSearchParameter.testWildcardSearchMeta(TestSearchParameter.java:150)

testTermSearchMeta(com.alicloud.openservices.tablestore.timeline2.functionTest.TestSearchParameter)  Time elapsed: 0 sec  <<< ERROR!
java.lang.NullPointerException: null
	at com.alicloud.openservices.tablestore.timeline2.functionTest.TestSearchParameter.testTermSearchMeta(TestSearchParameter.java:128)

testOrSearchMeta(com.alicloud.openservices.tablestore.timeline2.functionTest.TestSearchParameter)  Time elapsed: 0 sec  <<< ERROR!
java.lang.NullPointerException: null
	at com.alicloud.openservices.tablestore.timeline2.functionTest.TestSearchParameter.testOrSearchMeta(TestSearchParameter.java:196)

testMatchSearchMeta(com.alicloud.openservices.tablestore.timeline2.functionTest.TestSearchParameter)  Time elapsed: 0.001 sec  <<< ERROR!
java.lang.NullPointerException: null
	at com.alicloud.openservices.tablestore.timeline2.functionTest.TestSearchParameter.testMatchSearchMeta(TestSearchParameter.java:84)

testBooleanSearchMeta(com.alicloud.openservices.tablestore.timeline2.functionTest.TestSearchParameter)  Time elapsed: 0 sec  <<< ERROR!
java.lang.NullPointerException: null
	at com.alicloud.openservices.tablestore.timeline2.functionTest.TestSearchParameter.testBooleanSearchMeta(TestSearchParameter.java:117)

testPrefixSearchMeta(com.alicloud.openservices.tablestore.timeline2.functionTest.TestSearchParameter)  Time elapsed: 0 sec  <<< ERROR!
java.lang.NullPointerException: null
	at com.alicloud.openservices.tablestore.timeline2.functionTest.TestSearchParameter.testPrefixSearchMeta(TestSearchParameter.java:161)

testAndSearchMeta(com.alicloud.openservices.tablestore.timeline2.functionTest.TestSearchParameter)  Time elapsed: 0 sec  <<< ERROR!
java.lang.NullPointerException: null
	at com.alicloud.openservices.tablestore.timeline2.functionTest.TestSearchParameter.testAndSearchMeta(TestSearchParameter.java:178)

testNotSearchMeta(com.alicloud.openservices.tablestore.timeline2.functionTest.TestSearchParameter)  Time elapsed: 0 sec  <<< ERROR!
java.lang.NullPointerException: null
	at com.alicloud.openservices.tablestore.timeline2.functionTest.TestSearchParameter.testNotSearchMeta(TestSearchParameter.java:211)

testNotSearchTimeline(com.alicloud.openservices.tablestore.timeline2.functionTest.TestSearchParameter)  Time elapsed: 0.001 sec  <<< ERROR!
java.lang.NullPointerException: null
	at com.alicloud.openservices.tablestore.timeline2.functionTest.TestSearchParameter.testNotSearchTimeline(TestSearchParameter.java:262)

com.alicloud.openservices.tablestore.timeline2.functionTest.TestSearchParameter  Time elapsed: 0.001 sec  <<< ERROR!
java.lang.NullPointerException: null
	at com.alicloud.openservices.tablestore.timeline2.functionTest.TestSearchParameter.after(TestSearchParameter.java:70)

com.alicloud.openservices.tablestore.timeline2.functionTest.TestMetaService  Time elapsed: 0.006 sec  <<< ERROR!
java.io.FileNotFoundException: /home/ch61/timelineConf.json (No such file or directory)
	at java.io.FileInputStream.open0(Native Method)
	at java.io.FileInputStream.open(FileInputStream.java:195)
	at java.io.FileInputStream.<init>(FileInputStream.java:138)
	at java.io.FileInputStream.<init>(FileInputStream.java:93)
	at java.io.FileReader.<init>(FileReader.java:58)
	at com.alicloud.openservices.tablestore.timeline2.common.Conf.newInstance(Conf.java:18)
	at com.alicloud.openservices.tablestore.timeline2.common.ServiceWrapper.init(ServiceWrapper.java:33)
	at com.alicloud.openservices.tablestore.timeline2.common.ServiceWrapper.<init>(ServiceWrapper.java:25)
	at com.alicloud.openservices.tablestore.timeline2.common.ServiceWrapper.newInstance(ServiceWrapper.java:29)
	at com.alicloud.openservices.tablestore.timeline2.functionTest.TestMetaService.setUp(TestMetaService.java:31)

com.alicloud.openservices.tablestore.timeline2.functionTest.TestMetaService  Time elapsed: 0.006 sec  <<< ERROR!
java.lang.NullPointerException: null
	at com.alicloud.openservices.tablestore.timeline2.functionTest.TestMetaService.after(TestMetaService.java:37)

com.alicloud.openservices.tablestore.timeline2.functionTest.TestServiceClose  Time elapsed: 0.006 sec  <<< ERROR!
java.io.FileNotFoundException: /home/ch61/timelineConf.json (No such file or directory)
	at java.io.FileInputStream.open0(Native Method)
	at java.io.FileInputStream.open(FileInputStream.java:195)
	at java.io.FileInputStream.<init>(FileInputStream.java:138)
	at java.io.FileInputStream.<init>(FileInputStream.java:93)
	at java.io.FileReader.<init>(FileReader.java:58)
	at com.alicloud.openservices.tablestore.timeline2.common.Conf.newInstance(Conf.java:18)
	at com.alicloud.openservices.tablestore.timeline2.common.ServiceWrapper.init(ServiceWrapper.java:33)
	at com.alicloud.openservices.tablestore.timeline2.common.ServiceWrapper.<init>(ServiceWrapper.java:25)
	at com.alicloud.openservices.tablestore.timeline2.common.ServiceWrapper.newInstance(ServiceWrapper.java:29)
	at com.alicloud.openservices.tablestore.timeline2.functionTest.TestServiceClose.setUp(TestServiceClose.java:23)

com.alicloud.openservices.tablestore.timeline2.functionTest.TestServiceClose  Time elapsed: 0.006 sec  <<< ERROR!
java.lang.NullPointerException: null
	at com.alicloud.openservices.tablestore.timeline2.functionTest.TestServiceClose.after(TestServiceClose.java:51)

com.alicloud.openservices.tablestore.timeline2.functionTest.TestServiceFactory  Time elapsed: 0.006 sec  <<< ERROR!
java.io.FileNotFoundException: /home/ch61/timelineConf.json (No such file or directory)
	at java.io.FileInputStream.open0(Native Method)
	at java.io.FileInputStream.open(FileInputStream.java:195)
	at java.io.FileInputStream.<init>(FileInputStream.java:138)
	at java.io.FileInputStream.<init>(FileInputStream.java:93)
	at java.io.FileReader.<init>(FileReader.java:58)
	at com.alicloud.openservices.tablestore.timeline2.common.Conf.newInstance(Conf.java:18)
	at com.alicloud.openservices.tablestore.timeline2.common.ServiceWrapper.init(ServiceWrapper.java:33)
	at com.alicloud.openservices.tablestore.timeline2.common.ServiceWrapper.<init>(ServiceWrapper.java:25)
	at com.alicloud.openservices.tablestore.timeline2.common.ServiceWrapper.newInstance(ServiceWrapper.java:29)
	at com.alicloud.openservices.tablestore.timeline2.functionTest.TestServiceFactory.setUp(TestServiceFactory.java:24)

com.alicloud.openservices.tablestore.timeline2.functionTest.TestServiceFactory  Time elapsed: 0.006 sec  <<< ERROR!
java.lang.NullPointerException: null
	at com.alicloud.openservices.tablestore.timeline2.functionTest.TestServiceFactory.after(TestServiceFactory.java:33)

com.alicloud.openservices.tablestore.timeline2.functionTest.TestExceptionDropTables  Time elapsed: 0.007 sec  <<< ERROR!
java.io.FileNotFoundException: /home/ch61/timelineConf.json (No such file or directory)
	at java.io.FileInputStream.open0(Native Method)
	at java.io.FileInputStream.open(FileInputStream.java:195)
	at java.io.FileInputStream.<init>(FileInputStream.java:138)
	at java.io.FileInputStream.<init>(FileInputStream.java:93)
	at java.io.FileReader.<init>(FileReader.java:58)
	at com.alicloud.openservices.tablestore.timeline2.common.Conf.newInstance(Conf.java:18)
	at com.alicloud.openservices.tablestore.timeline2.common.ServiceWrapper.init(ServiceWrapper.java:33)
	at com.alicloud.openservices.tablestore.timeline2.common.ServiceWrapper.<init>(ServiceWrapper.java:25)
	at com.alicloud.openservices.tablestore.timeline2.common.ServiceWrapper.newInstance(ServiceWrapper.java:29)
	at com.alicloud.openservices.tablestore.timeline2.functionTest.TestExceptionDropTables.setUp(TestExceptionDropTables.java:26)

com.alicloud.openservices.tablestore.timeline2.functionTest.TestTimelineService  Time elapsed: 0.008 sec  <<< ERROR!
java.io.FileNotFoundException: /home/ch61/timelineConf.json (No such file or directory)
	at java.io.FileInputStream.open0(Native Method)
	at java.io.FileInputStream.open(FileInputStream.java:195)
	at java.io.FileInputStream.<init>(FileInputStream.java:138)
	at java.io.FileInputStream.<init>(FileInputStream.java:93)
	at java.io.FileReader.<init>(FileReader.java:58)
	at com.alicloud.openservices.tablestore.timeline2.common.Conf.newInstance(Conf.java:18)
	at com.alicloud.openservices.tablestore.timeline2.common.ServiceWrapper.init(ServiceWrapper.java:33)
	at com.alicloud.openservices.tablestore.timeline2.common.ServiceWrapper.<init>(ServiceWrapper.java:25)
	at com.alicloud.openservices.tablestore.timeline2.common.ServiceWrapper.newInstance(ServiceWrapper.java:29)
	at com.alicloud.openservices.tablestore.timeline2.functionTest.TestTimelineService.setUp(TestTimelineService.java:31)

com.alicloud.openservices.tablestore.timeline2.functionTest.TestTimelineService  Time elapsed: 0.011 sec  <<< ERROR!
java.lang.NullPointerException: null
	at com.alicloud.openservices.tablestore.timeline2.functionTest.TestTimelineService.after(TestTimelineService.java:65)

Running com.alicloud.openservices.tablestore.timeline2.functionTest.TestExceptionOfServiceFactory
java.io.FileNotFoundException: /home/ch61/timelineConf.json (No such file or directory)
	at java.io.FileInputStream.open0(Native Method)
	at java.io.FileInputStream.open(FileInputStream.java:195)
	at java.io.FileInputStream.<init>(FileInputStream.java:138)
	at java.io.FileInputStream.<init>(FileInputStream.java:93)
	at java.io.FileReader.<init>(FileReader.java:58)
	at com.alicloud.openservices.tablestore.timeline2.common.Conf.newInstance(Conf.java:18)
	at com.alicloud.openservices.tablestore.timeline2.functionTest.TestSearchQuery.setUp(TestSearchQuery.java:50)
	at sun.reflect.NativeMethodAccessorImpl.invoke0(Native Method)
	at sun.reflect.NativeMethodAccessorImpl.invoke(NativeMethodAccessorImpl.java:62)
	at sun.reflect.DelegatingMethodAccessorImpl.invoke(DelegatingMethodAccessorImpl.java:43)
	at java.lang.reflect.Method.invoke(Method.java:498)
	at org.junit.runners.model.FrameworkMethod$1.runReflectiveCall(FrameworkMethod.java:45)
	at org.junit.internal.runners.model.ReflectiveCallable.run(ReflectiveCallable.java:15)
	at org.junit.runners.model.FrameworkMethod.invokeExplosively(FrameworkMethod.java:42)
	at org.junit.internal.runners.statements.RunBefores.evaluate(RunBefores.java:27)
	at org.junit.internal.runners.statements.RunAfters.evaluate(RunAfters.java:30)
	at org.junit.runners.ParentRunner.run(ParentRunner.java:300)
	at org.junit.runners.Suite.runChild(Suite.java:128)
	at org.junit.runners.Suite.runChild(Suite.java:24)
	at org.junit.runners.ParentRunner$3.run(ParentRunner.java:231)
	at org.junit.runners.ParentRunner$1.schedule(ParentRunner.java:60)
	at org.junit.runners.ParentRunner.runChildren(ParentRunner.java:229)
	at org.junit.runners.ParentRunner.access$000(ParentRunner.java:50)
	at org.junit.runners.ParentRunner$2.evaluate(ParentRunner.java:222)
	at org.junit.runners.ParentRunner.run(ParentRunner.java:300)
	at org.junit.runner.JUnitCore.run(JUnitCore.java:157)
	at org.junit.runner.JUnitCore.run(JUnitCore.java:136)
	at org.apache.maven.surefire.junitcore.JUnitCoreWrapper.createRequestAndRun(JUnitCoreWrapper.java:113)
	at org.apache.maven.surefire.junitcore.JUnitCoreWrapper.executeEager(JUnitCoreWrapper.java:85)
	at org.apache.maven.surefire.junitcore.JUnitCoreWrapper.execute(JUnitCoreWrapper.java:54)
	at org.apache.maven.surefire.junitcore.JUnitCoreProvider.invoke(JUnitCoreProvider.java:134)
	at org.apache.maven.surefire.booter.ForkedBooter.invokeProviderInSameClassLoader(ForkedBooter.java:200)
	at org.apache.maven.surefire.booter.ForkedBooter.runSuitesInProcess(ForkedBooter.java:153)
	at org.apache.maven.surefire.booter.ForkedBooter.main(ForkedBooter.java:103)
Tests run: 3, Failures: 0, Errors: 2, Skipped: 0, Time elapsed: 1.486 sec <<< FAILURE! - in com.alicloud.openservices.tablestore.timeline2.functionTest.TestTimeline
com.alicloud.openservices.tablestore.timeline2.functionTest.TestTimeline  Time elapsed: 1.481 sec  <<< ERROR!
java.io.FileNotFoundException: /home/ch61/timelineConf.json (No such file or directory)
	at java.io.FileInputStream.open0(Native Method)
	at java.io.FileInputStream.open(FileInputStream.java:195)
	at java.io.FileInputStream.<init>(FileInputStream.java:138)
	at java.io.FileInputStream.<init>(FileInputStream.java:93)
	at java.io.FileReader.<init>(FileReader.java:58)
	at com.alicloud.openservices.tablestore.timeline2.common.Conf.newInstance(Conf.java:18)
	at com.alicloud.openservices.tablestore.timeline2.common.ServiceWrapper.init(ServiceWrapper.java:33)
	at com.alicloud.openservices.tablestore.timeline2.common.ServiceWrapper.<init>(ServiceWrapper.java:25)
	at com.alicloud.openservices.tablestore.timeline2.common.ServiceWrapper.newInstance(ServiceWrapper.java:29)
	at com.alicloud.openservices.tablestore.timeline2.functionTest.TestTimeline.setUp(TestTimeline.java:29)

com.alicloud.openservices.tablestore.timeline2.functionTest.TestTimeline  Time elapsed: 1.481 sec  <<< ERROR!
java.lang.NullPointerException: null
	at com.alicloud.openservices.tablestore.timeline2.functionTest.TestTimeline.after(TestTimeline.java:54)

Running com.alicloud.openservices.tablestore.timeline2.functionTest.TestSearchQuery
Tests run: 15, Failures: 0, Errors: 15, Skipped: 0, Time elapsed: 0.001 sec <<< FAILURE! - in com.alicloud.openservices.tablestore.timeline2.functionTest.TestSearchQuery
testMatchSearchMeta(com.alicloud.openservices.tablestore.timeline2.functionTest.TestSearchQuery)  Time elapsed: 0 sec  <<< ERROR!
java.lang.NullPointerException: null
	at com.alicloud.openservices.tablestore.timeline2.functionTest.TestSearchQuery.testMatchSearchMeta(TestSearchQuery.java:87)

testAndSearchTimeline(com.alicloud.openservices.tablestore.timeline2.functionTest.TestSearchQuery)  Time elapsed: 0 sec  <<< ERROR!
java.lang.NullPointerException: null
	at com.alicloud.openservices.tablestore.timeline2.functionTest.TestSearchQuery.testAndSearchTimeline(TestSearchQuery.java:334)

testTermSearchMeta(com.alicloud.openservices.tablestore.timeline2.functionTest.TestSearchQuery)  Time elapsed: 0 sec  <<< ERROR!
java.lang.NullPointerException: null
	at com.alicloud.openservices.tablestore.timeline2.functionTest.TestSearchQuery.testTermSearchMeta(TestSearchQuery.java:150)

testNotSearchMeta(com.alicloud.openservices.tablestore.timeline2.functionTest.TestSearchQuery)  Time elapsed: 0 sec  <<< ERROR!
java.lang.NullPointerException: null
	at com.alicloud.openservices.tablestore.timeline2.functionTest.TestSearchQuery.testNotSearchMeta(TestSearchQuery.java:299)

testOrSearchTimeline(com.alicloud.openservices.tablestore.timeline2.functionTest.TestSearchQuery)  Time elapsed: 0 sec  <<< ERROR!
java.lang.NullPointerException: null
	at com.alicloud.openservices.tablestore.timeline2.functionTest.TestSearchQuery.testOrSearchTimeline(TestSearchQuery.java:368)

testAndSearchMeta(com.alicloud.openservices.tablestore.timeline2.functionTest.TestSearchQuery)  Time elapsed: 0 sec  <<< ERROR!
java.lang.NullPointerException: null
	at com.alicloud.openservices.tablestore.timeline2.functionTest.TestSearchQuery.testAndSearchMeta(TestSearchQuery.java:234)

testOrSearchMeta(com.alicloud.openservices.tablestore.timeline2.functionTest.TestSearchQuery)  Time elapsed: 0 sec  <<< ERROR!
java.lang.NullPointerException: null
	at com.alicloud.openservices.tablestore.timeline2.functionTest.TestSearchQuery.testOrSearchMeta(TestSearchQuery.java:268)

testRangeSearchMeta(com.alicloud.openservices.tablestore.timeline2.functionTest.TestSearchQuery)  Time elapsed: 0 sec  <<< ERROR!
java.lang.NullPointerException: null
	at com.alicloud.openservices.tablestore.timeline2.functionTest.TestSearchQuery.testRangeSearchMeta(TestSearchQuery.java:120)

testNotSearchTimeline(com.alicloud.openservices.tablestore.timeline2.functionTest.TestSearchQuery)  Time elapsed: 0 sec  <<< ERROR!
java.lang.NullPointerException: null
	at com.alicloud.openservices.tablestore.timeline2.functionTest.TestSearchQuery.testNotSearchTimeline(TestSearchQuery.java:398)

testTermsSearchMeta(com.alicloud.openservices.tablestore.timeline2.functionTest.TestSearchQuery)  Time elapsed: 0 sec  <<< ERROR!
java.lang.NullPointerException: null
	at com.alicloud.openservices.tablestore.timeline2.functionTest.TestSearchQuery.testTermsSearchMeta(TestSearchQuery.java:165)

testWildcardSearchMeta(com.alicloud.openservices.tablestore.timeline2.functionTest.TestSearchQuery)  Time elapsed: 0 sec  <<< ERROR!
java.lang.NullPointerException: null
	at com.alicloud.openservices.tablestore.timeline2.functionTest.TestSearchQuery.testWildcardSearchMeta(TestSearchQuery.java:180)

testPrefixSearchMeta(com.alicloud.openservices.tablestore.timeline2.functionTest.TestSearchQuery)  Time elapsed: 0 sec  <<< ERROR!
java.lang.NullPointerException: null
	at com.alicloud.openservices.tablestore.timeline2.functionTest.TestSearchQuery.testPrefixSearchMeta(TestSearchQuery.java:195)

testBooleanSearchMeta(com.alicloud.openservices.tablestore.timeline2.functionTest.TestSearchQuery)  Time elapsed: 0 sec  <<< ERROR!
java.lang.NullPointerException: null
	at com.alicloud.openservices.tablestore.timeline2.functionTest.TestSearchQuery.testBooleanSearchMeta(TestSearchQuery.java:135)

testMatchPhraseSearchMeta(com.alicloud.openservices.tablestore.timeline2.functionTest.TestSearchQuery)  Time elapsed: 0 sec  <<< ERROR!
java.lang.NullPointerException: null
	at com.alicloud.openservices.tablestore.timeline2.functionTest.TestSearchQuery.testMatchPhraseSearchMeta(TestSearchQuery.java:104)

com.alicloud.openservices.tablestore.timeline2.functionTest.TestSearchQuery  Time elapsed: 0 sec  <<< ERROR!
java.lang.NullPointerException: null
	at com.alicloud.openservices.tablestore.timeline2.functionTest.TestSearchQuery.after(TestSearchQuery.java:68)

Running com.alicloud.openservices.tablestore.timeline2.model.TestTimelineMetaSchema
Tests run: 1, Failures: 0, Errors: 0, Skipped: 0, Time elapsed: 0 sec - in com.alicloud.openservices.tablestore.timeline2.model.TestTimelineMetaSchema
Running com.alicloud.openservices.tablestore.timeline2.model.TestTimelineMeta
Tests run: 2, Failures: 0, Errors: 0, Skipped: 0, Time elapsed: 0.039 sec - in com.alicloud.openservices.tablestore.timeline2.model.TestTimelineMeta
Running com.alicloud.openservices.tablestore.timeline2.model.TestTimelineIdentifier
Tests run: 1, Failures: 0, Errors: 0, Skipped: 0, Time elapsed: 0.001 sec - in com.alicloud.openservices.tablestore.timeline2.model.TestTimelineIdentifier
Running com.alicloud.openservices.tablestore.timeline2.model.TestTimelineSchema
Tests run: 1, Failures: 0, Errors: 0, Skipped: 0, Time elapsed: 0.002 sec - in com.alicloud.openservices.tablestore.timeline2.model.TestTimelineSchema
Running com.alicloud.openservices.tablestore.timeline2.model.TestTimelineMessage
Tests run: 2, Failures: 0, Errors: 0, Skipped: 0, Time elapsed: 0.004 sec - in com.alicloud.openservices.tablestore.timeline2.model.TestTimelineMessage
Running com.alicloud.openservices.tablestore.timeline2.model.TestTimelineEntry
Tests run: 1, Failures: 0, Errors: 0, Skipped: 0, Time elapsed: 0.001 sec - in com.alicloud.openservices.tablestore.timeline2.model.TestTimelineEntry
Running com.alicloud.openservices.tablestore.timeline2.model.TestIdentifierSchema
Tests run: 1, Failures: 0, Errors: 0, Skipped: 0, Time elapsed: 0.001 sec - in com.alicloud.openservices.tablestore.timeline2.model.TestIdentifierSchema
Running com.alicloud.openservices.tablestore.timeline2.utils.TestUtils
Tests run: 10, Failures: 0, Errors: 0, Skipped: 0, Time elapsed: 0.009 sec - in com.alicloud.openservices.tablestore.timeline2.utils.TestUtils
Running com.alicloud.openservices.tablestore.timeline2.utils.TestTimelineException
Tests run: 1, Failures: 0, Errors: 0, Skipped: 0, Time elapsed: 0.001 sec - in com.alicloud.openservices.tablestore.timeline2.utils.TestTimelineException
Running com.alicloud.openservices.tablestore.timeline2.utils.TestPreconditions
Tests run: 4, Failures: 0, Errors: 0, Skipped: 0, Time elapsed: 0.004 sec - in com.alicloud.openservices.tablestore.timeline2.utils.TestPreconditions
Running com.alicloud.openservices.tablestore.timeline2.query.TestField
Tests run: 11, Failures: 0, Errors: 0, Skipped: 0, Time elapsed: 0 sec - in com.alicloud.openservices.tablestore.timeline2.query.TestField
Running com.alicloud.openservices.tablestore.timeline2.query.TestFieldCondition
Tests run: 1, Failures: 0, Errors: 0, Skipped: 0, Time elapsed: 0 sec - in com.alicloud.openservices.tablestore.timeline2.query.TestFieldCondition
Running com.alicloud.openservices.tablestore.timeline2.query.TestScanParameter
Tests run: 2, Failures: 0, Errors: 0, Skipped: 0, Time elapsed: 0.006 sec - in com.alicloud.openservices.tablestore.timeline2.query.TestScanParameter

Results :

Tests in error: 
  TestTimelineV1.setUp:58->initTimelineV1:325 » InvalidCredentials Access key id...
  TestTimelineV1.after:67 NullPointer
  TestDropTable.setUp:29 » FileNotFound /home/ch61/timelineConf.json (No such fi...
  TestExceptionOfService.setUp:40 » FileNotFound /home/ch61/timelineConf.json (N...
  TestSearchParameter.testTermsSearchMeta:139 NullPointer
  TestSearchParameter.testMatchPhraseSearchMeta:95 NullPointer
  TestSearchParameter.testRangeSearchMeta:106 NullPointer
  TestSearchParameter.testAndSearchTimeline:228 NullPointer
  TestSearchParameter.testOrSearchTimeline:245 NullPointer
  TestSearchParameter.testWildcardSearchMeta:150 NullPointer
  TestSearchParameter.testTermSearchMeta:128 NullPointer
  TestSearchParameter.testOrSearchMeta:196 NullPointer
  TestSearchParameter.testMatchSearchMeta:84 NullPointer
  TestSearchParameter.testBooleanSearchMeta:117 NullPointer
  TestSearchParameter.testPrefixSearchMeta:161 NullPointer
  TestSearchParameter.testAndSearchMeta:178 NullPointer
  TestSearchParameter.testNotSearchMeta:211 NullPointer
  TestSearchParameter.testNotSearchTimeline:262 NullPointer
  TestSearchParameter.after:70 NullPointer
  TestMetaService.setUp:31 » FileNotFound /home/ch61/timelineConf.json (No such ...
  TestMetaService.after:37 NullPointer
  TestServiceClose.setUp:23 » FileNotFound /home/ch61/timelineConf.json (No such...
  TestServiceClose.after:51 NullPointer
  TestServiceFactory.setUp:24 » FileNotFound /home/ch61/timelineConf.json (No su...
  TestServiceFactory.after:33 NullPointer
  TestExceptionDropTables.setUp:26 » FileNotFound /home/ch61/timelineConf.json (...
  TestTimelineService.setUp:31 » FileNotFound /home/ch61/timelineConf.json (No s...
  TestTimelineService.after:65 NullPointer
  TestTimeline.setUp:29 » FileNotFound /home/ch61/timelineConf.json (No such fil...
  TestTimeline.after:54 NullPointer
  TestSearchQuery.testMatchSearchMeta:87 NullPointer
  TestSearchQuery.testAndSearchTimeline:334 NullPointer
  TestSearchQuery.testTermSearchMeta:150 NullPointer
  TestSearchQuery.testNotSearchMeta:299 NullPointer
  TestSearchQuery.testOrSearchTimeline:368 NullPointer
  TestSearchQuery.testAndSearchMeta:234 NullPointer
  TestSearchQuery.testOrSearchMeta:268 NullPointer
  TestSearchQuery.testRangeSearchMeta:120 NullPointer
  TestSearchQuery.testNotSearchTimeline:398 NullPointer
  TestSearchQuery.testTermsSearchMeta:165 NullPointer
  TestSearchQuery.testWildcardSearchMeta:180 NullPointer
  TestSearchQuery.testPrefixSearchMeta:195 NullPointer
  TestSearchQuery.testBooleanSearchMeta:135 NullPointer
  TestSearchQuery.testMatchPhraseSearchMeta:104 NullPointer
  TestSearchQuery.after:68 NullPointer

Tests run: 84, Failures: 0, Errors: 45, Skipped: 0

INFO: Surefire failed when running tests for JqggoleEi+ZH+s7CMJh4quogsNyBJgNeK7jBquVzJg=
[[1;34mINFO[m] NonDex SUMMARY:
[[1;34mINFO[m] *********
[[1;34mINFO[m] mvn nondex:nondex  -DnondexFilter='.*' -DnondexMode=FULL -DnondexSeed=933178 -DnondexStart=0 -DnondexEnd=9223372036854775807 -DnondexPrintstack=false -DnondexDir="/home/ch61/tablestore-timeline/.nondex" -DnondexJarDir="/home/ch61/tablestore-timeline/.nondex" -DnondexExecid=cjYTXVXdPTmtvC9I3uCXm4OZY1mnRluFjWX3bjl8o+c= -DnondexLogging=CONFIG
[[1;34mINFO[m] No Test Failed with this configuration.
[[1;34mINFO[m] *********
[[1;34mINFO[m] *********
[[1;34mINFO[m] mvn nondex:nondex  -DnondexFilter='.*' -DnondexMode=FULL -DnondexSeed=974622 -DnondexStart=0 -DnondexEnd=9223372036854775807 -DnondexPrintstack=false -DnondexDir="/home/ch61/tablestore-timeline/.nondex" -DnondexJarDir="/home/ch61/tablestore-timeline/.nondex" -DnondexExecid=9eeHsZ2qqeqM5G8ChtqugVxJQiA2dsgsAX1COgHSA= -DnondexLogging=CONFIG
[[1;34mINFO[m] No Test Failed with this configuration.
[[1;34mINFO[m] *********
[[1;34mINFO[m] *********
[[1;34mINFO[m] mvn nondex:nondex  -DnondexFilter='.*' -DnondexMode=FULL -DnondexSeed=1016066 -DnondexStart=0 -DnondexEnd=9223372036854775807 -DnondexPrintstack=false -DnondexDir="/home/ch61/tablestore-timeline/.nondex" -DnondexJarDir="/home/ch61/tablestore-timeline/.nondex" -DnondexExecid=JqggoleEi+ZH+s7CMJh4quogsNyBJgNeK7jBquVzJg= -DnondexLogging=CONFIG
[[1;34mINFO[m] No Test Failed with this configuration.
[[1;34mINFO[m] *********
[[1;34mINFO[m] Tests are failing without NonDex.
[[1;34mINFO[m] *********
[[1;34mINFO[m] mvn nondex:nondex  -DnondexFilter='.*' -DnondexMode=FULL -DnondexSeed=933178 -DnondexStart=0 -DnondexEnd=9223372036854775807 -DnondexPrintstack=false -DnondexDir="/home/ch61/tablestore-timeline/.nondex" -DnondexJarDir=".nondex" -DnondexExecid=clean_VEkURTwX14dL9p1i309BAydXzfu1rcsUWDwqfa+X4R8= -DnondexLogging=CONFIG
[[1;33mWARNING[m] com.alicloud.openservices.tablestore.timeline2.functionTest.TestSearchParameter#testMatchSearchMeta
[[1;33mWARNING[m] com.alicloud.openservices.tablestore.timeline2.functionTest.TestSearchParameter#testOrSearchMeta
[[1;33mWARNING[m] com.alicloud.openservices.tablestore.timeline2.functionTest.TestSearchParameter#testMatchPhraseSearchMeta
[[1;33mWARNING[m] com.alicloud.openservices.tablestore.timeline2.functionTest.TestSearchParameter#testRangeSearchMeta
[[1;33mWARNING[m] com.alicloud.openservices.tablestore.timeline2.functionTest.TestSearchParameter#testBooleanSearchMeta
[[1;33mWARNING[m] com.alicloud.openservices.tablestore.timeline2.functionTest.TestSearchParameter#testTermSearchMeta
[[1;33mWARNING[m] com.alicloud.openservices.tablestore.timeline2.functionTest.TestSearchParameter#testTermsSearchMeta
[[1;33mWARNING[m] com.alicloud.openservices.tablestore.timeline2.functionTest.TestSearchParameter#testWildcardSearchMeta
[[1;33mWARNING[m] com.alicloud.openservices.tablestore.timeline2.functionTest.TestSearchParameter#testPrefixSearchMeta
[[1;33mWARNING[m] com.alicloud.openservices.tablestore.timeline2.functionTest.TestSearchParameter#testAndSearchMeta
[[1;33mWARNING[m] com.alicloud.openservices.tablestore.timeline2.functionTest.TestSearchParameter#testNotSearchMeta
[[1;33mWARNING[m] com.alicloud.openservices.tablestore.timeline2.functionTest.TestSearchParameter#testAndSearchTimeline
[[1;33mWARNING[m] com.alicloud.openservices.tablestore.timeline2.functionTest.TestSearchParameter#testOrSearchTimeline
[[1;33mWARNING[m] com.alicloud.openservices.tablestore.timeline2.functionTest.TestSearchParameter#testNotSearchTimeline
[[1;33mWARNING[m] com.alicloud.openservices.tablestore.timeline2.functionTest.TestSearchParameter#com.alicloud.openservices.tablestore.timeline2.functionTest.TestSearchParameter
[[1;33mWARNING[m] com.alicloud.openservices.tablestore.timeline2.functionTest.TestTimelineV1#com.alicloud.openservices.tablestore.timeline2.functionTest.TestTimelineV1
[[1;33mWARNING[m] com.alicloud.openservices.tablestore.timeline2.functionTest.TestSearchQuery#testMatchSearchMeta
[[1;33mWARNING[m] com.alicloud.openservices.tablestore.timeline2.functionTest.TestSearchQuery#testOrSearchMeta
[[1;33mWARNING[m] com.alicloud.openservices.tablestore.timeline2.functionTest.TestSearchQuery#testMatchPhraseSearchMeta
[[1;33mWARNING[m] com.alicloud.openservices.tablestore.timeline2.functionTest.TestSearchQuery#testRangeSearchMeta
[[1;33mWARNING[m] com.alicloud.openservices.tablestore.timeline2.functionTest.TestSearchQuery#testBooleanSearchMeta
[[1;33mWARNING[m] com.alicloud.openservices.tablestore.timeline2.functionTest.TestSearchQuery#testTermSearchMeta
[[1;33mWARNING[m] com.alicloud.openservices.tablestore.timeline2.functionTest.TestSearchQuery#testTermsSearchMeta
[[1;33mWARNING[m] com.alicloud.openservices.tablestore.timeline2.functionTest.TestSearchQuery#testWildcardSearchMeta
[[1;33mWARNING[m] com.alicloud.openservices.tablestore.timeline2.functionTest.TestSearchQuery#testPrefixSearchMeta
[[1;33mWARNING[m] com.alicloud.openservices.tablestore.timeline2.functionTest.TestSearchQuery#testAndSearchMeta
[[1;33mWARNING[m] com.alicloud.openservices.tablestore.timeline2.functionTest.TestSearchQuery#testNotSearchMeta
[[1;33mWARNING[m] com.alicloud.openservices.tablestore.timeline2.functionTest.TestSearchQuery#testAndSearchTimeline
[[1;33mWARNING[m] com.alicloud.openservices.tablestore.timeline2.functionTest.TestSearchQuery#testOrSearchTimeline
[[1;33mWARNING[m] com.alicloud.openservices.tablestore.timeline2.functionTest.TestSearchQuery#testNotSearchTimeline
[[1;33mWARNING[m] com.alicloud.openservices.tablestore.timeline2.functionTest.TestSearchQuery#com.alicloud.openservices.tablestore.timeline2.functionTest.TestSearchQuery
[[1;33mWARNING[m] com.alicloud.openservices.tablestore.timeline2.functionTest.TestExceptionOfService#com.alicloud.openservices.tablestore.timeline2.functionTest.TestExceptionOfService
[[1;33mWARNING[m] com.alicloud.openservices.tablestore.timeline2.functionTest.TestMetaService#com.alicloud.openservices.tablestore.timeline2.functionTest.TestMetaService
[[1;33mWARNING[m] com.alicloud.openservices.tablestore.timeline2.functionTest.TestTimeline#com.alicloud.openservices.tablestore.timeline2.functionTest.TestTimeline
[[1;33mWARNING[m] com.alicloud.openservices.tablestore.timeline2.functionTest.TestDropTable#com.alicloud.openservices.tablestore.timeline2.functionTest.TestDropTable
[[1;33mWARNING[m] com.alicloud.openservices.tablestore.timeline2.functionTest.TestTimelineService#com.alicloud.openservices.tablestore.timeline2.functionTest.TestTimelineService
[[1;33mWARNING[m] com.alicloud.openservices.tablestore.timeline2.functionTest.TestServiceFactory#com.alicloud.openservices.tablestore.timeline2.functionTest.TestServiceFactory
[[1;33mWARNING[m] com.alicloud.openservices.tablestore.timeline2.functionTest.TestServiceClose#com.alicloud.openservices.tablestore.timeline2.functionTest.TestServiceClose
[[1;33mWARNING[m] com.alicloud.openservices.tablestore.timeline2.functionTest.TestExceptionDropTables#com.alicloud.openservices.tablestore.timeline2.functionTest.TestExceptionDropTables
[[1;34mINFO[m] *********
[[1;34mINFO[m] Across all seeds:
[[1;34mINFO[m] Test results can be found at: 
[[1;34mINFO[m] file:///home/ch61/tablestore-timeline/.nondex/cjYTXVXdPTmtvC9I3uCXm4OZY1mnRluFjWX3bjl8o+c=/test_results.html
[[1;34mINFO[m] [NonDex] The id of this run is: cjYTXVXdPTmtvC9I3uCXm4OZY1mnRluFjWX3bjl8o+c=
[[1;34mINFO[m] [1m------------------------------------------------------------------------[m
[[1;34mINFO[m] [1;31mBUILD FAILURE[m
[[1;34mINFO[m] [1m------------------------------------------------------------------------[m
[[1;34mINFO[m] Total time:  12.870 s
[[1;34mINFO[m] Finished at: 2021-11-18T13:02:14-06:00
[[1;34mINFO[m] [1m------------------------------------------------------------------------[m
[[1;31mERROR[m] Failed to execute goal [32medu.illinois:nondex-maven-plugin:1.1.2:nondex[m [1m(default-cli)[m on project [36mTimeline[m: [1;31mUnable to execute mojo[m: There are test failures.
[[1;31mERROR[m] 
[[1;31mERROR[m] Please refer to /home/ch61/tablestore-timeline/.nondex/cjYTXVXdPTmtvC9I3uCXm4OZY1mnRluFjWX3bjl8o+c= for the individual test results.
[[1;31mERROR[m] -> [1m[Help 1][m
[[1;31mERROR[m] 
[[1;31mERROR[m] To see the full stack trace of the errors, re-run Maven with the [1m-e[m switch.
[[1;31mERROR[m] Re-run Maven using the [1m-X[m switch to enable full debug logging.
[[1;31mERROR[m] 
[[1;31mERROR[m] For more information about the errors and possible solutions, please read the following articles:
[[1;31mERROR[m] [1m[Help 1][m http://cwiki.apache.org/confluence/display/MAVEN/MojoExecutionException
